{
  "scenario_id": "PT-2026-004",
  "validation_run_id": "VAL-2026-004",
  "technique_id": "T1053.005",
  "original": {
    "start_time_utc": "2026-07-18T15:27:41.462415Z",
    "end_time_utc": "2026-07-18T15:27:52.874011Z",
    "exec_output": "{\n   \"exitcode\" : 0,\n   \"exited\" : 1,\n   \"out-data\" : \"SUCCESS: The scheduled task \\\"PT-2026-004-Original\\\" has successfully been created.\\r\\nSUCCESS: Attempted to run the scheduled task \\\"PT-2026-004-Original\\\".\\r\\n\\r\\n\\r\\nFullName      : C:\\\\Windows\\\\Temp\\\\pt-2026-004-original.txt\\r\\nLength        : 22\\r\\nLastWriteTime : 7/18/2026 8:27:50 AM\\r\\n\\r\\n\\r\\n\\r\\n\"\n}\n",
    "detection_results": [
      {
        "_time": "2026-07-18 15:27:48.000 UTC",
        "host": "VICTIM-MAYURI",
        "source": "WinEventLog:Microsoft-Windows-Sysmon/Operational",
        "sourcetype": "XmlWinEventLog:Microsoft-Windows-Sysmon/Operational",
        "_raw": "<Event xmlns='http://schemas.microsoft.com/win/2004/08/events/event'><System><Provider Name='Microsoft-Windows-Sysmon' Guid='{5770385f-c22a-43e0-bf4c-06f5698ffbd9}'/><EventID>1</EventID><Version>5</Version><Level>4</Level><Task>1</Task><Opcode>0</Opcode><Keywords>0x8000000000000000</Keywords><TimeCreated SystemTime='2026-07-18T15:27:48.6395166Z'/><EventRecordID>43423</EventRecordID><Correlation/><Execution ProcessID='3504' ThreadID='4132'/><Channel>Microsoft-Windows-Sysmon/Operational</Channel><Computer>VICTIM-MAYURI.mayuri.lab</Computer><Security UserID='S-1-5-18'/></System><EventData><Data Name='RuleName'>technique_id=T1083,technique_name=File and Directory Discovery</Data><Data Name='UtcTime'>2026-07-18 15:27:48.628</Data><Data Name='ProcessGuid'>{1d66a19f-9b74-6a5b-4f0f-000000000d00}</Data><Data Name='ProcessId'>2108</Data><Data Name='Image'>C:\\Windows\\System32\\WindowsPowerShell\\v1.0\\powershell.exe</Data><Data Name='FileVersion'>10.0.26100.8875 (WinBuild.160101.0800)</Data><Data Name='Description'>Windows PowerShell</Data><Data Name='Product'>Microsoft\u00c3\u0082\u00c2\u00ae Windows\u00c3\u0082\u00c2\u00ae Operating System</Data><Data Name='Company'>Microsoft Corporation</Data><Data Name='OriginalFileName'>PowerShell.EXE</Data><Data Name='CommandLine'>powershell.exe -NoProfile -ExecutionPolicy Bypass -Command \"$ErrorActionPreference = 'Stop'\n$task = 'PT-2026-004-Original'\n$marker = 'C:\\Windows\\Temp\\pt-2026-004-original.txt'\nif (Get-ScheduledTask -TaskName $task -ErrorAction SilentlyContinue) {\n  Unregister-ScheduledTask -TaskName $task -Confirm:$false\n}\nif (Test-Path $marker) { Remove-Item $marker -Force }\n$start = (Get-Date).AddMinutes(5).ToString('HH:mm')\nschtasks.exe /Create /SC ONCE /TN $task /TR 'cmd.exe /c echo PT-2026-004-ORIGINAL&gt; C:\\Windows\\Temp\\pt-2026-004-original.txt' /ST $start /RU SYSTEM /F | Out-Host\nschtasks.exe /Run /TN $task | Out-Host\nStart-Sleep -Seconds 8\nGet-Item $marker | Select-Object FullName,Length,LastWriteTime | Format-List\n\"</Data><Data Name='CurrentDirectory'>C:\\WINDOWS\\system32\\</Data><Data Name='User'>NT AUTHORITY\\SYSTEM</Data><Data Name='LogonGuid'>{1d66a19f-3ee6-6a5a-e703-000000000000}</Data><Data Name='LogonId'>0x3e7</Data><Data Name='TerminalSessionId'>0</Data><Data Name='IntegrityLevel'>System</Data><Data Name='Hashes'>SHA1=613000DC53E7EF0B048021F68DD06C101994DA29,MD5=E65ECCA3754249C00F50A035202F7591,SHA256=7600FFE12DA441FE89D035B13801E8E91D064BC544A27B19A5CF49F6AB8B18F5,IMPHASH=AFACF6DC9041114B198160AAB4D0AE77</Data><Data Name='ParentProcessGuid'>{1d66a19f-9b74-6a5b-4d0f-000000000d00}</Data><Data Name='ParentProcessId'>4044</Data><Data Name='ParentImage'>C:\\Program Files\\Qemu-ga\\gspawn-win64-helper.exe</Data><Data Name='ParentCommandLine'>\"C:\\Program Files\\Qemu-ga\\gspawn-win64-helper.exe\" 8 9 z 4 6 - y y - - powershell.exe -NoProfile -ExecutionPolicy Bypass -Command \"$ErrorActionPreference = 'Stop'\n$task = 'PT-2026-004-Original'\n$marker = 'C:\\Windows\\Temp\\pt-2026-004-original.txt'\nif (Get-ScheduledTask -TaskName $task -ErrorAction SilentlyContinue) {\n  Unregister-ScheduledTask -TaskName $task -Confirm:$false\n}\nif (Test-Path $marker) { Remove-Item $marker -Force }\n$start = (Get-Date).AddMinutes(5).ToString('HH:mm')\nschtasks.exe /Create /SC ONCE /TN $task /TR 'cmd.exe /c echo PT-2026-004-ORIGINAL&gt; C:\\Windows\\Temp\\pt-2026-004-original.txt' /ST $start /RU SYSTEM /F | Out-Host\nschtasks.exe /Run /TN $task | Out-Host\nStart-Sleep -Seconds 8\nGet-Item $marker | Select-Object FullName,Length,LastWriteTime | Format-List\n\"</Data><Data Name='ParentUser'>NT AUTHORITY\\SYSTEM</Data></EventData></Event>"
      },
      {
        "_time": "2026-07-18 15:27:48.000 UTC",
        "host": "VICTIM-MAYURI",
        "source": "WinEventLog:Microsoft-Windows-Sysmon/Operational",
        "sourcetype": "XmlWinEventLog:Microsoft-Windows-Sysmon/Operational",
        "_raw": "<Event xmlns='http://schemas.microsoft.com/win/2004/08/events/event'><System><Provider Name='Microsoft-Windows-Sysmon' Guid='{5770385f-c22a-43e0-bf4c-06f5698ffbd9}'/><EventID>1</EventID><Version>5</Version><Level>4</Level><Task>1</Task><Opcode>0</Opcode><Keywords>0x8000000000000000</Keywords><TimeCreated SystemTime='2026-07-18T15:27:48.5821386Z'/><EventRecordID>43421</EventRecordID><Correlation/><Execution ProcessID='3504' ThreadID='4132'/><Channel>Microsoft-Windows-Sysmon/Operational</Channel><Computer>VICTIM-MAYURI.mayuri.lab</Computer><Security UserID='S-1-5-18'/></System><EventData><Data Name='RuleName'>technique_id=T1083,technique_name=File and Directory Discovery</Data><Data Name='UtcTime'>2026-07-18 15:27:48.578</Data><Data Name='ProcessGuid'>{1d66a19f-9b74-6a5b-4d0f-000000000d00}</Data><Data Name='ProcessId'>4044</Data><Data Name='Image'>C:\\Program Files\\Qemu-ga\\gspawn-win64-helper.exe</Data><Data Name='FileVersion'>-</Data><Data Name='Description'>-</Data><Data Name='Product'>-</Data><Data Name='Company'>-</Data><Data Name='OriginalFileName'>-</Data><Data Name='CommandLine'>\"C:\\Program Files\\Qemu-ga\\gspawn-win64-helper.exe\" 8 9 z 4 6 - y y - - powershell.exe -NoProfile -ExecutionPolicy Bypass -Command \"$ErrorActionPreference = 'Stop'\n$task = 'PT-2026-004-Original'\n$marker = 'C:\\Windows\\Temp\\pt-2026-004-original.txt'\nif (Get-ScheduledTask -TaskName $task -ErrorAction SilentlyContinue) {\n  Unregister-ScheduledTask -TaskName $task -Confirm:$false\n}\nif (Test-Path $marker) { Remove-Item $marker -Force }\n$start = (Get-Date).AddMinutes(5).ToString('HH:mm')\nschtasks.exe /Create /SC ONCE /TN $task /TR 'cmd.exe /c echo PT-2026-004-ORIGINAL&gt; C:\\Windows\\Temp\\pt-2026-004-original.txt' /ST $start /RU SYSTEM /F | Out-Host\nschtasks.exe /Run /TN $task | Out-Host\nStart-Sleep -Seconds 8\nGet-Item $marker | Select-Object FullName,Length,LastWriteTime | Format-List\n\"</Data><Data Name='CurrentDirectory'>C:\\WINDOWS\\system32\\</Data><Data Name='User'>NT AUTHORITY\\SYSTEM</Data><Data Name='LogonGuid'>{1d66a19f-3ee6-6a5a-e703-000000000000}</Data><Data Name='LogonId'>0x3e7</Data><Data Name='TerminalSessionId'>0</Data><Data Name='IntegrityLevel'>System</Data><Data Name='Hashes'>SHA1=DD851003B4C1EFEE876DF77DA621F182F15BFDE9,MD5=F8612558E10260CD793256F80715A7D7,SHA256=4BFE48E0E7E33C48AAE24CEEF8DD34C8BE745D9403BF7B91E8F3862E710C4A7C,IMPHASH=9B364C5F1DC956260B17A16E05A4C2F7</Data><Data Name='ParentProcessGuid'>{1d66a19f-3eea-6a5a-4400-000000000d00}</Data><Data Name='ParentProcessId'>3376</Data><Data Name='ParentImage'>C:\\Program Files\\Qemu-ga\\qemu-ga.exe</Data><Data Name='ParentCommandLine'>\"C:\\Program Files\\Qemu-ga\\qemu-ga.exe\" -d --retry-path</Data><Data Name='ParentUser'>NT AUTHORITY\\SYSTEM</Data></EventData></Event>"
      },
      {
        "_time": "2026-07-18 15:27:50.000 UTC",
        "host": "VICTIM-MAYURI",
        "source": "WinEventLog:Microsoft-Windows-Sysmon/Operational",
        "sourcetype": "XmlWinEventLog:Microsoft-Windows-Sysmon/Operational",
        "_raw": "<Event xmlns='http://schemas.microsoft.com/win/2004/08/events/event'><System><Provider Name='Microsoft-Windows-Sysmon' Guid='{5770385f-c22a-43e0-bf4c-06f5698ffbd9}'/><EventID>1</EventID><Version>5</Version><Level>4</Level><Task>1</Task><Opcode>0</Opcode><Keywords>0x8000000000000000</Keywords><TimeCreated SystemTime='2026-07-18T15:27:50.0085710Z'/><EventRecordID>43443</EventRecordID><Correlation/><Execution ProcessID='3504' ThreadID='4132'/><Channel>Microsoft-Windows-Sysmon/Operational</Channel><Computer>VICTIM-MAYURI.mayuri.lab</Computer><Security UserID='S-1-5-18'/></System><EventData><Data Name='RuleName'>technique_id=T1053.005,technique_name=Scheduled Task/Job</Data><Data Name='UtcTime'>2026-07-18 15:27:50.002</Data><Data Name='ProcessGuid'>{1d66a19f-9b76-6a5b-510f-000000000d00}</Data><Data Name='ProcessId'>5436</Data><Data Name='Image'>C:\\Windows\\System32\\schtasks.exe</Data><Data Name='FileVersion'>10.0.26100.6725 (WinBuild.160101.0800)</Data><Data Name='Description'>Task Scheduler Configuration Tool</Data><Data Name='Product'>Microsoft\u00c3\u0082\u00c2\u00ae Windows\u00c3\u0082\u00c2\u00ae Operating System</Data><Data Name='Company'>Microsoft Corporation</Data><Data Name='OriginalFileName'>schtasks.exe</Data><Data Name='CommandLine'>\"C:\\WINDOWS\\system32\\schtasks.exe\" /Run /TN PT-2026-004-Original</Data><Data Name='CurrentDirectory'>C:\\WINDOWS\\system32\\</Data><Data Name='User'>NT AUTHORITY\\SYSTEM</Data><Data Name='LogonGuid'>{1d66a19f-3ee6-6a5a-e703-000000000000}</Data><Data Name='LogonId'>0x3e7</Data><Data Name='TerminalSessionId'>0</Data><Data Name='IntegrityLevel'>System</Data><Data Name='Hashes'>SHA1=DEE1B9222DA8463EA02CFD76EFD4371FEA3F88E3,MD5=0EB0E5987DADDBBCFAB61F46FC44ABE0,SHA256=B96AF3066F0B9DE8A460F77BAAE006C5372A266BE18C561DAA7C7AE8635D399D,IMPHASH=A7B2338D5533AE221C0EB231BBEC0787</Data><Data Name='ParentProcessGuid'>{1d66a19f-9b74-6a5b-4f0f-000000000d00}</Data><Data Name='ParentProcessId'>2108</Data><Data Name='ParentImage'>C:\\Windows\\System32\\WindowsPowerShell\\v1.0\\powershell.exe</Data><Data Name='ParentCommandLine'>powershell.exe -NoProfile -ExecutionPolicy Bypass -Command \"$ErrorActionPreference = 'Stop'\n$task = 'PT-2026-004-Original'\n$marker = 'C:\\Windows\\Temp\\pt-2026-004-original.txt'\nif (Get-ScheduledTask -TaskName $task -ErrorAction SilentlyContinue) {\n  Unregister-ScheduledTask -TaskName $task -Confirm:$false\n}\nif (Test-Path $marker) { Remove-Item $marker -Force }\n$start = (Get-Date).AddMinutes(5).ToString('HH:mm')\nschtasks.exe /Create /SC ONCE /TN $task /TR 'cmd.exe /c echo PT-2026-004-ORIGINAL&gt; C:\\Windows\\Temp\\pt-2026-004-original.txt' /ST $start /RU SYSTEM /F | Out-Host\nschtasks.exe /Run /TN $task | Out-Host\nStart-Sleep -Seconds 8\nGet-Item $marker | Select-Object FullName,Length,LastWriteTime | Format-List\n\"</Data><Data Name='ParentUser'>NT AUTHORITY\\SYSTEM</Data></EventData></Event>"
      },
      {
        "_time": "2026-07-18 15:27:49.000 UTC",
        "host": "VICTIM-MAYURI",
        "source": "WinEventLog:Microsoft-Windows-Sysmon/Operational",
        "sourcetype": "XmlWinEventLog:Microsoft-Windows-Sysmon/Operational",
        "_raw": "<Event xmlns='http://schemas.microsoft.com/win/2004/08/events/event'><System><Provider Name='Microsoft-Windows-Sysmon' Guid='{5770385f-c22a-43e0-bf4c-06f5698ffbd9}'/><EventID>1</EventID><Version>5</Version><Level>4</Level><Task>1</Task><Opcode>0</Opcode><Keywords>0x8000000000000000</Keywords><TimeCreated SystemTime='2026-07-18T15:27:49.9570279Z'/><EventRecordID>43436</EventRecordID><Correlation/><Execution ProcessID='3504' ThreadID='4132'/><Channel>Microsoft-Windows-Sysmon/Operational</Channel><Computer>VICTIM-MAYURI.mayuri.lab</Computer><Security UserID='S-1-5-18'/></System><EventData><Data Name='RuleName'>technique_id=T1053.005,technique_name=Scheduled Task/Job</Data><Data Name='UtcTime'>2026-07-18 15:27:49.941</Data><Data Name='ProcessGuid'>{1d66a19f-9b75-6a5b-500f-000000000d00}</Data><Data Name='ProcessId'>764</Data><Data Name='Image'>C:\\Windows\\System32\\schtasks.exe</Data><Data Name='FileVersion'>10.0.26100.6725 (WinBuild.160101.0800)</Data><Data Name='Description'>Task Scheduler Configuration Tool</Data><Data Name='Product'>Microsoft\u00c3\u0082\u00c2\u00ae Windows\u00c3\u0082\u00c2\u00ae Operating System</Data><Data Name='Company'>Microsoft Corporation</Data><Data Name='OriginalFileName'>schtasks.exe</Data><Data Name='CommandLine'>\"C:\\WINDOWS\\system32\\schtasks.exe\" /Create /SC ONCE /TN PT-2026-004-Original /TR \"cmd.exe /c echo PT-2026-004-ORIGINAL&gt; C:\\Windows\\Temp\\pt-2026-004-original.txt\" /ST 08:32 /RU SYSTEM /F</Data><Data Name='CurrentDirectory'>C:\\WINDOWS\\system32\\</Data><Data Name='User'>NT AUTHORITY\\SYSTEM</Data><Data Name='LogonGuid'>{1d66a19f-3ee6-6a5a-e703-000000000000}</Data><Data Name='LogonId'>0x3e7</Data><Data Name='TerminalSessionId'>0</Data><Data Name='IntegrityLevel'>System</Data><Data Name='Hashes'>SHA1=DEE1B9222DA8463EA02CFD76EFD4371FEA3F88E3,MD5=0EB0E5987DADDBBCFAB61F46FC44ABE0,SHA256=B96AF3066F0B9DE8A460F77BAAE006C5372A266BE18C561DAA7C7AE8635D399D,IMPHASH=A7B2338D5533AE221C0EB231BBEC0787</Data><Data Name='ParentProcessGuid'>{1d66a19f-9b74-6a5b-4f0f-000000000d00}</Data><Data Name='ParentProcessId'>2108</Data><Data Name='ParentImage'>C:\\Windows\\System32\\WindowsPowerShell\\v1.0\\powershell.exe</Data><Data Name='ParentCommandLine'>powershell.exe -NoProfile -ExecutionPolicy Bypass -Command \"$ErrorActionPreference = 'Stop'\n$task = 'PT-2026-004-Original'\n$marker = 'C:\\Windows\\Temp\\pt-2026-004-original.txt'\nif (Get-ScheduledTask -TaskName $task -ErrorAction SilentlyContinue) {\n  Unregister-ScheduledTask -TaskName $task -Confirm:$false\n}\nif (Test-Path $marker) { Remove-Item $marker -Force }\n$start = (Get-Date).AddMinutes(5).ToString('HH:mm')\nschtasks.exe /Create /SC ONCE /TN $task /TR 'cmd.exe /c echo PT-2026-004-ORIGINAL&gt; C:\\Windows\\Temp\\pt-2026-004-original.txt' /ST $start /RU SYSTEM /F | Out-Host\nschtasks.exe /Run /TN $task | Out-Host\nStart-Sleep -Seconds 8\nGet-Item $marker | Select-Object FullName,Length,LastWriteTime | Format-List\n\"</Data><Data Name='ParentUser'>NT AUTHORITY\\SYSTEM</Data></EventData></Event>"
      }
    ],
    "local_task_logs": "{\n   \"exitcode\" : 0,\n   \"exited\" : 1,\n   \"out-data\" : \"[\\r\\n    {\\r\\n        \\\"TimeCreated\\\":  \\\"\\\\/Date(1784388470071)\\\\/\\\",\\r\\n        \\\"Id\\\":  102,\\r\\n        \\\"Message\\\":  \\\"Task Scheduler successfully finished \\\\\\\"{0ca608a1-65ea-48ce-8f4a-5bf98a03f050}\\\\\\\" instance of the \\\\\\\"\\\\\\\\PT-2026-004-Original\\\\\\\" task for user \\\\\\\"NT AUTHORITY\\\\\\\\SYSTEM\\\\\\\".\\\"\\r\\n    },\\r\\n    {\\r\\n        \\\"TimeCreated\\\":  \\\"\\\\/Date(1784388470070)\\\\/\\\",\\r\\n        \\\"Id\\\":  201,\\r\\n        \\\"Message\\\":  \\\"Task Scheduler successfully completed task \\\\\\\"\\\\\\\\PT-2026-004-Original\\\\\\\" , instance \\\\\\\"{0ca608a1-65ea-48ce-8f4a-5bf98a03f050}\\\\\\\" , action \\\\\\\"cmd.exe\\\\\\\" with return code 0.\\\"\\r\\n    },\\r\\n    {\\r\\n        \\\"TimeCreated\\\":  \\\"\\\\/Date(1784388470031)\\\\/\\\",\\r\\n        \\\"Id\\\":  200,\\r\\n        \\\"Message\\\":  \\\"Task Scheduler launched action \\\\\\\"cmd.exe\\\\\\\" in instance \\\\\\\"{0ca608a1-65ea-48ce-8f4a-5bf98a03f050}\\\\\\\" of task \\\\\\\"\\\\\\\\PT-2026-004-Original\\\\\\\".\\\"\\r\\n    },\\r\\n    {\\r\\n        \\\"TimeCreated\\\":  \\\"\\\\/Date(1784388470031)\\\\/\\\",\\r\\n        \\\"Id\\\":  100,\\r\\n        \\\"Message\\\":  \\\"Task Scheduler started \\\\\\\"{0ca608a1-65ea-48ce-8f4a-5bf98a03f050}\\\\\\\" instance of the \\\\\\\"\\\\\\\\PT-2026-004-Original\\\\\\\" task for user \\\\\\\"NT AUTHORITY\\\\\\\\SYSTEM\\\\\\\".\\\"\\r\\n    },\\r\\n    {\\r\\n        \\\"TimeCreated\\\":  \\\"\\\\/Date(1784388470031)\\\\/\\\",\\r\\n        \\\"Id\\\":  129,\\r\\n        \\\"Message\\\":  \\\"Task Scheduler launch task \\\\\\\"\\\\\\\\PT-2026-004-Original\\\\\\\" , instance \\\\\\\"cmd.exe\\\\\\\"  with process ID 2304.\\\"\\r\\n    },\\r\\n    {\\r\\n        \\\"TimeCreated\\\":  \\\"\\\\/Date(1784388470027)\\\\/\\\",\\r\\n        \\\"Id\\\":  110,\\r\\n        \\\"Message\\\":  \\\"Task Scheduler launched \\\\\\\"{0ca608a1-65ea-48ce-8f4a-5bf98a03f050}\\\\\\\"  instance of task \\\\\\\"\\\\\\\\PT-2026-004-Original\\\\\\\"  for user \\\\\\\"System\\\\\\\" .\\\"\\r\\n    },\\r\\n    {\\r\\n        \\\"TimeCreated\\\":  \\\"\\\\/Date(1784388470027)\\\\/\\\",\\r\\n        \\\"Id\\\":  325,\\r\\n        \\\"Message\\\":  \\\"Task Scheduler queued instance \\\\\\\"{0ca608a1-65ea-48ce-8f4a-5bf98a03f050}\\\\\\\"  of task \\\\\\\"\\\\\\\\PT-2026-004-Original\\\\\\\".\\\"\\r\\n    },\\r\\n    {\\r\\n        \\\"TimeCreated\\\":  \\\"\\\\/Date(1784388469998)\\\\/\\\",\\r\\n        \\\"Id\\\":  140,\\r\\n        \\\"Message\\\":  \\\"User \\\\\\\"S-1-5-18\\\\\\\"  updated Task Scheduler task \\\\\\\"\\\\\\\\PT-2026-004-Original\\\\\\\"\\\"\\r\\n    },\\r\\n    {\\r\\n        \\\"TimeCreated\\\":  \\\"\\\\/Date(1784388469998)\\\\/\\\",\\r\\n        \\\"Id\\\":  106,\\r\\n        \\\"Message\\\":  \\\"User \\\\\\\"S-1-5-18\\\\\\\"  registered Task Scheduler task \\\\\\\"\\\\\\\\PT-2026-004-Original\\\\\\\"\\\"\\r\\n    },\\r\\n    {\\r\\n        \\\"TimeCreated\\\":  \\\"\\\\/Date(1784387593473)\\\\/\\\",\\r\\n        \\\"Id\\\":  141,\\r\\n        \\\"Message\\\":  \\\"User \\\\\\\"NT AUTHORITY\\\\\\\\System\\\\\\\"  deleted Task Scheduler task \\\\\\\"\\\\\\\\PT-2026-004-Original\\\\\\\"\\\"\\r\\n    }\\r\\n]\\r\\n\"\n}\n",
    "detection_fired": true,
    "detection_latency_seconds": "uncomputed-search-window"
  },
  "variant": {
    "start_time_utc": "2026-07-18T15:28:05.675870Z",
    "end_time_utc": "2026-07-18T15:28:16.939793Z",
    "exec_output": "{\n   \"exitcode\" : 0,\n   \"exited\" : 1,\n   \"out-data\" : \"\\r\\nTaskPath                                       TaskName                          State     \\r\\n--------                                       --------                          -----     \\r\\n\\\\                                              PT-2026-004-Variant               Ready     \\r\\n\\r\\n\\r\\n\\r\\n\\r\\nFullName      : C:\\\\Windows\\\\Temp\\\\pt-2026-004-variant.txt\\r\\nLength        : 21\\r\\nLastWriteTime : 7/18/2026 8:28:14 AM\\r\\n\\r\\n\\r\\n\\r\\n\"\n}\n",
    "detection_results": [
      {
        "_time": "2026-07-18 15:28:12.000 UTC",
        "host": "VICTIM-MAYURI",
        "source": "WinEventLog:Microsoft-Windows-Sysmon/Operational",
        "sourcetype": "XmlWinEventLog:Microsoft-Windows-Sysmon/Operational",
        "_raw": "<Event xmlns='http://schemas.microsoft.com/win/2004/08/events/event'><System><Provider Name='Microsoft-Windows-Sysmon' Guid='{5770385f-c22a-43e0-bf4c-06f5698ffbd9}'/><EventID>1</EventID><Version>5</Version><Level>4</Level><Task>1</Task><Opcode>0</Opcode><Keywords>0x8000000000000000</Keywords><TimeCreated SystemTime='2026-07-18T15:28:12.7115896Z'/><EventRecordID>43469</EventRecordID><Correlation/><Execution ProcessID='3504' ThreadID='4132'/><Channel>Microsoft-Windows-Sysmon/Operational</Channel><Computer>VICTIM-MAYURI.mayuri.lab</Computer><Security UserID='S-1-5-18'/></System><EventData><Data Name='RuleName'>technique_id=T1083,technique_name=File and Directory Discovery</Data><Data Name='UtcTime'>2026-07-18 15:28:12.702</Data><Data Name='ProcessGuid'>{1d66a19f-9b8c-6a5b-5b0f-000000000d00}</Data><Data Name='ProcessId'>2592</Data><Data Name='Image'>C:\\Windows\\System32\\WindowsPowerShell\\v1.0\\powershell.exe</Data><Data Name='FileVersion'>10.0.26100.8875 (WinBuild.160101.0800)</Data><Data Name='Description'>Windows PowerShell</Data><Data Name='Product'>Microsoft\u00c3\u0082\u00c2\u00ae Windows\u00c3\u0082\u00c2\u00ae Operating System</Data><Data Name='Company'>Microsoft Corporation</Data><Data Name='OriginalFileName'>PowerShell.EXE</Data><Data Name='CommandLine'>powershell.exe -NoProfile -ExecutionPolicy Bypass -Command \"$ErrorActionPreference = 'Stop'\n$task = 'PT-2026-004-Variant'\n$marker = 'C:\\Windows\\Temp\\pt-2026-004-variant.txt'\nif (Get-ScheduledTask -TaskName $task -ErrorAction SilentlyContinue) {\n  Unregister-ScheduledTask -TaskName $task -Confirm:$false\n}\nif (Test-Path $marker) { Remove-Item $marker -Force }\n$action = New-ScheduledTaskAction -Execute 'powershell.exe' -Argument '-NoProfile -Command \\\"Set-Content -Path C:\\Windows\\Temp\\pt-2026-004-variant.txt -Value PT-2026-004-VARIANT\\\"'\n$trigger = New-ScheduledTaskTrigger -Once -At ((Get-Date).AddMinutes(5))\n$principal = New-ScheduledTaskPrincipal -UserId 'SYSTEM' -LogonType ServiceAccount -RunLevel Highest\nRegister-ScheduledTask -TaskName $task -Action $action -Trigger $trigger -Principal $principal | Out-Host\nStart-ScheduledTask -TaskName $task\nStart-Sleep -Seconds 8\nGet-Item $marker | Select-Object FullName,Length,LastWriteTime | Format-List\n\"</Data><Data Name='CurrentDirectory'>C:\\WINDOWS\\system32\\</Data><Data Name='User'>NT AUTHORITY\\SYSTEM</Data><Data Name='LogonGuid'>{1d66a19f-3ee6-6a5a-e703-000000000000}</Data><Data Name='LogonId'>0x3e7</Data><Data Name='TerminalSessionId'>0</Data><Data Name='IntegrityLevel'>System</Data><Data Name='Hashes'>SHA1=613000DC53E7EF0B048021F68DD06C101994DA29,MD5=E65ECCA3754249C00F50A035202F7591,SHA256=7600FFE12DA441FE89D035B13801E8E91D064BC544A27B19A5CF49F6AB8B18F5,IMPHASH=AFACF6DC9041114B198160AAB4D0AE77</Data><Data Name='ParentProcessGuid'>{1d66a19f-9b8c-6a5b-590f-000000000d00}</Data><Data Name='ParentProcessId'>4404</Data><Data Name='ParentImage'>C:\\Program Files\\Qemu-ga\\gspawn-win64-helper.exe</Data><Data Name='ParentCommandLine'>\"C:\\Program Files\\Qemu-ga\\gspawn-win64-helper.exe\" 8 9 z 4 6 - y y - - powershell.exe -NoProfile -ExecutionPolicy Bypass -Command \"$ErrorActionPreference = 'Stop'\n$task = 'PT-2026-004-Variant'\n$marker = 'C:\\Windows\\Temp\\pt-2026-004-variant.txt'\nif (Get-ScheduledTask -TaskName $task -ErrorAction SilentlyContinue) {\n  Unregister-ScheduledTask -TaskName $task -Confirm:$false\n}\nif (Test-Path $marker) { Remove-Item $marker -Force }\n$action = New-ScheduledTaskAction -Execute 'powershell.exe' -Argument '-NoProfile -Command \\\"Set-Content -Path C:\\Windows\\Temp\\pt-2026-004-variant.txt -Value PT-2026-004-VARIANT\\\"'\n$trigger = New-ScheduledTaskTrigger -Once -At ((Get-Date).AddMinutes(5))\n$principal = New-ScheduledTaskPrincipal -UserId 'SYSTEM' -LogonType ServiceAccount -RunLevel Highest\nRegister-ScheduledTask -TaskName $task -Action $action -Trigger $trigger -Principal $principal | Out-Host\nStart-ScheduledTask -TaskName $task\nStart-Sleep -Seconds 8\nGet-Item $marker | Select-Object FullName,Length,LastWriteTime | Format-List\n\"</Data><Data Name='ParentUser'>NT AUTHORITY\\SYSTEM</Data></EventData></Event>"
      },
      {
        "_time": "2026-07-18 15:28:12.000 UTC",
        "host": "VICTIM-MAYURI",
        "source": "WinEventLog:Microsoft-Windows-Sysmon/Operational",
        "sourcetype": "XmlWinEventLog:Microsoft-Windows-Sysmon/Operational",
        "_raw": "<Event xmlns='http://schemas.microsoft.com/win/2004/08/events/event'><System><Provider Name='Microsoft-Windows-Sysmon' Guid='{5770385f-c22a-43e0-bf4c-06f5698ffbd9}'/><EventID>1</EventID><Version>5</Version><Level>4</Level><Task>1</Task><Opcode>0</Opcode><Keywords>0x8000000000000000</Keywords><TimeCreated SystemTime='2026-07-18T15:28:12.6597353Z'/><EventRecordID>43467</EventRecordID><Correlation/><Execution ProcessID='3504' ThreadID='4132'/><Channel>Microsoft-Windows-Sysmon/Operational</Channel><Computer>VICTIM-MAYURI.mayuri.lab</Computer><Security UserID='S-1-5-18'/></System><EventData><Data Name='RuleName'>technique_id=T1083,technique_name=File and Directory Discovery</Data><Data Name='UtcTime'>2026-07-18 15:28:12.651</Data><Data Name='ProcessGuid'>{1d66a19f-9b8c-6a5b-590f-000000000d00}</Data><Data Name='ProcessId'>4404</Data><Data Name='Image'>C:\\Program Files\\Qemu-ga\\gspawn-win64-helper.exe</Data><Data Name='FileVersion'>-</Data><Data Name='Description'>-</Data><Data Name='Product'>-</Data><Data Name='Company'>-</Data><Data Name='OriginalFileName'>-</Data><Data Name='CommandLine'>\"C:\\Program Files\\Qemu-ga\\gspawn-win64-helper.exe\" 8 9 z 4 6 - y y - - powershell.exe -NoProfile -ExecutionPolicy Bypass -Command \"$ErrorActionPreference = 'Stop'\n$task = 'PT-2026-004-Variant'\n$marker = 'C:\\Windows\\Temp\\pt-2026-004-variant.txt'\nif (Get-ScheduledTask -TaskName $task -ErrorAction SilentlyContinue) {\n  Unregister-ScheduledTask -TaskName $task -Confirm:$false\n}\nif (Test-Path $marker) { Remove-Item $marker -Force }\n$action = New-ScheduledTaskAction -Execute 'powershell.exe' -Argument '-NoProfile -Command \\\"Set-Content -Path C:\\Windows\\Temp\\pt-2026-004-variant.txt -Value PT-2026-004-VARIANT\\\"'\n$trigger = New-ScheduledTaskTrigger -Once -At ((Get-Date).AddMinutes(5))\n$principal = New-ScheduledTaskPrincipal -UserId 'SYSTEM' -LogonType ServiceAccount -RunLevel Highest\nRegister-ScheduledTask -TaskName $task -Action $action -Trigger $trigger -Principal $principal | Out-Host\nStart-ScheduledTask -TaskName $task\nStart-Sleep -Seconds 8\nGet-Item $marker | Select-Object FullName,Length,LastWriteTime | Format-List\n\"</Data><Data Name='CurrentDirectory'>C:\\WINDOWS\\system32\\</Data><Data Name='User'>NT AUTHORITY\\SYSTEM</Data><Data Name='LogonGuid'>{1d66a19f-3ee6-6a5a-e703-000000000000}</Data><Data Name='LogonId'>0x3e7</Data><Data Name='TerminalSessionId'>0</Data><Data Name='IntegrityLevel'>System</Data><Data Name='Hashes'>SHA1=DD851003B4C1EFEE876DF77DA621F182F15BFDE9,MD5=F8612558E10260CD793256F80715A7D7,SHA256=4BFE48E0E7E33C48AAE24CEEF8DD34C8BE745D9403BF7B91E8F3862E710C4A7C,IMPHASH=9B364C5F1DC956260B17A16E05A4C2F7</Data><Data Name='ParentProcessGuid'>{1d66a19f-3eea-6a5a-4400-000000000d00}</Data><Data Name='ParentProcessId'>3376</Data><Data Name='ParentImage'>C:\\Program Files\\Qemu-ga\\qemu-ga.exe</Data><Data Name='ParentCommandLine'>\"C:\\Program Files\\Qemu-ga\\qemu-ga.exe\" -d --retry-path</Data><Data Name='ParentUser'>NT AUTHORITY\\SYSTEM</Data></EventData></Event>"
      }
    ],
    "local_task_logs": "{\n   \"exitcode\" : 0,\n   \"exited\" : 1,\n   \"out-data\" : \"[\\r\\n    {\\r\\n        \\\"TimeCreated\\\":  \\\"\\\\/Date(1784388494710)\\\\/\\\",\\r\\n        \\\"Id\\\":  102,\\r\\n        \\\"Message\\\":  \\\"Task Scheduler successfully finished \\\\\\\"{99d60d26-0a34-4794-84bc-d1da414c7555}\\\\\\\" instance of the \\\\\\\"\\\\\\\\PT-2026-004-Variant\\\\\\\" task for user \\\\\\\"NT AUTHORITY\\\\\\\\SYSTEM\\\\\\\".\\\"\\r\\n    },\\r\\n    {\\r\\n        \\\"TimeCreated\\\":  \\\"\\\\/Date(1784388494709)\\\\/\\\",\\r\\n        \\\"Id\\\":  201,\\r\\n        \\\"Message\\\":  \\\"Task Scheduler successfully completed task \\\\\\\"\\\\\\\\PT-2026-004-Variant\\\\\\\" , instance \\\\\\\"{99d60d26-0a34-4794-84bc-d1da414c7555}\\\\\\\" , action \\\\\\\"powershell.exe\\\\\\\" with return code 0.\\\"\\r\\n    },\\r\\n    {\\r\\n        \\\"TimeCreated\\\":  \\\"\\\\/Date(1784388494329)\\\\/\\\",\\r\\n        \\\"Id\\\":  200,\\r\\n        \\\"Message\\\":  \\\"Task Scheduler launched action \\\\\\\"powershell.exe\\\\\\\" in instance \\\\\\\"{99d60d26-0a34-4794-84bc-d1da414c7555}\\\\\\\" of task \\\\\\\"\\\\\\\\PT-2026-004-Variant\\\\\\\".\\\"\\r\\n    },\\r\\n    {\\r\\n        \\\"TimeCreated\\\":  \\\"\\\\/Date(1784388494329)\\\\/\\\",\\r\\n        \\\"Id\\\":  100,\\r\\n        \\\"Message\\\":  \\\"Task Scheduler started \\\\\\\"{99d60d26-0a34-4794-84bc-d1da414c7555}\\\\\\\" instance of the \\\\\\\"\\\\\\\\PT-2026-004-Variant\\\\\\\" task for user \\\\\\\"NT AUTHORITY\\\\\\\\SYSTEM\\\\\\\".\\\"\\r\\n    },\\r\\n    {\\r\\n        \\\"TimeCreated\\\":  \\\"\\\\/Date(1784388494329)\\\\/\\\",\\r\\n        \\\"Id\\\":  129,\\r\\n        \\\"Message\\\":  \\\"Task Scheduler launch task \\\\\\\"\\\\\\\\PT-2026-004-Variant\\\\\\\" , instance \\\\\\\"powershell.exe\\\\\\\"  with process ID 4548.\\\"\\r\\n    },\\r\\n    {\\r\\n        \\\"TimeCreated\\\":  \\\"\\\\/Date(1784388494317)\\\\/\\\",\\r\\n        \\\"Id\\\":  110,\\r\\n        \\\"Message\\\":  \\\"Task Scheduler launched \\\\\\\"{99d60d26-0a34-4794-84bc-d1da414c7555}\\\\\\\"  instance of task \\\\\\\"\\\\\\\\PT-2026-004-Variant\\\\\\\"  for user \\\\\\\"System\\\\\\\" .\\\"\\r\\n    },\\r\\n    {\\r\\n        \\\"TimeCreated\\\":  \\\"\\\\/Date(1784388494316)\\\\/\\\",\\r\\n        \\\"Id\\\":  325,\\r\\n        \\\"Message\\\":  \\\"Task Scheduler queued instance \\\\\\\"{99d60d26-0a34-4794-84bc-d1da414c7555}\\\\\\\"  of task \\\\\\\"\\\\\\\\PT-2026-004-Variant\\\\\\\".\\\"\\r\\n    },\\r\\n    {\\r\\n        \\\"TimeCreated\\\":  \\\"\\\\/Date(1784388494273)\\\\/\\\",\\r\\n        \\\"Id\\\":  106,\\r\\n        \\\"Message\\\":  \\\"User \\\\\\\"MAYURI\\\\\\\\VICTIM-MAYURI$\\\\\\\"  registered Task Scheduler task \\\\\\\"\\\\\\\\PT-2026-004-Variant\\\\\\\"\\\"\\r\\n    }\\r\\n]\\r\\n\"\n}\n",
    "detection_fired": true,
    "detection_latency_seconds": "uncomputed-search-window"
  },
  "negatives": [
    {
      "start_time_utc": "2026-07-18T15:28:29.440436Z",
      "end_time_utc": "2026-07-18T15:28:31.660969Z",
      "exec_output": "{\n   \"exitcode\" : 0,\n   \"exited\" : 1,\n   \"out-data\" : \"\\r\\nFolder: \\\\Microsoft\\\\Windows\\\\PushToInstall\\r\\nTaskName                                 Next Run Time          Status         \\r\\n======================================== ====================== ===============\\r\\nRegistration                             7/19/2026 7:47:43 AM   Ready          \\r\\n\"\n}\n",
      "detection_results": [],
      "local_task_logs": "",
      "detection_fired": false,
      "detection_latency_seconds": null
    },
    {
      "start_time_utc": "2026-07-18T15:28:39.175545Z",
      "end_time_utc": "2026-07-18T15:28:42.380801Z",
      "exec_output": "{\n   \"exitcode\" : 0,\n   \"exited\" : 1,\n   \"out-data\" : \"\\r\\n\\r\\nTaskName : Registration\\r\\nTaskPath : \\\\Microsoft\\\\Windows\\\\PushToInstall\\\\\\r\\nState    : Ready\\r\\n\\r\\n\\r\\n\\r\\n\"\n}\n",
      "detection_results": [],
      "local_task_logs": "",
      "detection_fired": false,
      "detection_latency_seconds": null
    },
    {
      "start_time_utc": "2026-07-18T15:28:49.986407Z",
      "end_time_utc": "2026-07-18T15:28:56.315795Z",
      "exec_output": "{\n   \"exitcode\" : 0,\n   \"exited\" : 1,\n   \"out-data\" : \"SUCCESS: The scheduled task \\\"PT-2026-004-Benign\\\" has successfully been created.\\r\\nSUCCESS: Attempted to run the scheduled task \\\"PT-2026-004-Benign\\\".\\r\\nSUCCESS: The scheduled task \\\"PT-2026-004-Benign\\\" was successfully deleted.\\r\\nbenign task create cleanup complete\\r\\n\"\n}\n",
      "detection_results": [],
      "local_task_logs": "{\n   \"exitcode\" : 0,\n   \"exited\" : 1,\n   \"out-data\" : \"[\\r\\n    {\\r\\n        \\\"TimeCreated\\\":  \\\"\\\\/Date(1784388541544)\\\\/\\\",\\r\\n        \\\"Id\\\":  111,\\r\\n        \\\"Message\\\":  \\\"Task Scheduler terminated \\\\\\\"{c0c71223-1534-4760-b44c-4caebdbc9f1d}\\\\\\\"  instance of the \\\\\\\"\\\\\\\\PT-2026-004-Benign\\\\\\\"  task.\\\"\\r\\n    },\\r\\n    {\\r\\n        \\\"TimeCreated\\\":  \\\"\\\\/Date(1784388541543)\\\\/\\\",\\r\\n        \\\"Id\\\":  141,\\r\\n        \\\"Message\\\":  \\\"User \\\\\\\"NT AUTHORITY\\\\\\\\System\\\\\\\"  deleted Task Scheduler task \\\\\\\"\\\\\\\\PT-2026-004-Benign\\\\\\\"\\\"\\r\\n    },\\r\\n    {\\r\\n        \\\"TimeCreated\\\":  \\\"\\\\/Date(1784388538504)\\\\/\\\",\\r\\n        \\\"Id\\\":  200,\\r\\n        \\\"Message\\\":  \\\"Task Scheduler launched action \\\\\\\"notepad.exe\\\\\\\" in instance \\\\\\\"{c0c71223-1534-4760-b44c-4caebdbc9f1d}\\\\\\\" of task \\\\\\\"\\\\\\\\PT-2026-004-Benign\\\\\\\".\\\"\\r\\n    },\\r\\n    {\\r\\n        \\\"TimeCreated\\\":  \\\"\\\\/Date(1784388538504)\\\\/\\\",\\r\\n        \\\"Id\\\":  100,\\r\\n        \\\"Message\\\":  \\\"Task Scheduler started \\\\\\\"{c0c71223-1534-4760-b44c-4caebdbc9f1d}\\\\\\\" instance of the \\\\\\\"\\\\\\\\PT-2026-004-Benign\\\\\\\" task for user \\\\\\\"NT AUTHORITY\\\\\\\\SYSTEM\\\\\\\".\\\"\\r\\n    },\\r\\n    {\\r\\n        \\\"TimeCreated\\\":  \\\"\\\\/Date(1784388538504)\\\\/\\\",\\r\\n        \\\"Id\\\":  129,\\r\\n        \\\"Message\\\":  \\\"Task Scheduler launch task \\\\\\\"\\\\\\\\PT-2026-004-Benign\\\\\\\" , instance \\\\\\\"notepad.exe\\\\\\\"  with process ID 4692.\\\"\\r\\n    },\\r\\n    {\\r\\n        \\\"TimeCreated\\\":  \\\"\\\\/Date(1784388538498)\\\\/\\\",\\r\\n        \\\"Id\\\":  110,\\r\\n        \\\"Message\\\":  \\\"Task Scheduler launched \\\\\\\"{c0c71223-1534-4760-b44c-4caebdbc9f1d}\\\\\\\"  instance of task \\\\\\\"\\\\\\\\PT-2026-004-Benign\\\\\\\"  for user \\\\\\\"System\\\\\\\" .\\\"\\r\\n    },\\r\\n    {\\r\\n        \\\"TimeCreated\\\":  \\\"\\\\/Date(1784388538498)\\\\/\\\",\\r\\n        \\\"Id\\\":  325,\\r\\n        \\\"Message\\\":  \\\"Task Scheduler queued instance \\\\\\\"{c0c71223-1534-4760-b44c-4caebdbc9f1d}\\\\\\\"  of task \\\\\\\"\\\\\\\\PT-2026-004-Benign\\\\\\\".\\\"\\r\\n    },\\r\\n    {\\r\\n        \\\"TimeCreated\\\":  \\\"\\\\/Date(1784388538440)\\\\/\\\",\\r\\n        \\\"Id\\\":  140,\\r\\n        \\\"Message\\\":  \\\"User \\\\\\\"S-1-5-18\\\\\\\"  updated Task Scheduler task \\\\\\\"\\\\\\\\PT-2026-004-Benign\\\\\\\"\\\"\\r\\n    },\\r\\n    {\\r\\n        \\\"TimeCreated\\\":  \\\"\\\\/Date(1784388538440)\\\\/\\\",\\r\\n        \\\"Id\\\":  106,\\r\\n        \\\"Message\\\":  \\\"User \\\\\\\"S-1-5-18\\\\\\\"  registered Task Scheduler task \\\\\\\"\\\\\\\\PT-2026-004-Benign\\\\\\\"\\\"\\r\\n    }\\r\\n]\\r\\n\"\n}\n",
      "detection_fired": false,
      "detection_latency_seconds": null
    }
  ],
  "cleanup": {
    "start_time_utc": "2026-07-18T15:29:07.004199Z",
    "exec_output": "{\n   \"exitcode\" : 0,\n   \"exited\" : 1,\n   \"out-data\" : \"cleanup complete\\r\\n\"\n}\n",
    "end_time_utc": "2026-07-18T15:29:13.295695Z"
  }
}
