{
  "scenario_id": "PT-2026-011",
  "validation_run_id": "VAL-2026-011",
  "technique_id": "T1218.010",
  "original": {
    "start_time_utc": "2026-07-18T20:55:27.041956Z",
    "end_time_utc": "2026-07-18T20:55:29.463251Z",
    "exec_output": "{\n   \"exitcode\" : 0,\n   \"exited\" : 1,\n   \"out-data\" : \"\\r\\n\\r\\nFullName      : C:\\\\Windows\\\\Temp\\\\pt-2026-011-jpg.txt\\r\\nLength        : 6\\r\\nLastWriteTime : 7/18/2026 1:55:35 PM\\r\\n\\r\\n\\r\\n\\r\\n\"\n}\n",
    "detection_results": [
      {
        "_time": "2026-07-18 20:55:35.000 UTC",
        "host": "VICTIM-MAYURI",
        "source": "WinEventLog:Microsoft-Windows-Sysmon/Operational",
        "sourcetype": "XmlWinEventLog:Microsoft-Windows-Sysmon/Operational",
        "_raw": "<Event xmlns='http://schemas.microsoft.com/win/2004/08/events/event'><System><Provider Name='Microsoft-Windows-Sysmon' Guid='{5770385f-c22a-43e0-bf4c-06f5698ffbd9}'/><EventID>1</EventID><Version>5</Version><Level>4</Level><Task>1</Task><Opcode>0</Opcode><Keywords>0x8000000000000000</Keywords><TimeCreated SystemTime='2026-07-18T20:55:35.3121391Z'/><EventRecordID>47100</EventRecordID><Correlation/><Execution ProcessID='3504' ThreadID='4132'/><Channel>Microsoft-Windows-Sysmon/Operational</Channel><Computer>VICTIM-MAYURI.mayuri.lab</Computer><Security UserID='S-1-5-18'/></System><EventData><Data Name='RuleName'>technique_id=T1059.001,technique_name=PowerShell</Data><Data Name='UtcTime'>2026-07-18 20:55:35.301</Data><Data Name='ProcessGuid'>{1d66a19f-e847-6a5b-8e1a-000000000d00}</Data><Data Name='ProcessId'>5032</Data><Data Name='Image'>C:\\Windows\\System32\\WindowsPowerShell\\v1.0\\powershell.exe</Data><Data Name='FileVersion'>10.0.26100.8875 (WinBuild.160101.0800)</Data><Data Name='Description'>Windows PowerShell</Data><Data Name='Product'>Microsoft\u00c3\u0082\u00c2\u00ae Windows\u00c3\u0082\u00c2\u00ae Operating System</Data><Data Name='Company'>Microsoft Corporation</Data><Data Name='OriginalFileName'>PowerShell.EXE</Data><Data Name='CommandLine'>powershell.exe -NoProfile -ExecutionPolicy Bypass -Command \"$ErrorActionPreference='SilentlyContinue'\n$dst='C:\\Windows\\Temp\\pt-2026-011-shell32.jpg'\n$marker='C:\\Windows\\Temp\\pt-2026-011-jpg.txt'\nCopy-Item 'C:\\Windows\\System32\\shell32.dll' $dst -Force\ncmd.exe /c \\\"regsvr32.exe /s $dst\\\"\nSet-Content -Path $marker -Value ([string](Test-Path $dst))\nGet-Item $marker | Select-Object FullName,Length,LastWriteTime | Format-List\n\"</Data><Data Name='CurrentDirectory'>C:\\WINDOWS\\system32\\</Data><Data Name='User'>NT AUTHORITY\\SYSTEM</Data><Data Name='LogonGuid'>{1d66a19f-3ee6-6a5a-e703-000000000000}</Data><Data Name='LogonId'>0x3e7</Data><Data Name='TerminalSessionId'>0</Data><Data Name='IntegrityLevel'>System</Data><Data Name='Hashes'>SHA1=613000DC53E7EF0B048021F68DD06C101994DA29,MD5=E65ECCA3754249C00F50A035202F7591,SHA256=7600FFE12DA441FE89D035B13801E8E91D064BC544A27B19A5CF49F6AB8B18F5,IMPHASH=AFACF6DC9041114B198160AAB4D0AE77</Data><Data Name='ParentProcessGuid'>{1d66a19f-e847-6a5b-8c1a-000000000d00}</Data><Data Name='ParentProcessId'>5500</Data><Data Name='ParentImage'>C:\\Program Files\\Qemu-ga\\gspawn-win64-helper.exe</Data><Data Name='ParentCommandLine'>\"C:\\Program Files\\Qemu-ga\\gspawn-win64-helper.exe\" 8 9 z 4 6 - y y - - powershell.exe -NoProfile -ExecutionPolicy Bypass -Command \"$ErrorActionPreference='SilentlyContinue'\n$dst='C:\\Windows\\Temp\\pt-2026-011-shell32.jpg'\n$marker='C:\\Windows\\Temp\\pt-2026-011-jpg.txt'\nCopy-Item 'C:\\Windows\\System32\\shell32.dll' $dst -Force\ncmd.exe /c \\\"regsvr32.exe /s $dst\\\"\nSet-Content -Path $marker -Value ([string](Test-Path $dst))\nGet-Item $marker | Select-Object FullName,Length,LastWriteTime | Format-List\n\"</Data><Data Name='ParentUser'>NT AUTHORITY\\SYSTEM</Data></EventData></Event>"
      },
      {
        "_time": "2026-07-18 20:55:35.000 UTC",
        "host": "VICTIM-MAYURI",
        "source": "WinEventLog:Microsoft-Windows-Sysmon/Operational",
        "sourcetype": "XmlWinEventLog:Microsoft-Windows-Sysmon/Operational",
        "_raw": "<Event xmlns='http://schemas.microsoft.com/win/2004/08/events/event'><System><Provider Name='Microsoft-Windows-Sysmon' Guid='{5770385f-c22a-43e0-bf4c-06f5698ffbd9}'/><EventID>1</EventID><Version>5</Version><Level>4</Level><Task>1</Task><Opcode>0</Opcode><Keywords>0x8000000000000000</Keywords><TimeCreated SystemTime='2026-07-18T20:55:35.7463659Z'/><EventRecordID>47116</EventRecordID><Correlation/><Execution ProcessID='3504' ThreadID='4132'/><Channel>Microsoft-Windows-Sysmon/Operational</Channel><Computer>VICTIM-MAYURI.mayuri.lab</Computer><Security UserID='S-1-5-18'/></System><EventData><Data Name='RuleName'>technique_id=T1218.010,technique_name=Regsvr32</Data><Data Name='UtcTime'>2026-07-18 20:55:35.739</Data><Data Name='ProcessGuid'>{1d66a19f-e847-6a5b-901a-000000000d00}</Data><Data Name='ProcessId'>5772</Data><Data Name='Image'>C:\\Windows\\System32\\regsvr32.exe</Data><Data Name='FileVersion'>10.0.26100.8737 (WinBuild.160101.0800)</Data><Data Name='Description'>Microsoft(C) Register Server</Data><Data Name='Product'>Microsoft\u00c3\u0082\u00c2\u00ae Windows\u00c3\u0082\u00c2\u00ae Operating System</Data><Data Name='Company'>Microsoft Corporation</Data><Data Name='OriginalFileName'>REGSVR32.EXE</Data><Data Name='CommandLine'>regsvr32.exe  /s C:\\Windows\\Temp\\pt-2026-011-shell32.jpg</Data><Data Name='CurrentDirectory'>C:\\Windows\\System32\\</Data><Data Name='User'>NT AUTHORITY\\SYSTEM</Data><Data Name='LogonGuid'>{1d66a19f-3ee6-6a5a-e703-000000000000}</Data><Data Name='LogonId'>0x3e7</Data><Data Name='TerminalSessionId'>0</Data><Data Name='IntegrityLevel'>System</Data><Data Name='Hashes'>SHA1=DAA72C57BDDF9B9C5FBCC4B1F21E9F93E4A50EA5,MD5=3EDE55EA338F9E3C8DED1326EF2EDC50,SHA256=9AC5B4115CF5E949DD7EC374E5C4FB26A6EF9DE573DC09FC15CFDC411AE59765,IMPHASH=10D1FFA42279D9AD5F7D86AA68BD3C25</Data><Data Name='ParentProcessGuid'>{1d66a19f-e847-6a5b-8f1a-000000000d00}</Data><Data Name='ParentProcessId'>1992</Data><Data Name='ParentImage'>C:\\Windows\\System32\\cmd.exe</Data><Data Name='ParentCommandLine'>\"C:\\WINDOWS\\system32\\cmd.exe\" /c \"regsvr32.exe /s C:\\Windows\\Temp\\pt-2026-011-shell32.jpg\"</Data><Data Name='ParentUser'>NT AUTHORITY\\SYSTEM</Data></EventData></Event>"
      },
      {
        "_time": "2026-07-18 20:55:35.000 UTC",
        "host": "VICTIM-MAYURI",
        "source": "WinEventLog:Microsoft-Windows-Sysmon/Operational",
        "sourcetype": "XmlWinEventLog:Microsoft-Windows-Sysmon/Operational",
        "_raw": "<Event xmlns='http://schemas.microsoft.com/win/2004/08/events/event'><System><Provider Name='Microsoft-Windows-Sysmon' Guid='{5770385f-c22a-43e0-bf4c-06f5698ffbd9}'/><EventID>1</EventID><Version>5</Version><Level>4</Level><Task>1</Task><Opcode>0</Opcode><Keywords>0x8000000000000000</Keywords><TimeCreated SystemTime='2026-07-18T20:55:35.7272754Z'/><EventRecordID>47114</EventRecordID><Correlation/><Execution ProcessID='3504' ThreadID='4132'/><Channel>Microsoft-Windows-Sysmon/Operational</Channel><Computer>VICTIM-MAYURI.mayuri.lab</Computer><Security UserID='S-1-5-18'/></System><EventData><Data Name='RuleName'>technique_id=T1059.003,technique_name=Windows Command Shell</Data><Data Name='UtcTime'>2026-07-18 20:55:35.719</Data><Data Name='ProcessGuid'>{1d66a19f-e847-6a5b-8f1a-000000000d00}</Data><Data Name='ProcessId'>1992</Data><Data Name='Image'>C:\\Windows\\System32\\cmd.exe</Data><Data Name='FileVersion'>10.0.26100.8737 (WinBuild.160101.0800)</Data><Data Name='Description'>Windows Command Processor</Data><Data Name='Product'>Microsoft\u00c3\u0082\u00c2\u00ae Windows\u00c3\u0082\u00c2\u00ae Operating System</Data><Data Name='Company'>Microsoft Corporation</Data><Data Name='OriginalFileName'>Cmd.Exe</Data><Data Name='CommandLine'>\"C:\\WINDOWS\\system32\\cmd.exe\" /c \"regsvr32.exe /s C:\\Windows\\Temp\\pt-2026-011-shell32.jpg\"</Data><Data Name='CurrentDirectory'>C:\\WINDOWS\\system32\\</Data><Data Name='User'>NT AUTHORITY\\SYSTEM</Data><Data Name='LogonGuid'>{1d66a19f-3ee6-6a5a-e703-000000000000}</Data><Data Name='LogonId'>0x3e7</Data><Data Name='TerminalSessionId'>0</Data><Data Name='IntegrityLevel'>System</Data><Data Name='Hashes'>SHA1=6142A8457F497ABC4B102D75F549F76A9E3577C7,MD5=1F4D18374A699452622E80F6D5BB743E,SHA256=65EC268ADD3973B6DCA64222985DA47CAEAEE44A340B0EC1466782914FD743D9,IMPHASH=010B165E4C37F484601D3DBD700C9423</Data><Data Name='ParentProcessGuid'>{1d66a19f-e847-6a5b-8e1a-000000000d00}</Data><Data Name='ParentProcessId'>5032</Data><Data Name='ParentImage'>C:\\Windows\\System32\\WindowsPowerShell\\v1.0\\powershell.exe</Data><Data Name='ParentCommandLine'>powershell.exe -NoProfile -ExecutionPolicy Bypass -Command \"$ErrorActionPreference='SilentlyContinue'\n$dst='C:\\Windows\\Temp\\pt-2026-011-shell32.jpg'\n$marker='C:\\Windows\\Temp\\pt-2026-011-jpg.txt'\nCopy-Item 'C:\\Windows\\System32\\shell32.dll' $dst -Force\ncmd.exe /c \\\"regsvr32.exe /s $dst\\\"\nSet-Content -Path $marker -Value ([string](Test-Path $dst))\nGet-Item $marker | Select-Object FullName,Length,LastWriteTime | Format-List\n\"</Data><Data Name='ParentUser'>NT AUTHORITY\\SYSTEM</Data></EventData></Event>"
      }
    ],
    "marker_state": "{\n   \"exitcode\" : 0,\n   \"exited\" : 1,\n   \"out-data\" : \"\\r\\n\\r\\nFullName      : C:\\\\Windows\\\\Temp\\\\pt-2026-011-jpg.txt\\r\\nLength        : 6\\r\\nLastWriteTime : 7/18/2026 1:55:35 PM\\r\\n\\r\\n\\r\\n\\r\\n\"\n}\n",
    "detection_fired": true,
    "detection_latency_seconds": "uncomputed-search-window"
  },
  "variant": {
    "start_time_utc": "2026-07-18T20:55:39.225647Z",
    "end_time_utc": "2026-07-18T20:56:01.546607Z",
    "exec_output": "{\n   \"exitcode\" : 0,\n   \"exited\" : 1,\n   \"out-data\" : \"\\r\\n\\r\\nFullName      : C:\\\\Windows\\\\Temp\\\\pt-2026-011-sct.txt\\r\\nLength        : 6\\r\\nLastWriteTime : 7/18/2026 1:56:07 PM\\r\\n\\r\\n\\r\\n\\r\\n\"\n}\n",
    "detection_results": [
      {
        "_time": "2026-07-18 20:56:07.000 UTC",
        "host": "VICTIM-MAYURI",
        "source": "WinEventLog:Microsoft-Windows-Sysmon/Operational",
        "sourcetype": "XmlWinEventLog:Microsoft-Windows-Sysmon/Operational",
        "_raw": "<Event xmlns='http://schemas.microsoft.com/win/2004/08/events/event'><System><Provider Name='Microsoft-Windows-Sysmon' Guid='{5770385f-c22a-43e0-bf4c-06f5698ffbd9}'/><EventID>1</EventID><Version>5</Version><Level>4</Level><Task>1</Task><Opcode>0</Opcode><Keywords>0x8000000000000000</Keywords><TimeCreated SystemTime='2026-07-18T20:56:07.6820576Z'/><EventRecordID>47152</EventRecordID><Correlation/><Execution ProcessID='3504' ThreadID='4132'/><Channel>Microsoft-Windows-Sysmon/Operational</Channel><Computer>VICTIM-MAYURI.mayuri.lab</Computer><Security UserID='S-1-5-18'/></System><EventData><Data Name='RuleName'>technique_id=T1218.010,technique_name=Regsvr32</Data><Data Name='UtcTime'>2026-07-18 20:56:07.674</Data><Data Name='ProcessGuid'>{1d66a19f-e867-6a5b-981a-000000000d00}</Data><Data Name='ProcessId'>5736</Data><Data Name='Image'>C:\\Windows\\System32\\regsvr32.exe</Data><Data Name='FileVersion'>10.0.26100.8737 (WinBuild.160101.0800)</Data><Data Name='Description'>Microsoft(C) Register Server</Data><Data Name='Product'>Microsoft\u00c3\u0082\u00c2\u00ae Windows\u00c3\u0082\u00c2\u00ae Operating System</Data><Data Name='Company'>Microsoft Corporation</Data><Data Name='OriginalFileName'>REGSVR32.EXE</Data><Data Name='CommandLine'>regsvr32.exe  /s /u /i:C:\\Windows\\Temp\\pt-2026-011\\empty.sct scrobj.dll</Data><Data Name='CurrentDirectory'>C:\\Windows\\System32\\</Data><Data Name='User'>NT AUTHORITY\\SYSTEM</Data><Data Name='LogonGuid'>{1d66a19f-3ee6-6a5a-e703-000000000000}</Data><Data Name='LogonId'>0x3e7</Data><Data Name='TerminalSessionId'>0</Data><Data Name='IntegrityLevel'>System</Data><Data Name='Hashes'>SHA1=DAA72C57BDDF9B9C5FBCC4B1F21E9F93E4A50EA5,MD5=3EDE55EA338F9E3C8DED1326EF2EDC50,SHA256=9AC5B4115CF5E949DD7EC374E5C4FB26A6EF9DE573DC09FC15CFDC411AE59765,IMPHASH=10D1FFA42279D9AD5F7D86AA68BD3C25</Data><Data Name='ParentProcessGuid'>{1d66a19f-e867-6a5b-971a-000000000d00}</Data><Data Name='ParentProcessId'>1556</Data><Data Name='ParentImage'>C:\\Windows\\System32\\cmd.exe</Data><Data Name='ParentCommandLine'>\"C:\\WINDOWS\\system32\\cmd.exe\" /c \"regsvr32.exe /s /u /i:C:\\Windows\\Temp\\pt-2026-011\\empty.sct scrobj.dll\"</Data><Data Name='ParentUser'>NT AUTHORITY\\SYSTEM</Data></EventData></Event>"
      },
      {
        "_time": "2026-07-18 20:56:07.000 UTC",
        "host": "VICTIM-MAYURI",
        "source": "WinEventLog:Microsoft-Windows-Sysmon/Operational",
        "sourcetype": "XmlWinEventLog:Microsoft-Windows-Sysmon/Operational",
        "_raw": "<Event xmlns='http://schemas.microsoft.com/win/2004/08/events/event'><System><Provider Name='Microsoft-Windows-Sysmon' Guid='{5770385f-c22a-43e0-bf4c-06f5698ffbd9}'/><EventID>1</EventID><Version>5</Version><Level>4</Level><Task>1</Task><Opcode>0</Opcode><Keywords>0x8000000000000000</Keywords><TimeCreated SystemTime='2026-07-18T20:56:07.6602288Z'/><EventRecordID>47150</EventRecordID><Correlation/><Execution ProcessID='3504' ThreadID='4132'/><Channel>Microsoft-Windows-Sysmon/Operational</Channel><Computer>VICTIM-MAYURI.mayuri.lab</Computer><Security UserID='S-1-5-18'/></System><EventData><Data Name='RuleName'>technique_id=T1059.003,technique_name=Windows Command Shell</Data><Data Name='UtcTime'>2026-07-18 20:56:07.649</Data><Data Name='ProcessGuid'>{1d66a19f-e867-6a5b-971a-000000000d00}</Data><Data Name='ProcessId'>1556</Data><Data Name='Image'>C:\\Windows\\System32\\cmd.exe</Data><Data Name='FileVersion'>10.0.26100.8737 (WinBuild.160101.0800)</Data><Data Name='Description'>Windows Command Processor</Data><Data Name='Product'>Microsoft\u00c3\u0082\u00c2\u00ae Windows\u00c3\u0082\u00c2\u00ae Operating System</Data><Data Name='Company'>Microsoft Corporation</Data><Data Name='OriginalFileName'>Cmd.Exe</Data><Data Name='CommandLine'>\"C:\\WINDOWS\\system32\\cmd.exe\" /c \"regsvr32.exe /s /u /i:C:\\Windows\\Temp\\pt-2026-011\\empty.sct scrobj.dll\"</Data><Data Name='CurrentDirectory'>C:\\WINDOWS\\system32\\</Data><Data Name='User'>NT AUTHORITY\\SYSTEM</Data><Data Name='LogonGuid'>{1d66a19f-3ee6-6a5a-e703-000000000000}</Data><Data Name='LogonId'>0x3e7</Data><Data Name='TerminalSessionId'>0</Data><Data Name='IntegrityLevel'>System</Data><Data Name='Hashes'>SHA1=6142A8457F497ABC4B102D75F549F76A9E3577C7,MD5=1F4D18374A699452622E80F6D5BB743E,SHA256=65EC268ADD3973B6DCA64222985DA47CAEAEE44A340B0EC1466782914FD743D9,IMPHASH=010B165E4C37F484601D3DBD700C9423</Data><Data Name='ParentProcessGuid'>{1d66a19f-e853-6a5b-961a-000000000d00}</Data><Data Name='ParentProcessId'>3284</Data><Data Name='ParentImage'>C:\\Windows\\System32\\WindowsPowerShell\\v1.0\\powershell.exe</Data><Data Name='ParentCommandLine'>powershell.exe -NoProfile -ExecutionPolicy Bypass -Command \"$ErrorActionPreference='SilentlyContinue'\n$dir='C:\\Windows\\Temp\\pt-2026-011'\n$path=Join-Path $dir 'empty.sct'\n$marker='C:\\Windows\\Temp\\pt-2026-011-sct.txt'\nNew-Item -ItemType Directory -Path $dir -Force | Out-Null\n$lines=@('&lt;scriptlet&gt;','&lt;registration progid=\\\"PT2026011\\\" classid=\\\"{AAAA1111-0000-0000-0000-0000FEEDACDC}\\\"&gt;&lt;/registration&gt;','&lt;script language=\\\"JScript\\\"&gt;&lt;/script&gt;','&lt;/scriptlet&gt;')\nSet-Content -Path $path -Value $lines -Encoding ascii\ncmd.exe /c \\\"regsvr32.exe /s /u /i:$path scrobj.dll\\\"\nSet-Content -Path $marker -Value ([string](Test-Path $path))\nGet-Item $marker | Select-Object FullName,Length,LastWriteTime | Format-List\n\"</Data><Data Name='ParentUser'>NT AUTHORITY\\SYSTEM</Data></EventData></Event>"
      },
      {
        "_time": "2026-07-18 20:55:47.000 UTC",
        "host": "VICTIM-MAYURI",
        "source": "WinEventLog:Microsoft-Windows-Sysmon/Operational",
        "sourcetype": "XmlWinEventLog:Microsoft-Windows-Sysmon/Operational",
        "_raw": "<Event xmlns='http://schemas.microsoft.com/win/2004/08/events/event'><System><Provider Name='Microsoft-Windows-Sysmon' Guid='{5770385f-c22a-43e0-bf4c-06f5698ffbd9}'/><EventID>1</EventID><Version>5</Version><Level>4</Level><Task>1</Task><Opcode>0</Opcode><Keywords>0x8000000000000000</Keywords><TimeCreated SystemTime='2026-07-18T20:55:47.3376502Z'/><EventRecordID>47138</EventRecordID><Correlation/><Execution ProcessID='3504' ThreadID='4132'/><Channel>Microsoft-Windows-Sysmon/Operational</Channel><Computer>VICTIM-MAYURI.mayuri.lab</Computer><Security UserID='S-1-5-18'/></System><EventData><Data Name='RuleName'>technique_id=T1083,technique_name=File and Directory Discovery</Data><Data Name='UtcTime'>2026-07-18 20:55:47.324</Data><Data Name='ProcessGuid'>{1d66a19f-e853-6a5b-961a-000000000d00}</Data><Data Name='ProcessId'>3284</Data><Data Name='Image'>C:\\Windows\\System32\\WindowsPowerShell\\v1.0\\powershell.exe</Data><Data Name='FileVersion'>10.0.26100.8875 (WinBuild.160101.0800)</Data><Data Name='Description'>Windows PowerShell</Data><Data Name='Product'>Microsoft\u00c3\u0082\u00c2\u00ae Windows\u00c3\u0082\u00c2\u00ae Operating System</Data><Data Name='Company'>Microsoft Corporation</Data><Data Name='OriginalFileName'>PowerShell.EXE</Data><Data Name='CommandLine'>powershell.exe -NoProfile -ExecutionPolicy Bypass -Command \"$ErrorActionPreference='SilentlyContinue'\n$dir='C:\\Windows\\Temp\\pt-2026-011'\n$path=Join-Path $dir 'empty.sct'\n$marker='C:\\Windows\\Temp\\pt-2026-011-sct.txt'\nNew-Item -ItemType Directory -Path $dir -Force | Out-Null\n$lines=@('&lt;scriptlet&gt;','&lt;registration progid=\\\"PT2026011\\\" classid=\\\"{AAAA1111-0000-0000-0000-0000FEEDACDC}\\\"&gt;&lt;/registration&gt;','&lt;script language=\\\"JScript\\\"&gt;&lt;/script&gt;','&lt;/scriptlet&gt;')\nSet-Content -Path $path -Value $lines -Encoding ascii\ncmd.exe /c \\\"regsvr32.exe /s /u /i:$path scrobj.dll\\\"\nSet-Content -Path $marker -Value ([string](Test-Path $path))\nGet-Item $marker | Select-Object FullName,Length,LastWriteTime | Format-List\n\"</Data><Data Name='CurrentDirectory'>C:\\WINDOWS\\system32\\</Data><Data Name='User'>NT AUTHORITY\\SYSTEM</Data><Data Name='LogonGuid'>{1d66a19f-3ee6-6a5a-e703-000000000000}</Data><Data Name='LogonId'>0x3e7</Data><Data Name='TerminalSessionId'>0</Data><Data Name='IntegrityLevel'>System</Data><Data Name='Hashes'>SHA1=613000DC53E7EF0B048021F68DD06C101994DA29,MD5=E65ECCA3754249C00F50A035202F7591,SHA256=7600FFE12DA441FE89D035B13801E8E91D064BC544A27B19A5CF49F6AB8B18F5,IMPHASH=AFACF6DC9041114B198160AAB4D0AE77</Data><Data Name='ParentProcessGuid'>{1d66a19f-e853-6a5b-941a-000000000d00}</Data><Data Name='ParentProcessId'>1872</Data><Data Name='ParentImage'>C:\\Program Files\\Qemu-ga\\gspawn-win64-helper.exe</Data><Data Name='ParentCommandLine'>\"C:\\Program Files\\Qemu-ga\\gspawn-win64-helper.exe\" 8 9 z 4 6 - y y - - powershell.exe -NoProfile -ExecutionPolicy Bypass -Command \"$ErrorActionPreference='SilentlyContinue'\n$dir='C:\\Windows\\Temp\\pt-2026-011'\n$path=Join-Path $dir 'empty.sct'\n$marker='C:\\Windows\\Temp\\pt-2026-011-sct.txt'\nNew-Item -ItemType Directory -Path $dir -Force | Out-Null\n$lines=@('&lt;scriptlet&gt;','&lt;registration progid=\\\"PT2026011\\\" classid=\\\"{AAAA1111-0000-0000-0000-0000FEEDACDC}\\\"&gt;&lt;/registration&gt;','&lt;script language=\\\"JScript\\\"&gt;&lt;/script&gt;','&lt;/scriptlet&gt;')\nSet-Content -Path $path -Value $lines -Encoding ascii\ncmd.exe /c \\\"regsvr32.exe /s /u /i:$path scrobj.dll\\\"\nSet-Content -Path $marker -Value ([string](Test-Path $path))\nGet-Item $marker | Select-Object FullName,Length,LastWriteTime | Format-List\n\"</Data><Data Name='ParentUser'>NT AUTHORITY\\SYSTEM</Data></EventData></Event>"
      },
      {
        "_time": "2026-07-18 20:55:47.000 UTC",
        "host": "VICTIM-MAYURI",
        "source": "WinEventLog:Microsoft-Windows-Sysmon/Operational",
        "sourcetype": "XmlWinEventLog:Microsoft-Windows-Sysmon/Operational",
        "_raw": "<Event xmlns='http://schemas.microsoft.com/win/2004/08/events/event'><System><Provider Name='Microsoft-Windows-Sysmon' Guid='{5770385f-c22a-43e0-bf4c-06f5698ffbd9}'/><EventID>1</EventID><Version>5</Version><Level>4</Level><Task>1</Task><Opcode>0</Opcode><Keywords>0x8000000000000000</Keywords><TimeCreated SystemTime='2026-07-18T20:55:47.2773409Z'/><EventRecordID>47136</EventRecordID><Correlation/><Execution ProcessID='3504' ThreadID='4132'/><Channel>Microsoft-Windows-Sysmon/Operational</Channel><Computer>VICTIM-MAYURI.mayuri.lab</Computer><Security UserID='S-1-5-18'/></System><EventData><Data Name='RuleName'>technique_id=T1083,technique_name=File and Directory Discovery</Data><Data Name='UtcTime'>2026-07-18 20:55:47.265</Data><Data Name='ProcessGuid'>{1d66a19f-e853-6a5b-941a-000000000d00}</Data><Data Name='ProcessId'>1872</Data><Data Name='Image'>C:\\Program Files\\Qemu-ga\\gspawn-win64-helper.exe</Data><Data Name='FileVersion'>-</Data><Data Name='Description'>-</Data><Data Name='Product'>-</Data><Data Name='Company'>-</Data><Data Name='OriginalFileName'>-</Data><Data Name='CommandLine'>\"C:\\Program Files\\Qemu-ga\\gspawn-win64-helper.exe\" 8 9 z 4 6 - y y - - powershell.exe -NoProfile -ExecutionPolicy Bypass -Command \"$ErrorActionPreference='SilentlyContinue'\n$dir='C:\\Windows\\Temp\\pt-2026-011'\n$path=Join-Path $dir 'empty.sct'\n$marker='C:\\Windows\\Temp\\pt-2026-011-sct.txt'\nNew-Item -ItemType Directory -Path $dir -Force | Out-Null\n$lines=@('&lt;scriptlet&gt;','&lt;registration progid=\\\"PT2026011\\\" classid=\\\"{AAAA1111-0000-0000-0000-0000FEEDACDC}\\\"&gt;&lt;/registration&gt;','&lt;script language=\\\"JScript\\\"&gt;&lt;/script&gt;','&lt;/scriptlet&gt;')\nSet-Content -Path $path -Value $lines -Encoding ascii\ncmd.exe /c \\\"regsvr32.exe /s /u /i:$path scrobj.dll\\\"\nSet-Content -Path $marker -Value ([string](Test-Path $path))\nGet-Item $marker | Select-Object FullName,Length,LastWriteTime | Format-List\n\"</Data><Data Name='CurrentDirectory'>C:\\WINDOWS\\system32\\</Data><Data Name='User'>NT AUTHORITY\\SYSTEM</Data><Data Name='LogonGuid'>{1d66a19f-3ee6-6a5a-e703-000000000000}</Data><Data Name='LogonId'>0x3e7</Data><Data Name='TerminalSessionId'>0</Data><Data Name='IntegrityLevel'>System</Data><Data Name='Hashes'>SHA1=DD851003B4C1EFEE876DF77DA621F182F15BFDE9,MD5=F8612558E10260CD793256F80715A7D7,SHA256=4BFE48E0E7E33C48AAE24CEEF8DD34C8BE745D9403BF7B91E8F3862E710C4A7C,IMPHASH=9B364C5F1DC956260B17A16E05A4C2F7</Data><Data Name='ParentProcessGuid'>{1d66a19f-3eea-6a5a-4400-000000000d00}</Data><Data Name='ParentProcessId'>3376</Data><Data Name='ParentImage'>C:\\Program Files\\Qemu-ga\\qemu-ga.exe</Data><Data Name='ParentCommandLine'>\"C:\\Program Files\\Qemu-ga\\qemu-ga.exe\" -d --retry-path</Data><Data Name='ParentUser'>NT AUTHORITY\\SYSTEM</Data></EventData></Event>"
      }
    ],
    "marker_state": "{\n   \"exitcode\" : 0,\n   \"exited\" : 1,\n   \"out-data\" : \"\\r\\n\\r\\nFullName      : C:\\\\Windows\\\\Temp\\\\pt-2026-011-sct.txt\\r\\nLength        : 6\\r\\nLastWriteTime : 7/18/2026 1:56:07 PM\\r\\n\\r\\n\\r\\n\\r\\n\"\n}\n",
    "detection_fired": true,
    "detection_latency_seconds": "uncomputed-search-window"
  },
  "negatives": [
    {
      "start_time_utc": "2026-07-18T20:56:11.282753Z",
      "end_time_utc": "2026-07-18T20:56:13.523006Z",
      "exec_output": "{\n   \"exitcode\" : 0,\n   \"exited\" : 1\n}\n",
      "detection_results": [],
      "marker_state": "{\n   \"exitcode\" : 0,\n   \"exited\" : 1,\n   \"out-data\" : \"\\r\\n\\r\\nFullName      : C:\\\\Windows\\\\Temp\\\\pt-2026-011-jpg.txt\\r\\nLength        : 6\\r\\nLastWriteTime : 7/18/2026 1:55:35 PM\\r\\n\\r\\n\\r\\n\\r\\n\"\n}\n",
      "detection_fired": false,
      "detection_latency_seconds": null
    },
    {
      "start_time_utc": "2026-07-18T20:56:20.154988Z",
      "end_time_utc": "2026-07-18T20:56:51.522820Z",
      "exec_output": "timeout reached, returning pid\n{\n   \"pid\" : 4744\n}\n",
      "detection_results": [],
      "marker_state": "{\n   \"exitcode\" : 0,\n   \"exited\" : 1,\n   \"out-data\" : \"\\r\\n\\r\\nFullName      : C:\\\\Windows\\\\Temp\\\\pt-2026-011-jpg.txt\\r\\nLength        : 6\\r\\nLastWriteTime : 7/18/2026 1:55:35 PM\\r\\n\\r\\n\\r\\n\\r\\n\"\n}\n",
      "detection_fired": false,
      "detection_latency_seconds": null
    },
    {
      "start_time_utc": "2026-07-18T20:56:58.239028Z",
      "end_time_utc": "2026-07-18T20:57:00.452357Z",
      "exec_output": "{\n   \"exitcode\" : 0,\n   \"exited\" : 1,\n   \"out-data\" : \"\\r\\nHKEY_LOCAL_MACHINE\\\\Software\\\\Microsoft\\\\Windows\\\\CurrentVersion\\\\Run\\r\\n    SecurityHealth    REG_EXPAND_SZ    %windir%\\\\system32\\\\SecurityHealthSystray.exe\\r\\n\\r\\n\"\n}\n",
      "detection_results": [],
      "marker_state": "{\n   \"exitcode\" : 0,\n   \"exited\" : 1,\n   \"out-data\" : \"\\r\\n\\r\\nFullName      : C:\\\\Windows\\\\Temp\\\\pt-2026-011-jpg.txt\\r\\nLength        : 6\\r\\nLastWriteTime : 7/18/2026 1:55:35 PM\\r\\n\\r\\n\\r\\n\\r\\n\"\n}\n",
      "detection_fired": false,
      "detection_latency_seconds": null
    }
  ],
  "cleanup": {
    "start_time_utc": "2026-07-18T20:57:07.159801Z",
    "exec_output": "{\n   \"exitcode\" : 0,\n   \"exited\" : 1,\n   \"out-data\" : \"cleanup complete\\r\\n\"\n}\n",
    "end_time_utc": "2026-07-18T20:57:09.386621Z"
  }
}
