{
  "scenario_id": "PT-2026-005",
  "validation_run_id": "VAL-2026-005",
  "technique_id": "T1543.003",
  "original": {
    "start_time_utc": "2026-07-18T16:38:32.050452Z",
    "end_time_utc": "2026-07-18T16:38:38.617925Z",
    "exec_output": "{\n   \"exitcode\" : 0,\n   \"exited\" : 1,\n   \"out-data\" : \"[SC] CreateService SUCCESS\\r\\n[SC] StartService FAILED 1053:\\r\\n\\r\\nThe service did not respond to the start or control request in a timely fashion.\\r\\n\\r\\n{\\\"MarkerExists\\\":true}\\r\\n\"\n}\n",
    "detection_results": [
      {
        "_time": "2026-07-18 16:38:41.000 UTC",
        "host": "VICTIM-MAYURI",
        "source": "WinEventLog:Microsoft-Windows-Sysmon/Operational",
        "sourcetype": "XmlWinEventLog:Microsoft-Windows-Sysmon/Operational",
        "_raw": "<Event xmlns='http://schemas.microsoft.com/win/2004/08/events/event'><System><Provider Name='Microsoft-Windows-Sysmon' Guid='{5770385f-c22a-43e0-bf4c-06f5698ffbd9}'/><EventID>1</EventID><Version>5</Version><Level>4</Level><Task>1</Task><Opcode>0</Opcode><Keywords>0x8000000000000000</Keywords><TimeCreated SystemTime='2026-07-18T16:38:41.4498975Z'/><EventRecordID>44185</EventRecordID><Correlation/><Execution ProcessID='3504' ThreadID='4132'/><Channel>Microsoft-Windows-Sysmon/Operational</Channel><Computer>VICTIM-MAYURI.mayuri.lab</Computer><Security UserID='S-1-5-18'/></System><EventData><Data Name='RuleName'>technique_id=T1543.003,technique_name=Windows Service</Data><Data Name='UtcTime'>2026-07-18 16:38:41.446</Data><Data Name='ProcessGuid'>{1d66a19f-ac11-6a5b-b511-000000000d00}</Data><Data Name='ProcessId'>1924</Data><Data Name='Image'>C:\\Windows\\System32\\sc.exe</Data><Data Name='FileVersion'>10.0.26100.4484 (WinBuild.160101.0800)</Data><Data Name='Description'>Service Control Manager Configuration Tool</Data><Data Name='Product'>Microsoft\u00c3\u0082\u00c2\u00ae Windows\u00c3\u0082\u00c2\u00ae Operating System</Data><Data Name='Company'>Microsoft Corporation</Data><Data Name='OriginalFileName'>sc.exe</Data><Data Name='CommandLine'>\"C:\\WINDOWS\\system32\\sc.exe\" start PT-2026-005-Original</Data><Data Name='CurrentDirectory'>C:\\WINDOWS\\system32\\</Data><Data Name='User'>NT AUTHORITY\\SYSTEM</Data><Data Name='LogonGuid'>{1d66a19f-3ee6-6a5a-e703-000000000000}</Data><Data Name='LogonId'>0x3e7</Data><Data Name='TerminalSessionId'>0</Data><Data Name='IntegrityLevel'>System</Data><Data Name='Hashes'>SHA1=2EE5A8EEA3E1CC63B5E88D9F69BB53F3C380B765,MD5=C8F632A326219F85927B3F33A13F7C7D,SHA256=A452BFCB6000D03942DDFADDCDA5A7EB121447ED99B1BA090446B4A989F1F7AE,IMPHASH=42DADBD60BBC453DD1773FDC089E19B7</Data><Data Name='ParentProcessGuid'>{1d66a19f-ac10-6a5b-b211-000000000d00}</Data><Data Name='ParentProcessId'>2336</Data><Data Name='ParentImage'>C:\\Windows\\System32\\WindowsPowerShell\\v1.0\\powershell.exe</Data><Data Name='ParentCommandLine'>powershell.exe -NoProfile -ExecutionPolicy Bypass -Command \"$ErrorActionPreference = 'Stop'\n$service = 'PT-2026-005-Original'\n$marker = 'C:\\Windows\\Temp\\pt-2026-005-original.txt'\nsc.exe delete $service &gt; $null 2&gt;&amp;1\nif (Test-Path $marker) { Remove-Item $marker -Force }\nsc.exe create $service binPath= \\\"C:\\Windows\\System32\\cmd.exe /c echo PT-2026-005-ORIGINAL &gt; C:\\Windows\\Temp\\pt-2026-005-original.txt\\\" start= demand | Out-Host\nStart-Sleep -Seconds 1\nsc.exe start $service | Out-Host\nStart-Sleep -Seconds 3\n$exists = Test-Path $marker\n[pscustomobject]@{ MarkerExists=$exists } | ConvertTo-Json -Compress | Out-Host\n\"</Data><Data Name='ParentUser'>NT AUTHORITY\\SYSTEM</Data></EventData></Event>"
      },
      {
        "_time": "2026-07-18 16:38:40.000 UTC",
        "host": "VICTIM-MAYURI",
        "source": "WinEventLog:Microsoft-Windows-Sysmon/Operational",
        "sourcetype": "XmlWinEventLog:Microsoft-Windows-Sysmon/Operational",
        "_raw": "<Event xmlns='http://schemas.microsoft.com/win/2004/08/events/event'><System><Provider Name='Microsoft-Windows-Sysmon' Guid='{5770385f-c22a-43e0-bf4c-06f5698ffbd9}'/><EventID>1</EventID><Version>5</Version><Level>4</Level><Task>1</Task><Opcode>0</Opcode><Keywords>0x8000000000000000</Keywords><TimeCreated SystemTime='2026-07-18T16:38:40.3680913Z'/><EventRecordID>44176</EventRecordID><Correlation/><Execution ProcessID='3504' ThreadID='4132'/><Channel>Microsoft-Windows-Sysmon/Operational</Channel><Computer>VICTIM-MAYURI.mayuri.lab</Computer><Security UserID='S-1-5-18'/></System><EventData><Data Name='RuleName'>technique_id=T1543.003,technique_name=Windows Service</Data><Data Name='UtcTime'>2026-07-18 16:38:40.363</Data><Data Name='ProcessGuid'>{1d66a19f-ac10-6a5b-b411-000000000d00}</Data><Data Name='ProcessId'>5700</Data><Data Name='Image'>C:\\Windows\\System32\\sc.exe</Data><Data Name='FileVersion'>10.0.26100.4484 (WinBuild.160101.0800)</Data><Data Name='Description'>Service Control Manager Configuration Tool</Data><Data Name='Product'>Microsoft\u00c3\u0082\u00c2\u00ae Windows\u00c3\u0082\u00c2\u00ae Operating System</Data><Data Name='Company'>Microsoft Corporation</Data><Data Name='OriginalFileName'>sc.exe</Data><Data Name='CommandLine'>\"C:\\WINDOWS\\system32\\sc.exe\" create PT-2026-005-Original binPath= \"C:\\Windows\\System32\\cmd.exe /c echo PT-2026-005-ORIGINAL &gt; C:\\Windows\\Temp\\pt-2026-005-original.txt\" start= demand</Data><Data Name='CurrentDirectory'>C:\\WINDOWS\\system32\\</Data><Data Name='User'>NT AUTHORITY\\SYSTEM</Data><Data Name='LogonGuid'>{1d66a19f-3ee6-6a5a-e703-000000000000}</Data><Data Name='LogonId'>0x3e7</Data><Data Name='TerminalSessionId'>0</Data><Data Name='IntegrityLevel'>System</Data><Data Name='Hashes'>SHA1=2EE5A8EEA3E1CC63B5E88D9F69BB53F3C380B765,MD5=C8F632A326219F85927B3F33A13F7C7D,SHA256=A452BFCB6000D03942DDFADDCDA5A7EB121447ED99B1BA090446B4A989F1F7AE,IMPHASH=42DADBD60BBC453DD1773FDC089E19B7</Data><Data Name='ParentProcessGuid'>{1d66a19f-ac10-6a5b-b211-000000000d00}</Data><Data Name='ParentProcessId'>2336</Data><Data Name='ParentImage'>C:\\Windows\\System32\\WindowsPowerShell\\v1.0\\powershell.exe</Data><Data Name='ParentCommandLine'>powershell.exe -NoProfile -ExecutionPolicy Bypass -Command \"$ErrorActionPreference = 'Stop'\n$service = 'PT-2026-005-Original'\n$marker = 'C:\\Windows\\Temp\\pt-2026-005-original.txt'\nsc.exe delete $service &gt; $null 2&gt;&amp;1\nif (Test-Path $marker) { Remove-Item $marker -Force }\nsc.exe create $service binPath= \\\"C:\\Windows\\System32\\cmd.exe /c echo PT-2026-005-ORIGINAL &gt; C:\\Windows\\Temp\\pt-2026-005-original.txt\\\" start= demand | Out-Host\nStart-Sleep -Seconds 1\nsc.exe start $service | Out-Host\nStart-Sleep -Seconds 3\n$exists = Test-Path $marker\n[pscustomobject]@{ MarkerExists=$exists } | ConvertTo-Json -Compress | Out-Host\n\"</Data><Data Name='ParentUser'>NT AUTHORITY\\SYSTEM</Data></EventData></Event>"
      },
      {
        "_time": "2026-07-18 16:38:40.000 UTC",
        "host": "VICTIM-MAYURI",
        "source": "WinEventLog:Microsoft-Windows-Sysmon/Operational",
        "sourcetype": "XmlWinEventLog:Microsoft-Windows-Sysmon/Operational",
        "_raw": "<Event xmlns='http://schemas.microsoft.com/win/2004/08/events/event'><System><Provider Name='Microsoft-Windows-Sysmon' Guid='{5770385f-c22a-43e0-bf4c-06f5698ffbd9}'/><EventID>1</EventID><Version>5</Version><Level>4</Level><Task>1</Task><Opcode>0</Opcode><Keywords>0x8000000000000000</Keywords><TimeCreated SystemTime='2026-07-18T16:38:40.3030319Z'/><EventRecordID>44172</EventRecordID><Correlation/><Execution ProcessID='3504' ThreadID='4132'/><Channel>Microsoft-Windows-Sysmon/Operational</Channel><Computer>VICTIM-MAYURI.mayuri.lab</Computer><Security UserID='S-1-5-18'/></System><EventData><Data Name='RuleName'>technique_id=T1543.003,technique_name=Windows Service</Data><Data Name='UtcTime'>2026-07-18 16:38:40.299</Data><Data Name='ProcessGuid'>{1d66a19f-ac10-6a5b-b311-000000000d00}</Data><Data Name='ProcessId'>1496</Data><Data Name='Image'>C:\\Windows\\System32\\sc.exe</Data><Data Name='FileVersion'>10.0.26100.4484 (WinBuild.160101.0800)</Data><Data Name='Description'>Service Control Manager Configuration Tool</Data><Data Name='Product'>Microsoft\u00c3\u0082\u00c2\u00ae Windows\u00c3\u0082\u00c2\u00ae Operating System</Data><Data Name='Company'>Microsoft Corporation</Data><Data Name='OriginalFileName'>sc.exe</Data><Data Name='CommandLine'>\"C:\\WINDOWS\\system32\\sc.exe\" delete PT-2026-005-Original</Data><Data Name='CurrentDirectory'>C:\\WINDOWS\\system32\\</Data><Data Name='User'>NT AUTHORITY\\SYSTEM</Data><Data Name='LogonGuid'>{1d66a19f-3ee6-6a5a-e703-000000000000}</Data><Data Name='LogonId'>0x3e7</Data><Data Name='TerminalSessionId'>0</Data><Data Name='IntegrityLevel'>System</Data><Data Name='Hashes'>SHA1=2EE5A8EEA3E1CC63B5E88D9F69BB53F3C380B765,MD5=C8F632A326219F85927B3F33A13F7C7D,SHA256=A452BFCB6000D03942DDFADDCDA5A7EB121447ED99B1BA090446B4A989F1F7AE,IMPHASH=42DADBD60BBC453DD1773FDC089E19B7</Data><Data Name='ParentProcessGuid'>{1d66a19f-ac10-6a5b-b211-000000000d00}</Data><Data Name='ParentProcessId'>2336</Data><Data Name='ParentImage'>C:\\Windows\\System32\\WindowsPowerShell\\v1.0\\powershell.exe</Data><Data Name='ParentCommandLine'>powershell.exe -NoProfile -ExecutionPolicy Bypass -Command \"$ErrorActionPreference = 'Stop'\n$service = 'PT-2026-005-Original'\n$marker = 'C:\\Windows\\Temp\\pt-2026-005-original.txt'\nsc.exe delete $service &gt; $null 2&gt;&amp;1\nif (Test-Path $marker) { Remove-Item $marker -Force }\nsc.exe create $service binPath= \\\"C:\\Windows\\System32\\cmd.exe /c echo PT-2026-005-ORIGINAL &gt; C:\\Windows\\Temp\\pt-2026-005-original.txt\\\" start= demand | Out-Host\nStart-Sleep -Seconds 1\nsc.exe start $service | Out-Host\nStart-Sleep -Seconds 3\n$exists = Test-Path $marker\n[pscustomobject]@{ MarkerExists=$exists } | ConvertTo-Json -Compress | Out-Host\n\"</Data><Data Name='ParentUser'>NT AUTHORITY\\SYSTEM</Data></EventData></Event>"
      },
      {
        "_time": "2026-07-18 16:38:40.000 UTC",
        "host": "VICTIM-MAYURI",
        "source": "WinEventLog:Microsoft-Windows-Sysmon/Operational",
        "sourcetype": "XmlWinEventLog:Microsoft-Windows-Sysmon/Operational",
        "_raw": "<Event xmlns='http://schemas.microsoft.com/win/2004/08/events/event'><System><Provider Name='Microsoft-Windows-Sysmon' Guid='{5770385f-c22a-43e0-bf4c-06f5698ffbd9}'/><EventID>1</EventID><Version>5</Version><Level>4</Level><Task>1</Task><Opcode>0</Opcode><Keywords>0x8000000000000000</Keywords><TimeCreated SystemTime='2026-07-18T16:38:40.0851861Z'/><EventRecordID>44159</EventRecordID><Correlation/><Execution ProcessID='3504' ThreadID='4132'/><Channel>Microsoft-Windows-Sysmon/Operational</Channel><Computer>VICTIM-MAYURI.mayuri.lab</Computer><Security UserID='S-1-5-18'/></System><EventData><Data Name='RuleName'>technique_id=T1059.001,technique_name=PowerShell</Data><Data Name='UtcTime'>2026-07-18 16:38:40.074</Data><Data Name='ProcessGuid'>{1d66a19f-ac10-6a5b-b211-000000000d00}</Data><Data Name='ProcessId'>2336</Data><Data Name='Image'>C:\\Windows\\System32\\WindowsPowerShell\\v1.0\\powershell.exe</Data><Data Name='FileVersion'>10.0.26100.8875 (WinBuild.160101.0800)</Data><Data Name='Description'>Windows PowerShell</Data><Data Name='Product'>Microsoft\u00c3\u0082\u00c2\u00ae Windows\u00c3\u0082\u00c2\u00ae Operating System</Data><Data Name='Company'>Microsoft Corporation</Data><Data Name='OriginalFileName'>PowerShell.EXE</Data><Data Name='CommandLine'>powershell.exe -NoProfile -ExecutionPolicy Bypass -Command \"$ErrorActionPreference = 'Stop'\n$service = 'PT-2026-005-Original'\n$marker = 'C:\\Windows\\Temp\\pt-2026-005-original.txt'\nsc.exe delete $service &gt; $null 2&gt;&amp;1\nif (Test-Path $marker) { Remove-Item $marker -Force }\nsc.exe create $service binPath= \\\"C:\\Windows\\System32\\cmd.exe /c echo PT-2026-005-ORIGINAL &gt; C:\\Windows\\Temp\\pt-2026-005-original.txt\\\" start= demand | Out-Host\nStart-Sleep -Seconds 1\nsc.exe start $service | Out-Host\nStart-Sleep -Seconds 3\n$exists = Test-Path $marker\n[pscustomobject]@{ MarkerExists=$exists } | ConvertTo-Json -Compress | Out-Host\n\"</Data><Data Name='CurrentDirectory'>C:\\WINDOWS\\system32\\</Data><Data Name='User'>NT AUTHORITY\\SYSTEM</Data><Data Name='LogonGuid'>{1d66a19f-3ee6-6a5a-e703-000000000000}</Data><Data Name='LogonId'>0x3e7</Data><Data Name='TerminalSessionId'>0</Data><Data Name='IntegrityLevel'>System</Data><Data Name='Hashes'>SHA1=613000DC53E7EF0B048021F68DD06C101994DA29,MD5=E65ECCA3754249C00F50A035202F7591,SHA256=7600FFE12DA441FE89D035B13801E8E91D064BC544A27B19A5CF49F6AB8B18F5,IMPHASH=AFACF6DC9041114B198160AAB4D0AE77</Data><Data Name='ParentProcessGuid'>{1d66a19f-ac10-6a5b-b011-000000000d00}</Data><Data Name='ParentProcessId'>3120</Data><Data Name='ParentImage'>C:\\Program Files\\Qemu-ga\\gspawn-win64-helper.exe</Data><Data Name='ParentCommandLine'>\"C:\\Program Files\\Qemu-ga\\gspawn-win64-helper.exe\" 8 9 z 4 6 - y y - - powershell.exe -NoProfile -ExecutionPolicy Bypass -Command \"$ErrorActionPreference = 'Stop'\n$service = 'PT-2026-005-Original'\n$marker = 'C:\\Windows\\Temp\\pt-2026-005-original.txt'\nsc.exe delete $service &gt; $null 2&gt;&amp;1\nif (Test-Path $marker) { Remove-Item $marker -Force }\nsc.exe create $service binPath= \\\"C:\\Windows\\System32\\cmd.exe /c echo PT-2026-005-ORIGINAL &gt; C:\\Windows\\Temp\\pt-2026-005-original.txt\\\" start= demand | Out-Host\nStart-Sleep -Seconds 1\nsc.exe start $service | Out-Host\nStart-Sleep -Seconds 3\n$exists = Test-Path $marker\n[pscustomobject]@{ MarkerExists=$exists } | ConvertTo-Json -Compress | Out-Host\n\"</Data><Data Name='ParentUser'>NT AUTHORITY\\SYSTEM</Data></EventData></Event>"
      }
    ],
    "local_system_logs": "{\n   \"exitcode\" : 0,\n   \"exited\" : 1,\n   \"out-data\" : \"[\\r\\n    {\\r\\n        \\\"TimeCreated\\\":  \\\"\\\\/Date(1784392721479)\\\\/\\\",\\r\\n        \\\"Id\\\":  7000,\\r\\n        \\\"ProviderName\\\":  \\\"Service Control Manager\\\",\\r\\n        \\\"Message\\\":  \\\"The PT-2026-005-Original service failed to start due to the following error: \\\\r\\\\nThe service did not respond to the start or control request in a timely fashion.\\\"\\r\\n    },\\r\\n    {\\r\\n        \\\"TimeCreated\\\":  \\\"\\\\/Date(1784392721479)\\\\/\\\",\\r\\n        \\\"Id\\\":  7009,\\r\\n        \\\"ProviderName\\\":  \\\"Service Control Manager\\\",\\r\\n        \\\"Message\\\":  \\\"A timeout was reached (30000 milliseconds) while waiting for the PT-2026-005-Original service to connect.\\\"\\r\\n    },\\r\\n    {\\r\\n        \\\"TimeCreated\\\":  \\\"\\\\/Date(1784392720374)\\\\/\\\",\\r\\n        \\\"Id\\\":  7045,\\r\\n        \\\"ProviderName\\\":  \\\"Service Control Manager\\\",\\r\\n        \\\"Message\\\":  \\\"A service was installed in the system.\\\\r\\\\n\\\\r\\\\nService Name:  PT-2026-005-Original\\\\r\\\\nService File Name:  C:\\\\\\\\Windows\\\\\\\\System32\\\\\\\\cmd.exe /c echo PT-2026-005-ORIGINAL \\\\u003e C:\\\\\\\\Windows\\\\\\\\Temp\\\\\\\\pt-2026-005-original.txt\\\\r\\\\nService Type:  user mode service\\\\r\\\\nService Start Type:  demand start\\\\r\\\\nService Account:  LocalSystem\\\"\\r\\n    }\\r\\n]\\r\\n\"\n}\n",
    "detection_fired": true,
    "detection_latency_seconds": "uncomputed-search-window"
  },
  "variant": {
    "start_time_utc": "2026-07-18T16:38:48.714894Z",
    "end_time_utc": "2026-07-18T16:38:55.266504Z",
    "exec_output": "{\n   \"exitcode\" : 0,\n   \"exited\" : 1,\n   \"out-data\" : \"\\r\\nStatus   Name               DisplayName                           \\r\\n------   ----               -----------                           \\r\\nStopped  PT-2026-005-Var... PT-2026-005-Variant                   \\r\\n\\r\\n\\r\\n{\\\"MarkerExists\\\":false}\\r\\n\"\n}\n",
    "detection_results": [
      {
        "_time": "2026-07-18 16:38:56.000 UTC",
        "host": "VICTIM-MAYURI",
        "source": "WinEventLog:Microsoft-Windows-Sysmon/Operational",
        "sourcetype": "XmlWinEventLog:Microsoft-Windows-Sysmon/Operational",
        "_raw": "<Event xmlns='http://schemas.microsoft.com/win/2004/08/events/event'><System><Provider Name='Microsoft-Windows-Sysmon' Guid='{5770385f-c22a-43e0-bf4c-06f5698ffbd9}'/><EventID>1</EventID><Version>5</Version><Level>4</Level><Task>1</Task><Opcode>0</Opcode><Keywords>0x8000000000000000</Keywords><TimeCreated SystemTime='2026-07-18T16:38:56.7300212Z'/><EventRecordID>44208</EventRecordID><Correlation/><Execution ProcessID='3504' ThreadID='4132'/><Channel>Microsoft-Windows-Sysmon/Operational</Channel><Computer>VICTIM-MAYURI.mayuri.lab</Computer><Security UserID='S-1-5-18'/></System><EventData><Data Name='RuleName'>technique_id=T1059.001,technique_name=PowerShell</Data><Data Name='UtcTime'>2026-07-18 16:38:56.718</Data><Data Name='ProcessGuid'>{1d66a19f-ac20-6a5b-bc11-000000000d00}</Data><Data Name='ProcessId'>4252</Data><Data Name='Image'>C:\\Windows\\System32\\WindowsPowerShell\\v1.0\\powershell.exe</Data><Data Name='FileVersion'>10.0.26100.8875 (WinBuild.160101.0800)</Data><Data Name='Description'>Windows PowerShell</Data><Data Name='Product'>Microsoft\u00c3\u0082\u00c2\u00ae Windows\u00c3\u0082\u00c2\u00ae Operating System</Data><Data Name='Company'>Microsoft Corporation</Data><Data Name='OriginalFileName'>PowerShell.EXE</Data><Data Name='CommandLine'>powershell.exe -NoProfile -ExecutionPolicy Bypass -Command \"$ErrorActionPreference = 'Stop'\n$service = 'PT-2026-005-Variant'\n$marker = 'C:\\Windows\\Temp\\pt-2026-005-variant.txt'\nif (Get-Service $service -ErrorAction SilentlyContinue) {\n  sc.exe delete $service &gt; $null 2&gt;&amp;1\n  Start-Sleep -Seconds 1\n}\nif (Test-Path $marker) { Remove-Item $marker -Force }\nNew-Service -Name $service -BinaryPathName 'C:\\Windows\\System32\\WindowsPowerShell\\v1.0\\powershell.exe -NoProfile -Command \\\"Set-Content -Path C:\\Windows\\Temp\\pt-2026-005-variant.txt -Value PT-2026-005-VARIANT\\\"' -StartupType Manual | Out-Host\nStart-Sleep -Seconds 1\nStart-Service -Name $service -ErrorAction SilentlyContinue | Out-Null\nStart-Sleep -Seconds 3\n$exists = Test-Path $marker\n[pscustomobject]@{ MarkerExists=$exists } | ConvertTo-Json -Compress | Out-Host\n\"</Data><Data Name='CurrentDirectory'>C:\\WINDOWS\\system32\\</Data><Data Name='User'>NT AUTHORITY\\SYSTEM</Data><Data Name='LogonGuid'>{1d66a19f-3ee6-6a5a-e703-000000000000}</Data><Data Name='LogonId'>0x3e7</Data><Data Name='TerminalSessionId'>0</Data><Data Name='IntegrityLevel'>System</Data><Data Name='Hashes'>SHA1=613000DC53E7EF0B048021F68DD06C101994DA29,MD5=E65ECCA3754249C00F50A035202F7591,SHA256=7600FFE12DA441FE89D035B13801E8E91D064BC544A27B19A5CF49F6AB8B18F5,IMPHASH=AFACF6DC9041114B198160AAB4D0AE77</Data><Data Name='ParentProcessGuid'>{1d66a19f-ac20-6a5b-ba11-000000000d00}</Data><Data Name='ParentProcessId'>2176</Data><Data Name='ParentImage'>C:\\Program Files\\Qemu-ga\\gspawn-win64-helper.exe</Data><Data Name='ParentCommandLine'>\"C:\\Program Files\\Qemu-ga\\gspawn-win64-helper.exe\" 8 9 z 4 6 - y y - - powershell.exe -NoProfile -ExecutionPolicy Bypass -Command \"$ErrorActionPreference = 'Stop'\n$service = 'PT-2026-005-Variant'\n$marker = 'C:\\Windows\\Temp\\pt-2026-005-variant.txt'\nif (Get-Service $service -ErrorAction SilentlyContinue) {\n  sc.exe delete $service &gt; $null 2&gt;&amp;1\n  Start-Sleep -Seconds 1\n}\nif (Test-Path $marker) { Remove-Item $marker -Force }\nNew-Service -Name $service -BinaryPathName 'C:\\Windows\\System32\\WindowsPowerShell\\v1.0\\powershell.exe -NoProfile -Command \\\"Set-Content -Path C:\\Windows\\Temp\\pt-2026-005-variant.txt -Value PT-2026-005-VARIANT\\\"' -StartupType Manual | Out-Host\nStart-Sleep -Seconds 1\nStart-Service -Name $service -ErrorAction SilentlyContinue | Out-Null\nStart-Sleep -Seconds 3\n$exists = Test-Path $marker\n[pscustomobject]@{ MarkerExists=$exists } | ConvertTo-Json -Compress | Out-Host\n\"</Data><Data Name='ParentUser'>NT AUTHORITY\\SYSTEM</Data></EventData></Event>"
      }
    ],
    "local_system_logs": "{\n   \"exitcode\" : 0,\n   \"exited\" : 1,\n   \"out-data\" : \"[\\r\\n    {\\r\\n        \\\"TimeCreated\\\":  \\\"\\\\/Date(1784392738308)\\\\/\\\",\\r\\n        \\\"Id\\\":  7000,\\r\\n        \\\"ProviderName\\\":  \\\"Service Control Manager\\\",\\r\\n        \\\"Message\\\":  \\\"The PT-2026-005-Variant service failed to start due to the following error: \\\\r\\\\nThe service did not respond to the start or control request in a timely fashion.\\\"\\r\\n    },\\r\\n    {\\r\\n        \\\"TimeCreated\\\":  \\\"\\\\/Date(1784392738308)\\\\/\\\",\\r\\n        \\\"Id\\\":  7009,\\r\\n        \\\"ProviderName\\\":  \\\"Service Control Manager\\\",\\r\\n        \\\"Message\\\":  \\\"A timeout was reached (30000 milliseconds) while waiting for the PT-2026-005-Variant service to connect.\\\"\\r\\n    },\\r\\n    {\\r\\n        \\\"TimeCreated\\\":  \\\"\\\\/Date(1784392737083)\\\\/\\\",\\r\\n        \\\"Id\\\":  7045,\\r\\n        \\\"ProviderName\\\":  \\\"Service Control Manager\\\",\\r\\n        \\\"Message\\\":  \\\"A service was installed in the system.\\\\r\\\\n\\\\r\\\\nService Name:  PT-2026-005-Variant\\\\r\\\\nService File Name:  C:\\\\\\\\Windows\\\\\\\\System32\\\\\\\\WindowsPowerShell\\\\\\\\v1.0\\\\\\\\powershell.exe -NoProfile -Command \\\\\\\"Set-Content -Path C:\\\\\\\\Windows\\\\\\\\Temp\\\\\\\\pt-2026-005-variant.txt -Value PT-2026-005-VARIANT\\\\\\\"\\\\r\\\\nService Type:  user mode service\\\\r\\\\nService Start Type:  demand start\\\\r\\\\nService Account:  LocalSystem\\\"\\r\\n    }\\r\\n]\\r\\n\"\n}\n",
    "detection_fired": true,
    "detection_latency_seconds": "uncomputed-search-window"
  },
  "negatives": [
    {
      "start_time_utc": "2026-07-18T16:39:05.268878Z",
      "end_time_utc": "2026-07-18T16:39:07.511935Z",
      "exec_output": "{\n   \"exitcode\" : 0,\n   \"exited\" : 1,\n   \"out-data\" : \"[SC] QueryServiceConfig SUCCESS\\r\\n\\r\\nSERVICE_NAME: BITS\\r\\n        TYPE               : 20  WIN32_SHARE_PROCESS \\r\\n        START_TYPE         : 3   DEMAND_START\\r\\n        ERROR_CONTROL      : 1   NORMAL\\r\\n        BINARY_PATH_NAME   : C:\\\\WINDOWS\\\\System32\\\\svchost.exe -k netsvcs -p\\r\\n        LOAD_ORDER_GROUP   : \\r\\n        TAG                : 0\\r\\n        DISPLAY_NAME       : Background Intelligent Transfer Service\\r\\n        DEPENDENCIES       : RpcSs\\r\\n        SERVICE_START_NAME : LocalSystem\\r\\n\"\n}\n",
      "detection_results": [],
      "local_system_logs": "",
      "detection_fired": false,
      "detection_latency_seconds": null
    },
    {
      "start_time_utc": "2026-07-18T16:39:13.125805Z",
      "end_time_utc": "2026-07-18T16:39:15.423363Z",
      "exec_output": "{\n   \"exitcode\" : 0,\n   \"exited\" : 1,\n   \"out-data\" : \"\\r\\n\\r\\nName      : BITS\\r\\nStatus    : Stopped\\r\\nStartType : Manual\\r\\n\\r\\n\\r\\n\\r\\n\"\n}\n",
      "detection_results": [],
      "local_system_logs": "",
      "detection_fired": false,
      "detection_latency_seconds": null
    },
    {
      "start_time_utc": "2026-07-18T16:39:20.932913Z",
      "end_time_utc": "2026-07-18T16:39:24.144465Z",
      "exec_output": "{\n   \"exitcode\" : 0,\n   \"exited\" : 1,\n   \"out-data\" : \"[SC] CreateService SUCCESS\\r\\n[SC] DeleteService SUCCESS\\r\\nbenign service create cleanup complete\\r\\n\"\n}\n",
      "detection_results": [],
      "local_system_logs": "{\n   \"exitcode\" : 0,\n   \"exited\" : 1,\n   \"out-data\" : \"{\\r\\n    \\\"TimeCreated\\\":  \\\"\\\\/Date(1784392768855)\\\\/\\\",\\r\\n    \\\"Id\\\":  7045,\\r\\n    \\\"ProviderName\\\":  \\\"Service Control Manager\\\",\\r\\n    \\\"Message\\\":  \\\"A service was installed in the system.\\\\r\\\\n\\\\r\\\\nService Name:  PT-2026-005-Benign\\\\r\\\\nService File Name:  C:\\\\\\\\Windows\\\\\\\\System32\\\\\\\\notepad.exe\\\\r\\\\nService Type:  user mode service\\\\r\\\\nService Start Type:  demand start\\\\r\\\\nService Account:  LocalSystem\\\"\\r\\n}\\r\\n\"\n}\n",
      "detection_fired": false,
      "detection_latency_seconds": null
    }
  ],
  "cleanup": {
    "start_time_utc": "2026-07-18T16:39:30.850813Z",
    "exec_output": "{\n   \"exitcode\" : 0,\n   \"exited\" : 1,\n   \"out-data\" : \"cleanup complete\\r\\n\"\n}\n",
    "end_time_utc": "2026-07-18T16:39:32.051491Z"
  }
}
