{
  "scenario_id": "PT-2026-002",
  "validation_run_id": "VAL-2026-002",
  "technique_id": "T1059.003",
  "original": {
    "start_time_utc": "2026-07-18T13:20:27.478215Z",
    "end_time_utc": "2026-07-18T13:20:29.691350Z",
    "exec_output": "{\n   \"exitcode\" : 0,\n   \"exited\" : 1,\n   \"out-data\" : \"PT-2026-002 batch positive\\r\\n\\r\\n\\r\\nFullName      : C:\\\\WINDOWS\\\\Temp\\\\pt-2026-002-positive.txt\\r\\nLength        : 28\\r\\nLastWriteTime : 7/18/2026 6:20:33 AM\\r\\n\\r\\n\\r\\n\\r\\n\"\n}\n",
    "detection_results": [
      {
        "_time": "2026-07-18 13:20:33.000 UTC",
        "host": "VICTIM-MAYURI",
        "source": "WinEventLog:Microsoft-Windows-Sysmon/Operational",
        "sourcetype": "XmlWinEventLog:Microsoft-Windows-Sysmon/Operational",
        "_raw": "<Event xmlns='http://schemas.microsoft.com/win/2004/08/events/event'><System><Provider Name='Microsoft-Windows-Sysmon' Guid='{5770385f-c22a-43e0-bf4c-06f5698ffbd9}'/><EventID>1</EventID><Version>5</Version><Level>4</Level><Task>1</Task><Opcode>0</Opcode><Keywords>0x8000000000000000</Keywords><TimeCreated SystemTime='2026-07-18T13:20:33.3730132Z'/><EventRecordID>42316</EventRecordID><Correlation/><Execution ProcessID='3504' ThreadID='4132'/><Channel>Microsoft-Windows-Sysmon/Operational</Channel><Computer>VICTIM-MAYURI.mayuri.lab</Computer><Security UserID='S-1-5-18'/></System><EventData><Data Name='RuleName'>technique_id=T1059.001,technique_name=PowerShell</Data><Data Name='UtcTime'>2026-07-18 13:20:33.361</Data><Data Name='ProcessGuid'>{1d66a19f-7da1-6a5b-700b-000000000d00}</Data><Data Name='ProcessId'>5640</Data><Data Name='Image'>C:\\Windows\\System32\\WindowsPowerShell\\v1.0\\powershell.exe</Data><Data Name='FileVersion'>10.0.26100.8875 (WinBuild.160101.0800)</Data><Data Name='Description'>Windows PowerShell</Data><Data Name='Product'>Microsoft\u00c3\u0082\u00c2\u00ae Windows\u00c3\u0082\u00c2\u00ae Operating System</Data><Data Name='Company'>Microsoft Corporation</Data><Data Name='OriginalFileName'>PowerShell.EXE</Data><Data Name='CommandLine'>powershell.exe -NoProfile -ExecutionPolicy Bypass -Command \"$ErrorActionPreference=\\\"Stop\\\"; $scriptPath = Join-Path $env:TEMP \\\"pt-2026-002-positive.cmd\\\"; $markerPath = Join-Path $env:SystemRoot \\\"Temp\\pt-2026-002-positive.txt\\\"; @\\\"\n@echo off\necho PT-2026-002 batch positive&gt;\\\"%%SystemRoot%%\\Temp\\pt-2026-002-positive.txt\\\"\ntype \\\"%%SystemRoot%%\\Temp\\pt-2026-002-positive.txt\\\"\n\\\"@ | Set-Content -Path $scriptPath -Encoding ascii; cmd.exe /c $scriptPath; Get-Item $markerPath | Select-Object FullName,Length,LastWriteTime | Format-List\"</Data><Data Name='CurrentDirectory'>C:\\WINDOWS\\system32\\</Data><Data Name='User'>NT AUTHORITY\\SYSTEM</Data><Data Name='LogonGuid'>{1d66a19f-3ee6-6a5a-e703-000000000000}</Data><Data Name='LogonId'>0x3e7</Data><Data Name='TerminalSessionId'>0</Data><Data Name='IntegrityLevel'>System</Data><Data Name='Hashes'>SHA1=613000DC53E7EF0B048021F68DD06C101994DA29,MD5=E65ECCA3754249C00F50A035202F7591,SHA256=7600FFE12DA441FE89D035B13801E8E91D064BC544A27B19A5CF49F6AB8B18F5,IMPHASH=AFACF6DC9041114B198160AAB4D0AE77</Data><Data Name='ParentProcessGuid'>{1d66a19f-7da1-6a5b-6e0b-000000000d00}</Data><Data Name='ParentProcessId'>872</Data><Data Name='ParentImage'>C:\\Program Files\\Qemu-ga\\gspawn-win64-helper.exe</Data><Data Name='ParentCommandLine'>\"C:\\Program Files\\Qemu-ga\\gspawn-win64-helper.exe\" 8 9 z 4 6 - y y - - powershell.exe -NoProfile -ExecutionPolicy Bypass -Command \"$ErrorActionPreference=\\\"Stop\\\"; $scriptPath = Join-Path $env:TEMP \\\"pt-2026-002-positive.cmd\\\"; $markerPath = Join-Path $env:SystemRoot \\\"Temp\\pt-2026-002-positive.txt\\\"; @\\\"\n@echo off\necho PT-2026-002 batch positive&gt;\\\"%SystemRoot%\\Temp\\pt-2026-002-positive.txt\\\"\ntype \\\"%SystemRoot%\\Temp\\pt-2026-002-positive.txt\\\"\n\\\"@ | Set-Content -Path $scriptPath -Encoding ascii; cmd.exe /c $scriptPath; Get-Item $markerPath | Select-Object FullName,Length,LastWriteTime | Format-List\"</Data><Data Name='ParentUser'>NT AUTHORITY\\SYSTEM</Data></EventData></Event>"
      },
      {
        "_time": "2026-07-18 13:20:33.000 UTC",
        "host": "VICTIM-MAYURI",
        "source": "WinEventLog:Microsoft-Windows-Sysmon/Operational",
        "sourcetype": "XmlWinEventLog:Microsoft-Windows-Sysmon/Operational",
        "_raw": "<Event xmlns='http://schemas.microsoft.com/win/2004/08/events/event'><System><Provider Name='Microsoft-Windows-Sysmon' Guid='{5770385f-c22a-43e0-bf4c-06f5698ffbd9}'/><EventID>1</EventID><Version>5</Version><Level>4</Level><Task>1</Task><Opcode>0</Opcode><Keywords>0x8000000000000000</Keywords><TimeCreated SystemTime='2026-07-18T13:20:33.6090014Z'/><EventRecordID>42329</EventRecordID><Correlation/><Execution ProcessID='3504' ThreadID='4132'/><Channel>Microsoft-Windows-Sysmon/Operational</Channel><Computer>VICTIM-MAYURI.mayuri.lab</Computer><Security UserID='S-1-5-18'/></System><EventData><Data Name='RuleName'>technique_id=T1059.003,technique_name=Windows Command Shell</Data><Data Name='UtcTime'>2026-07-18 13:20:33.601</Data><Data Name='ProcessGuid'>{1d66a19f-7da1-6a5b-710b-000000000d00}</Data><Data Name='ProcessId'>5252</Data><Data Name='Image'>C:\\Windows\\System32\\cmd.exe</Data><Data Name='FileVersion'>10.0.26100.8737 (WinBuild.160101.0800)</Data><Data Name='Description'>Windows Command Processor</Data><Data Name='Product'>Microsoft\u00c3\u0082\u00c2\u00ae Windows\u00c3\u0082\u00c2\u00ae Operating System</Data><Data Name='Company'>Microsoft Corporation</Data><Data Name='OriginalFileName'>Cmd.Exe</Data><Data Name='CommandLine'>\"C:\\WINDOWS\\system32\\cmd.exe\" /c C:\\WINDOWS\\TEMP\\pt-2026-002-positive.cmd</Data><Data Name='CurrentDirectory'>C:\\WINDOWS\\system32\\</Data><Data Name='User'>NT AUTHORITY\\SYSTEM</Data><Data Name='LogonGuid'>{1d66a19f-3ee6-6a5a-e703-000000000000}</Data><Data Name='LogonId'>0x3e7</Data><Data Name='TerminalSessionId'>0</Data><Data Name='IntegrityLevel'>System</Data><Data Name='Hashes'>SHA1=6142A8457F497ABC4B102D75F549F76A9E3577C7,MD5=1F4D18374A699452622E80F6D5BB743E,SHA256=65EC268ADD3973B6DCA64222985DA47CAEAEE44A340B0EC1466782914FD743D9,IMPHASH=010B165E4C37F484601D3DBD700C9423</Data><Data Name='ParentProcessGuid'>{1d66a19f-7da1-6a5b-700b-000000000d00}</Data><Data Name='ParentProcessId'>5640</Data><Data Name='ParentImage'>C:\\Windows\\System32\\WindowsPowerShell\\v1.0\\powershell.exe</Data><Data Name='ParentCommandLine'>powershell.exe -NoProfile -ExecutionPolicy Bypass -Command \"$ErrorActionPreference=\\\"Stop\\\"; $scriptPath = Join-Path $env:TEMP \\\"pt-2026-002-positive.cmd\\\"; $markerPath = Join-Path $env:SystemRoot \\\"Temp\\pt-2026-002-positive.txt\\\"; @\\\"\n@echo off\necho PT-2026-002 batch positive&gt;\\\"%SystemRoot%\\Temp\\pt-2026-002-positive.txt\\\"\ntype \\\"%SystemRoot%\\Temp\\pt-2026-002-positive.txt\\\"\n\\\"@ | Set-Content -Path $scriptPath -Encoding ascii; cmd.exe /c $scriptPath; Get-Item $markerPath | Select-Object FullName,Length,LastWriteTime | Format-List\"</Data><Data Name='ParentUser'>NT AUTHORITY\\SYSTEM</Data></EventData></Event>"
      }
    ],
    "marker_results": [
      {
        "_time": "2026-07-18 13:20:33.000 UTC",
        "host": "VICTIM-MAYURI",
        "source": "WinEventLog:Microsoft-Windows-Sysmon/Operational",
        "sourcetype": "XmlWinEventLog:Microsoft-Windows-Sysmon/Operational",
        "_raw": "<Event xmlns='http://schemas.microsoft.com/win/2004/08/events/event'><System><Provider Name='Microsoft-Windows-Sysmon' Guid='{5770385f-c22a-43e0-bf4c-06f5698ffbd9}'/><EventID>11</EventID><Version>2</Version><Level>4</Level><Task>11</Task><Opcode>0</Opcode><Keywords>0x8000000000000000</Keywords><TimeCreated SystemTime='2026-07-18T13:20:33.6250412Z'/><EventRecordID>42331</EventRecordID><Correlation/><Execution ProcessID='3504' ThreadID='4132'/><Channel>Microsoft-Windows-Sysmon/Operational</Channel><Computer>VICTIM-MAYURI.mayuri.lab</Computer><Security UserID='S-1-5-18'/></System><EventData><Data Name='RuleName'>technique_id=T1574.010,technique_name=Services File Permissions Weakness</Data><Data Name='UtcTime'>2026-07-18 13:20:33.624</Data><Data Name='ProcessGuid'>{1d66a19f-7da1-6a5b-710b-000000000d00}</Data><Data Name='ProcessId'>5252</Data><Data Name='Image'>C:\\WINDOWS\\system32\\cmd.exe</Data><Data Name='TargetFilename'>C:\\Windows\\Temp\\pt-2026-002-positive.txt</Data><Data Name='CreationUtcTime'>2026-07-18 13:20:33.624</Data><Data Name='User'>NT AUTHORITY\\SYSTEM</Data></EventData></Event>"
      },
      {
        "_time": "2026-07-18 13:20:33.000 UTC",
        "host": "VICTIM-MAYURI",
        "source": "WinEventLog:Microsoft-Windows-Sysmon/Operational",
        "sourcetype": "XmlWinEventLog:Microsoft-Windows-Sysmon/Operational",
        "_raw": "<Event xmlns='http://schemas.microsoft.com/win/2004/08/events/event'><System><Provider Name='Microsoft-Windows-Sysmon' Guid='{5770385f-c22a-43e0-bf4c-06f5698ffbd9}'/><EventID>1</EventID><Version>5</Version><Level>4</Level><Task>1</Task><Opcode>0</Opcode><Keywords>0x8000000000000000</Keywords><TimeCreated SystemTime='2026-07-18T13:20:33.6090014Z'/><EventRecordID>42329</EventRecordID><Correlation/><Execution ProcessID='3504' ThreadID='4132'/><Channel>Microsoft-Windows-Sysmon/Operational</Channel><Computer>VICTIM-MAYURI.mayuri.lab</Computer><Security UserID='S-1-5-18'/></System><EventData><Data Name='RuleName'>technique_id=T1059.003,technique_name=Windows Command Shell</Data><Data Name='UtcTime'>2026-07-18 13:20:33.601</Data><Data Name='ProcessGuid'>{1d66a19f-7da1-6a5b-710b-000000000d00}</Data><Data Name='ProcessId'>5252</Data><Data Name='Image'>C:\\Windows\\System32\\cmd.exe</Data><Data Name='FileVersion'>10.0.26100.8737 (WinBuild.160101.0800)</Data><Data Name='Description'>Windows Command Processor</Data><Data Name='Product'>Microsoft\u00c3\u0082\u00c2\u00ae Windows\u00c3\u0082\u00c2\u00ae Operating System</Data><Data Name='Company'>Microsoft Corporation</Data><Data Name='OriginalFileName'>Cmd.Exe</Data><Data Name='CommandLine'>\"C:\\WINDOWS\\system32\\cmd.exe\" /c C:\\WINDOWS\\TEMP\\pt-2026-002-positive.cmd</Data><Data Name='CurrentDirectory'>C:\\WINDOWS\\system32\\</Data><Data Name='User'>NT AUTHORITY\\SYSTEM</Data><Data Name='LogonGuid'>{1d66a19f-3ee6-6a5a-e703-000000000000}</Data><Data Name='LogonId'>0x3e7</Data><Data Name='TerminalSessionId'>0</Data><Data Name='IntegrityLevel'>System</Data><Data Name='Hashes'>SHA1=6142A8457F497ABC4B102D75F549F76A9E3577C7,MD5=1F4D18374A699452622E80F6D5BB743E,SHA256=65EC268ADD3973B6DCA64222985DA47CAEAEE44A340B0EC1466782914FD743D9,IMPHASH=010B165E4C37F484601D3DBD700C9423</Data><Data Name='ParentProcessGuid'>{1d66a19f-7da1-6a5b-700b-000000000d00}</Data><Data Name='ParentProcessId'>5640</Data><Data Name='ParentImage'>C:\\Windows\\System32\\WindowsPowerShell\\v1.0\\powershell.exe</Data><Data Name='ParentCommandLine'>powershell.exe -NoProfile -ExecutionPolicy Bypass -Command \"$ErrorActionPreference=\\\"Stop\\\"; $scriptPath = Join-Path $env:TEMP \\\"pt-2026-002-positive.cmd\\\"; $markerPath = Join-Path $env:SystemRoot \\\"Temp\\pt-2026-002-positive.txt\\\"; @\\\"\n@echo off\necho PT-2026-002 batch positive&gt;\\\"%SystemRoot%\\Temp\\pt-2026-002-positive.txt\\\"\ntype \\\"%SystemRoot%\\Temp\\pt-2026-002-positive.txt\\\"\n\\\"@ | Set-Content -Path $scriptPath -Encoding ascii; cmd.exe /c $scriptPath; Get-Item $markerPath | Select-Object FullName,Length,LastWriteTime | Format-List\"</Data><Data Name='ParentUser'>NT AUTHORITY\\SYSTEM</Data></EventData></Event>"
      },
      {
        "_time": "2026-07-18 13:20:33.000 UTC",
        "host": "VICTIM-MAYURI",
        "source": "WinEventLog:Microsoft-Windows-Sysmon/Operational",
        "sourcetype": "XmlWinEventLog:Microsoft-Windows-Sysmon/Operational",
        "_raw": "<Event xmlns='http://schemas.microsoft.com/win/2004/08/events/event'><System><Provider Name='Microsoft-Windows-Sysmon' Guid='{5770385f-c22a-43e0-bf4c-06f5698ffbd9}'/><EventID>11</EventID><Version>2</Version><Level>4</Level><Task>11</Task><Opcode>0</Opcode><Keywords>0x8000000000000000</Keywords><TimeCreated SystemTime='2026-07-18T13:20:33.5990123Z'/><EventRecordID>42328</EventRecordID><Correlation/><Execution ProcessID='3504' ThreadID='4132'/><Channel>Microsoft-Windows-Sysmon/Operational</Channel><Computer>VICTIM-MAYURI.mayuri.lab</Computer><Security UserID='S-1-5-18'/></System><EventData><Data Name='RuleName'>-</Data><Data Name='UtcTime'>2026-07-18 13:20:33.598</Data><Data Name='ProcessGuid'>{1d66a19f-7da1-6a5b-700b-000000000d00}</Data><Data Name='ProcessId'>5640</Data><Data Name='Image'>C:\\WINDOWS\\System32\\WindowsPowerShell\\v1.0\\powershell.exe</Data><Data Name='TargetFilename'>C:\\Windows\\Temp\\pt-2026-002-positive.cmd</Data><Data Name='CreationUtcTime'>2026-07-18 13:20:33.598</Data><Data Name='User'>NT AUTHORITY\\SYSTEM</Data></EventData></Event>"
      },
      {
        "_time": "2026-07-18 13:20:33.000 UTC",
        "host": "VICTIM-MAYURI",
        "source": "WinEventLog:Microsoft-Windows-Sysmon/Operational",
        "sourcetype": "XmlWinEventLog:Microsoft-Windows-Sysmon/Operational",
        "_raw": "<Event xmlns='http://schemas.microsoft.com/win/2004/08/events/event'><System><Provider Name='Microsoft-Windows-Sysmon' Guid='{5770385f-c22a-43e0-bf4c-06f5698ffbd9}'/><EventID>1</EventID><Version>5</Version><Level>4</Level><Task>1</Task><Opcode>0</Opcode><Keywords>0x8000000000000000</Keywords><TimeCreated SystemTime='2026-07-18T13:20:33.3730132Z'/><EventRecordID>42316</EventRecordID><Correlation/><Execution ProcessID='3504' ThreadID='4132'/><Channel>Microsoft-Windows-Sysmon/Operational</Channel><Computer>VICTIM-MAYURI.mayuri.lab</Computer><Security UserID='S-1-5-18'/></System><EventData><Data Name='RuleName'>technique_id=T1059.001,technique_name=PowerShell</Data><Data Name='UtcTime'>2026-07-18 13:20:33.361</Data><Data Name='ProcessGuid'>{1d66a19f-7da1-6a5b-700b-000000000d00}</Data><Data Name='ProcessId'>5640</Data><Data Name='Image'>C:\\Windows\\System32\\WindowsPowerShell\\v1.0\\powershell.exe</Data><Data Name='FileVersion'>10.0.26100.8875 (WinBuild.160101.0800)</Data><Data Name='Description'>Windows PowerShell</Data><Data Name='Product'>Microsoft\u00c3\u0082\u00c2\u00ae Windows\u00c3\u0082\u00c2\u00ae Operating System</Data><Data Name='Company'>Microsoft Corporation</Data><Data Name='OriginalFileName'>PowerShell.EXE</Data><Data Name='CommandLine'>powershell.exe -NoProfile -ExecutionPolicy Bypass -Command \"$ErrorActionPreference=\\\"Stop\\\"; $scriptPath = Join-Path $env:TEMP \\\"pt-2026-002-positive.cmd\\\"; $markerPath = Join-Path $env:SystemRoot \\\"Temp\\pt-2026-002-positive.txt\\\"; @\\\"\n@echo off\necho PT-2026-002 batch positive&gt;\\\"%%SystemRoot%%\\Temp\\pt-2026-002-positive.txt\\\"\ntype \\\"%%SystemRoot%%\\Temp\\pt-2026-002-positive.txt\\\"\n\\\"@ | Set-Content -Path $scriptPath -Encoding ascii; cmd.exe /c $scriptPath; Get-Item $markerPath | Select-Object FullName,Length,LastWriteTime | Format-List\"</Data><Data Name='CurrentDirectory'>C:\\WINDOWS\\system32\\</Data><Data Name='User'>NT AUTHORITY\\SYSTEM</Data><Data Name='LogonGuid'>{1d66a19f-3ee6-6a5a-e703-000000000000}</Data><Data Name='LogonId'>0x3e7</Data><Data Name='TerminalSessionId'>0</Data><Data Name='IntegrityLevel'>System</Data><Data Name='Hashes'>SHA1=613000DC53E7EF0B048021F68DD06C101994DA29,MD5=E65ECCA3754249C00F50A035202F7591,SHA256=7600FFE12DA441FE89D035B13801E8E91D064BC544A27B19A5CF49F6AB8B18F5,IMPHASH=AFACF6DC9041114B198160AAB4D0AE77</Data><Data Name='ParentProcessGuid'>{1d66a19f-7da1-6a5b-6e0b-000000000d00}</Data><Data Name='ParentProcessId'>872</Data><Data Name='ParentImage'>C:\\Program Files\\Qemu-ga\\gspawn-win64-helper.exe</Data><Data Name='ParentCommandLine'>\"C:\\Program Files\\Qemu-ga\\gspawn-win64-helper.exe\" 8 9 z 4 6 - y y - - powershell.exe -NoProfile -ExecutionPolicy Bypass -Command \"$ErrorActionPreference=\\\"Stop\\\"; $scriptPath = Join-Path $env:TEMP \\\"pt-2026-002-positive.cmd\\\"; $markerPath = Join-Path $env:SystemRoot \\\"Temp\\pt-2026-002-positive.txt\\\"; @\\\"\n@echo off\necho PT-2026-002 batch positive&gt;\\\"%SystemRoot%\\Temp\\pt-2026-002-positive.txt\\\"\ntype \\\"%SystemRoot%\\Temp\\pt-2026-002-positive.txt\\\"\n\\\"@ | Set-Content -Path $scriptPath -Encoding ascii; cmd.exe /c $scriptPath; Get-Item $markerPath | Select-Object FullName,Length,LastWriteTime | Format-List\"</Data><Data Name='ParentUser'>NT AUTHORITY\\SYSTEM</Data></EventData></Event>"
      }
    ],
    "detection_fired": true,
    "marker_found": true,
    "detection_latency_seconds": "uncomputed-search-window"
  },
  "variant": {
    "start_time_utc": "2026-07-18T13:20:41.764810Z",
    "end_time_utc": "2026-07-18T13:20:44.052761Z",
    "exec_output": "{\n   \"exitcode\" : 0,\n   \"exited\" : 1,\n   \"out-data\" : \"PT-2026-002 suspicious variant  \\r\\n\\r\\n\\r\\nFullName      : C:\\\\WINDOWS\\\\Temp\\\\pt-2026-002-variant.txt\\r\\nLength        : 34\\r\\nLastWriteTime : 7/18/2026 6:20:48 AM\\r\\n\\r\\n\\r\\n\\r\\n\"\n}\n",
    "detection_results": [
      {
        "_time": "2026-07-18 13:20:48.000 UTC",
        "host": "VICTIM-MAYURI",
        "source": "WinEventLog:Microsoft-Windows-Sysmon/Operational",
        "sourcetype": "XmlWinEventLog:Microsoft-Windows-Sysmon/Operational",
        "_raw": "<Event xmlns='http://schemas.microsoft.com/win/2004/08/events/event'><System><Provider Name='Microsoft-Windows-Sysmon' Guid='{5770385f-c22a-43e0-bf4c-06f5698ffbd9}'/><EventID>1</EventID><Version>5</Version><Level>4</Level><Task>1</Task><Opcode>0</Opcode><Keywords>0x8000000000000000</Keywords><TimeCreated SystemTime='2026-07-18T13:20:48.0141154Z'/><EventRecordID>42350</EventRecordID><Correlation/><Execution ProcessID='3504' ThreadID='4132'/><Channel>Microsoft-Windows-Sysmon/Operational</Channel><Computer>VICTIM-MAYURI.mayuri.lab</Computer><Security UserID='S-1-5-18'/></System><EventData><Data Name='RuleName'>technique_id=T1059.003,technique_name=Windows Command Shell</Data><Data Name='UtcTime'>2026-07-18 13:20:48.005</Data><Data Name='ProcessGuid'>{1d66a19f-7db0-6a5b-7c0b-000000000d00}</Data><Data Name='ProcessId'>1724</Data><Data Name='Image'>C:\\Windows\\System32\\cmd.exe</Data><Data Name='FileVersion'>10.0.26100.8737 (WinBuild.160101.0800)</Data><Data Name='Description'>Windows Command Processor</Data><Data Name='Product'>Microsoft\u00c3\u0082\u00c2\u00ae Windows\u00c3\u0082\u00c2\u00ae Operating System</Data><Data Name='Company'>Microsoft Corporation</Data><Data Name='OriginalFileName'>Cmd.Exe</Data><Data Name='CommandLine'>cmd  /c echo PT-2026-002 suspicious variant  </Data><Data Name='CurrentDirectory'>C:\\Windows\\System32\\</Data><Data Name='User'>NT AUTHORITY\\SYSTEM</Data><Data Name='LogonGuid'>{1d66a19f-3ee6-6a5a-e703-000000000000}</Data><Data Name='LogonId'>0x3e7</Data><Data Name='TerminalSessionId'>0</Data><Data Name='IntegrityLevel'>System</Data><Data Name='Hashes'>SHA1=6142A8457F497ABC4B102D75F549F76A9E3577C7,MD5=1F4D18374A699452622E80F6D5BB743E,SHA256=65EC268ADD3973B6DCA64222985DA47CAEAEE44A340B0EC1466782914FD743D9,IMPHASH=010B165E4C37F484601D3DBD700C9423</Data><Data Name='ParentProcessGuid'>{1d66a19f-7daf-6a5b-7b0b-000000000d00}</Data><Data Name='ParentProcessId'>5332</Data><Data Name='ParentImage'>C:\\Windows\\System32\\cmd.exe</Data><Data Name='ParentCommandLine'>\"C:\\WINDOWS\\system32\\cmd.exe\" /c \"%LOCALAPPDATA:~-3,1%md /c echo PT-2026-002 suspicious variant &gt; %SystemRoot%\\Temp\\pt-2026-002-variant.txt &amp; type %SystemRoot%\\Temp\\pt-2026-002-variant.txt\"</Data><Data Name='ParentUser'>NT AUTHORITY\\SYSTEM</Data></EventData></Event>"
      },
      {
        "_time": "2026-07-18 13:20:47.000 UTC",
        "host": "VICTIM-MAYURI",
        "source": "WinEventLog:Microsoft-Windows-Sysmon/Operational",
        "sourcetype": "XmlWinEventLog:Microsoft-Windows-Sysmon/Operational",
        "_raw": "<Event xmlns='http://schemas.microsoft.com/win/2004/08/events/event'><System><Provider Name='Microsoft-Windows-Sysmon' Guid='{5770385f-c22a-43e0-bf4c-06f5698ffbd9}'/><EventID>1</EventID><Version>5</Version><Level>4</Level><Task>1</Task><Opcode>0</Opcode><Keywords>0x8000000000000000</Keywords><TimeCreated SystemTime='2026-07-18T13:20:47.9908234Z'/><EventRecordID>42347</EventRecordID><Correlation/><Execution ProcessID='3504' ThreadID='4132'/><Channel>Microsoft-Windows-Sysmon/Operational</Channel><Computer>VICTIM-MAYURI.mayuri.lab</Computer><Security UserID='S-1-5-18'/></System><EventData><Data Name='RuleName'>technique_id=T1059.003,technique_name=Windows Command Shell</Data><Data Name='UtcTime'>2026-07-18 13:20:47.982</Data><Data Name='ProcessGuid'>{1d66a19f-7daf-6a5b-7b0b-000000000d00}</Data><Data Name='ProcessId'>5332</Data><Data Name='Image'>C:\\Windows\\System32\\cmd.exe</Data><Data Name='FileVersion'>10.0.26100.8737 (WinBuild.160101.0800)</Data><Data Name='Description'>Windows Command Processor</Data><Data Name='Product'>Microsoft\u00c3\u0082\u00c2\u00ae Windows\u00c3\u0082\u00c2\u00ae Operating System</Data><Data Name='Company'>Microsoft Corporation</Data><Data Name='OriginalFileName'>Cmd.Exe</Data><Data Name='CommandLine'>\"C:\\WINDOWS\\system32\\cmd.exe\" /c \"%%LOCALAPPDATA:~-3,1%%md /c echo PT-2026-002 suspicious variant &gt; %%SystemRoot%%\\Temp\\pt-2026-002-variant.txt &amp; type %%SystemRoot%%\\Temp\\pt-2026-002-variant.txt\"</Data><Data Name='CurrentDirectory'>C:\\WINDOWS\\system32\\</Data><Data Name='User'>NT AUTHORITY\\SYSTEM</Data><Data Name='LogonGuid'>{1d66a19f-3ee6-6a5a-e703-000000000000}</Data><Data Name='LogonId'>0x3e7</Data><Data Name='TerminalSessionId'>0</Data><Data Name='IntegrityLevel'>System</Data><Data Name='Hashes'>SHA1=6142A8457F497ABC4B102D75F549F76A9E3577C7,MD5=1F4D18374A699452622E80F6D5BB743E,SHA256=65EC268ADD3973B6DCA64222985DA47CAEAEE44A340B0EC1466782914FD743D9,IMPHASH=010B165E4C37F484601D3DBD700C9423</Data><Data Name='ParentProcessGuid'>{1d66a19f-7daf-6a5b-7a0b-000000000d00}</Data><Data Name='ParentProcessId'>2676</Data><Data Name='ParentImage'>C:\\Windows\\System32\\WindowsPowerShell\\v1.0\\powershell.exe</Data><Data Name='ParentCommandLine'>powershell.exe -NoProfile -ExecutionPolicy Bypass -Command \"$ErrorActionPreference=\\\"Stop\\\"; $markerPath = Join-Path $env:SystemRoot \\\"Temp\\pt-2026-002-variant.txt\\\"; cmd.exe /c \\\"%LOCALAPPDATA:~-3,1%md /c echo PT-2026-002 suspicious variant &gt; %SystemRoot%\\Temp\\pt-2026-002-variant.txt &amp; type %SystemRoot%\\Temp\\pt-2026-002-variant.txt\\\"; Get-Item $markerPath | Select-Object FullName,Length,LastWriteTime | Format-List\"</Data><Data Name='ParentUser'>NT AUTHORITY\\SYSTEM</Data></EventData></Event>"
      },
      {
        "_time": "2026-07-18 13:20:47.000 UTC",
        "host": "VICTIM-MAYURI",
        "source": "WinEventLog:Microsoft-Windows-Sysmon/Operational",
        "sourcetype": "XmlWinEventLog:Microsoft-Windows-Sysmon/Operational",
        "_raw": "<Event xmlns='http://schemas.microsoft.com/win/2004/08/events/event'><System><Provider Name='Microsoft-Windows-Sysmon' Guid='{5770385f-c22a-43e0-bf4c-06f5698ffbd9}'/><EventID>1</EventID><Version>5</Version><Level>4</Level><Task>1</Task><Opcode>0</Opcode><Keywords>0x8000000000000000</Keywords><TimeCreated SystemTime='2026-07-18T13:20:47.7290397Z'/><EventRecordID>42335</EventRecordID><Correlation/><Execution ProcessID='3504' ThreadID='4132'/><Channel>Microsoft-Windows-Sysmon/Operational</Channel><Computer>VICTIM-MAYURI.mayuri.lab</Computer><Security UserID='S-1-5-18'/></System><EventData><Data Name='RuleName'>technique_id=T1059.001,technique_name=PowerShell</Data><Data Name='UtcTime'>2026-07-18 13:20:47.716</Data><Data Name='ProcessGuid'>{1d66a19f-7daf-6a5b-7a0b-000000000d00}</Data><Data Name='ProcessId'>2676</Data><Data Name='Image'>C:\\Windows\\System32\\WindowsPowerShell\\v1.0\\powershell.exe</Data><Data Name='FileVersion'>10.0.26100.8875 (WinBuild.160101.0800)</Data><Data Name='Description'>Windows PowerShell</Data><Data Name='Product'>Microsoft\u00c3\u0082\u00c2\u00ae Windows\u00c3\u0082\u00c2\u00ae Operating System</Data><Data Name='Company'>Microsoft Corporation</Data><Data Name='OriginalFileName'>PowerShell.EXE</Data><Data Name='CommandLine'>powershell.exe -NoProfile -ExecutionPolicy Bypass -Command \"$ErrorActionPreference=\\\"Stop\\\"; $markerPath = Join-Path $env:SystemRoot \\\"Temp\\pt-2026-002-variant.txt\\\"; cmd.exe /c \\\"%%LOCALAPPDATA:~-3,1%%md /c echo PT-2026-002 suspicious variant &gt; %%SystemRoot%%\\Temp\\pt-2026-002-variant.txt &amp; type %%SystemRoot%%\\Temp\\pt-2026-002-variant.txt\\\"; Get-Item $markerPath | Select-Object FullName,Length,LastWriteTime | Format-List\"</Data><Data Name='CurrentDirectory'>C:\\WINDOWS\\system32\\</Data><Data Name='User'>NT AUTHORITY\\SYSTEM</Data><Data Name='LogonGuid'>{1d66a19f-3ee6-6a5a-e703-000000000000}</Data><Data Name='LogonId'>0x3e7</Data><Data Name='TerminalSessionId'>0</Data><Data Name='IntegrityLevel'>System</Data><Data Name='Hashes'>SHA1=613000DC53E7EF0B048021F68DD06C101994DA29,MD5=E65ECCA3754249C00F50A035202F7591,SHA256=7600FFE12DA441FE89D035B13801E8E91D064BC544A27B19A5CF49F6AB8B18F5,IMPHASH=AFACF6DC9041114B198160AAB4D0AE77</Data><Data Name='ParentProcessGuid'>{1d66a19f-7daf-6a5b-780b-000000000d00}</Data><Data Name='ParentProcessId'>4876</Data><Data Name='ParentImage'>C:\\Program Files\\Qemu-ga\\gspawn-win64-helper.exe</Data><Data Name='ParentCommandLine'>\"C:\\Program Files\\Qemu-ga\\gspawn-win64-helper.exe\" 8 9 z 4 6 - y y - - powershell.exe -NoProfile -ExecutionPolicy Bypass -Command \"$ErrorActionPreference=\\\"Stop\\\"; $markerPath = Join-Path $env:SystemRoot \\\"Temp\\pt-2026-002-variant.txt\\\"; cmd.exe /c \\\"%LOCALAPPDATA:~-3,1%md /c echo PT-2026-002 suspicious variant &gt; %SystemRoot%\\Temp\\pt-2026-002-variant.txt &amp; type %SystemRoot%\\Temp\\pt-2026-002-variant.txt\\\"; Get-Item $markerPath | Select-Object FullName,Length,LastWriteTime | Format-List\"</Data><Data Name='ParentUser'>NT AUTHORITY\\SYSTEM</Data></EventData></Event>"
      }
    ],
    "marker_results": [
      {
        "_time": "2026-07-18 13:20:48.000 UTC",
        "host": "VICTIM-MAYURI",
        "source": "WinEventLog:Microsoft-Windows-Sysmon/Operational",
        "sourcetype": "XmlWinEventLog:Microsoft-Windows-Sysmon/Operational",
        "_raw": "<Event xmlns='http://schemas.microsoft.com/win/2004/08/events/event'><System><Provider Name='Microsoft-Windows-Sysmon' Guid='{5770385f-c22a-43e0-bf4c-06f5698ffbd9}'/><EventID>1</EventID><Version>5</Version><Level>4</Level><Task>1</Task><Opcode>0</Opcode><Keywords>0x8000000000000000</Keywords><TimeCreated SystemTime='2026-07-18T13:20:48.0141154Z'/><EventRecordID>42350</EventRecordID><Correlation/><Execution ProcessID='3504' ThreadID='4132'/><Channel>Microsoft-Windows-Sysmon/Operational</Channel><Computer>VICTIM-MAYURI.mayuri.lab</Computer><Security UserID='S-1-5-18'/></System><EventData><Data Name='RuleName'>technique_id=T1059.003,technique_name=Windows Command Shell</Data><Data Name='UtcTime'>2026-07-18 13:20:48.005</Data><Data Name='ProcessGuid'>{1d66a19f-7db0-6a5b-7c0b-000000000d00}</Data><Data Name='ProcessId'>1724</Data><Data Name='Image'>C:\\Windows\\System32\\cmd.exe</Data><Data Name='FileVersion'>10.0.26100.8737 (WinBuild.160101.0800)</Data><Data Name='Description'>Windows Command Processor</Data><Data Name='Product'>Microsoft\u00c3\u0082\u00c2\u00ae Windows\u00c3\u0082\u00c2\u00ae Operating System</Data><Data Name='Company'>Microsoft Corporation</Data><Data Name='OriginalFileName'>Cmd.Exe</Data><Data Name='CommandLine'>cmd  /c echo PT-2026-002 suspicious variant  </Data><Data Name='CurrentDirectory'>C:\\Windows\\System32\\</Data><Data Name='User'>NT AUTHORITY\\SYSTEM</Data><Data Name='LogonGuid'>{1d66a19f-3ee6-6a5a-e703-000000000000}</Data><Data Name='LogonId'>0x3e7</Data><Data Name='TerminalSessionId'>0</Data><Data Name='IntegrityLevel'>System</Data><Data Name='Hashes'>SHA1=6142A8457F497ABC4B102D75F549F76A9E3577C7,MD5=1F4D18374A699452622E80F6D5BB743E,SHA256=65EC268ADD3973B6DCA64222985DA47CAEAEE44A340B0EC1466782914FD743D9,IMPHASH=010B165E4C37F484601D3DBD700C9423</Data><Data Name='ParentProcessGuid'>{1d66a19f-7daf-6a5b-7b0b-000000000d00}</Data><Data Name='ParentProcessId'>5332</Data><Data Name='ParentImage'>C:\\Windows\\System32\\cmd.exe</Data><Data Name='ParentCommandLine'>\"C:\\WINDOWS\\system32\\cmd.exe\" /c \"%LOCALAPPDATA:~-3,1%md /c echo PT-2026-002 suspicious variant &gt; %SystemRoot%\\Temp\\pt-2026-002-variant.txt &amp; type %SystemRoot%\\Temp\\pt-2026-002-variant.txt\"</Data><Data Name='ParentUser'>NT AUTHORITY\\SYSTEM</Data></EventData></Event>"
      },
      {
        "_time": "2026-07-18 13:20:48.000 UTC",
        "host": "VICTIM-MAYURI",
        "source": "WinEventLog:Microsoft-Windows-Sysmon/Operational",
        "sourcetype": "XmlWinEventLog:Microsoft-Windows-Sysmon/Operational",
        "_raw": "<Event xmlns='http://schemas.microsoft.com/win/2004/08/events/event'><System><Provider Name='Microsoft-Windows-Sysmon' Guid='{5770385f-c22a-43e0-bf4c-06f5698ffbd9}'/><EventID>11</EventID><Version>2</Version><Level>4</Level><Task>11</Task><Opcode>0</Opcode><Keywords>0x8000000000000000</Keywords><TimeCreated SystemTime='2026-07-18T13:20:48.0036185Z'/><EventRecordID>42349</EventRecordID><Correlation/><Execution ProcessID='3504' ThreadID='4132'/><Channel>Microsoft-Windows-Sysmon/Operational</Channel><Computer>VICTIM-MAYURI.mayuri.lab</Computer><Security UserID='S-1-5-18'/></System><EventData><Data Name='RuleName'>technique_id=T1574.010,technique_name=Services File Permissions Weakness</Data><Data Name='UtcTime'>2026-07-18 13:20:48.001</Data><Data Name='ProcessGuid'>{1d66a19f-7daf-6a5b-7b0b-000000000d00}</Data><Data Name='ProcessId'>5332</Data><Data Name='Image'>C:\\WINDOWS\\system32\\cmd.exe</Data><Data Name='TargetFilename'>C:\\Windows\\Temp\\pt-2026-002-variant.txt</Data><Data Name='CreationUtcTime'>2026-07-18 13:20:48.001</Data><Data Name='User'>NT AUTHORITY\\SYSTEM</Data></EventData></Event>"
      },
      {
        "_time": "2026-07-18 13:20:47.000 UTC",
        "host": "VICTIM-MAYURI",
        "source": "WinEventLog:Microsoft-Windows-Sysmon/Operational",
        "sourcetype": "XmlWinEventLog:Microsoft-Windows-Sysmon/Operational",
        "_raw": "<Event xmlns='http://schemas.microsoft.com/win/2004/08/events/event'><System><Provider Name='Microsoft-Windows-Sysmon' Guid='{5770385f-c22a-43e0-bf4c-06f5698ffbd9}'/><EventID>1</EventID><Version>5</Version><Level>4</Level><Task>1</Task><Opcode>0</Opcode><Keywords>0x8000000000000000</Keywords><TimeCreated SystemTime='2026-07-18T13:20:47.9908234Z'/><EventRecordID>42347</EventRecordID><Correlation/><Execution ProcessID='3504' ThreadID='4132'/><Channel>Microsoft-Windows-Sysmon/Operational</Channel><Computer>VICTIM-MAYURI.mayuri.lab</Computer><Security UserID='S-1-5-18'/></System><EventData><Data Name='RuleName'>technique_id=T1059.003,technique_name=Windows Command Shell</Data><Data Name='UtcTime'>2026-07-18 13:20:47.982</Data><Data Name='ProcessGuid'>{1d66a19f-7daf-6a5b-7b0b-000000000d00}</Data><Data Name='ProcessId'>5332</Data><Data Name='Image'>C:\\Windows\\System32\\cmd.exe</Data><Data Name='FileVersion'>10.0.26100.8737 (WinBuild.160101.0800)</Data><Data Name='Description'>Windows Command Processor</Data><Data Name='Product'>Microsoft\u00c3\u0082\u00c2\u00ae Windows\u00c3\u0082\u00c2\u00ae Operating System</Data><Data Name='Company'>Microsoft Corporation</Data><Data Name='OriginalFileName'>Cmd.Exe</Data><Data Name='CommandLine'>\"C:\\WINDOWS\\system32\\cmd.exe\" /c \"%%LOCALAPPDATA:~-3,1%%md /c echo PT-2026-002 suspicious variant &gt; %%SystemRoot%%\\Temp\\pt-2026-002-variant.txt &amp; type %%SystemRoot%%\\Temp\\pt-2026-002-variant.txt\"</Data><Data Name='CurrentDirectory'>C:\\WINDOWS\\system32\\</Data><Data Name='User'>NT AUTHORITY\\SYSTEM</Data><Data Name='LogonGuid'>{1d66a19f-3ee6-6a5a-e703-000000000000}</Data><Data Name='LogonId'>0x3e7</Data><Data Name='TerminalSessionId'>0</Data><Data Name='IntegrityLevel'>System</Data><Data Name='Hashes'>SHA1=6142A8457F497ABC4B102D75F549F76A9E3577C7,MD5=1F4D18374A699452622E80F6D5BB743E,SHA256=65EC268ADD3973B6DCA64222985DA47CAEAEE44A340B0EC1466782914FD743D9,IMPHASH=010B165E4C37F484601D3DBD700C9423</Data><Data Name='ParentProcessGuid'>{1d66a19f-7daf-6a5b-7a0b-000000000d00}</Data><Data Name='ParentProcessId'>2676</Data><Data Name='ParentImage'>C:\\Windows\\System32\\WindowsPowerShell\\v1.0\\powershell.exe</Data><Data Name='ParentCommandLine'>powershell.exe -NoProfile -ExecutionPolicy Bypass -Command \"$ErrorActionPreference=\\\"Stop\\\"; $markerPath = Join-Path $env:SystemRoot \\\"Temp\\pt-2026-002-variant.txt\\\"; cmd.exe /c \\\"%LOCALAPPDATA:~-3,1%md /c echo PT-2026-002 suspicious variant &gt; %SystemRoot%\\Temp\\pt-2026-002-variant.txt &amp; type %SystemRoot%\\Temp\\pt-2026-002-variant.txt\\\"; Get-Item $markerPath | Select-Object FullName,Length,LastWriteTime | Format-List\"</Data><Data Name='ParentUser'>NT AUTHORITY\\SYSTEM</Data></EventData></Event>"
      },
      {
        "_time": "2026-07-18 13:20:47.000 UTC",
        "host": "VICTIM-MAYURI",
        "source": "WinEventLog:Microsoft-Windows-Sysmon/Operational",
        "sourcetype": "XmlWinEventLog:Microsoft-Windows-Sysmon/Operational",
        "_raw": "<Event xmlns='http://schemas.microsoft.com/win/2004/08/events/event'><System><Provider Name='Microsoft-Windows-Sysmon' Guid='{5770385f-c22a-43e0-bf4c-06f5698ffbd9}'/><EventID>1</EventID><Version>5</Version><Level>4</Level><Task>1</Task><Opcode>0</Opcode><Keywords>0x8000000000000000</Keywords><TimeCreated SystemTime='2026-07-18T13:20:47.7290397Z'/><EventRecordID>42335</EventRecordID><Correlation/><Execution ProcessID='3504' ThreadID='4132'/><Channel>Microsoft-Windows-Sysmon/Operational</Channel><Computer>VICTIM-MAYURI.mayuri.lab</Computer><Security UserID='S-1-5-18'/></System><EventData><Data Name='RuleName'>technique_id=T1059.001,technique_name=PowerShell</Data><Data Name='UtcTime'>2026-07-18 13:20:47.716</Data><Data Name='ProcessGuid'>{1d66a19f-7daf-6a5b-7a0b-000000000d00}</Data><Data Name='ProcessId'>2676</Data><Data Name='Image'>C:\\Windows\\System32\\WindowsPowerShell\\v1.0\\powershell.exe</Data><Data Name='FileVersion'>10.0.26100.8875 (WinBuild.160101.0800)</Data><Data Name='Description'>Windows PowerShell</Data><Data Name='Product'>Microsoft\u00c3\u0082\u00c2\u00ae Windows\u00c3\u0082\u00c2\u00ae Operating System</Data><Data Name='Company'>Microsoft Corporation</Data><Data Name='OriginalFileName'>PowerShell.EXE</Data><Data Name='CommandLine'>powershell.exe -NoProfile -ExecutionPolicy Bypass -Command \"$ErrorActionPreference=\\\"Stop\\\"; $markerPath = Join-Path $env:SystemRoot \\\"Temp\\pt-2026-002-variant.txt\\\"; cmd.exe /c \\\"%%LOCALAPPDATA:~-3,1%%md /c echo PT-2026-002 suspicious variant &gt; %%SystemRoot%%\\Temp\\pt-2026-002-variant.txt &amp; type %%SystemRoot%%\\Temp\\pt-2026-002-variant.txt\\\"; Get-Item $markerPath | Select-Object FullName,Length,LastWriteTime | Format-List\"</Data><Data Name='CurrentDirectory'>C:\\WINDOWS\\system32\\</Data><Data Name='User'>NT AUTHORITY\\SYSTEM</Data><Data Name='LogonGuid'>{1d66a19f-3ee6-6a5a-e703-000000000000}</Data><Data Name='LogonId'>0x3e7</Data><Data Name='TerminalSessionId'>0</Data><Data Name='IntegrityLevel'>System</Data><Data Name='Hashes'>SHA1=613000DC53E7EF0B048021F68DD06C101994DA29,MD5=E65ECCA3754249C00F50A035202F7591,SHA256=7600FFE12DA441FE89D035B13801E8E91D064BC544A27B19A5CF49F6AB8B18F5,IMPHASH=AFACF6DC9041114B198160AAB4D0AE77</Data><Data Name='ParentProcessGuid'>{1d66a19f-7daf-6a5b-780b-000000000d00}</Data><Data Name='ParentProcessId'>4876</Data><Data Name='ParentImage'>C:\\Program Files\\Qemu-ga\\gspawn-win64-helper.exe</Data><Data Name='ParentCommandLine'>\"C:\\Program Files\\Qemu-ga\\gspawn-win64-helper.exe\" 8 9 z 4 6 - y y - - powershell.exe -NoProfile -ExecutionPolicy Bypass -Command \"$ErrorActionPreference=\\\"Stop\\\"; $markerPath = Join-Path $env:SystemRoot \\\"Temp\\pt-2026-002-variant.txt\\\"; cmd.exe /c \\\"%LOCALAPPDATA:~-3,1%md /c echo PT-2026-002 suspicious variant &gt; %SystemRoot%\\Temp\\pt-2026-002-variant.txt &amp; type %SystemRoot%\\Temp\\pt-2026-002-variant.txt\\\"; Get-Item $markerPath | Select-Object FullName,Length,LastWriteTime | Format-List\"</Data><Data Name='ParentUser'>NT AUTHORITY\\SYSTEM</Data></EventData></Event>"
      }
    ],
    "detection_fired": true,
    "marker_found": true,
    "detection_latency_seconds": "uncomputed-search-window"
  },
  "negatives": [
    {
      "start_time_utc": "2026-07-18T13:20:56.306978Z",
      "end_time_utc": "2026-07-18T13:20:58.528949Z",
      "exec_output": "{\n   \"exitcode\" : 0,\n   \"exited\" : 1,\n   \"out-data\" : \"\\r\\n\\r\\nFullName      : C:\\\\WINDOWS\\\\TEMP\\\\pt-2026-002-negative-dir.txt\\r\\nLength        : 10486\\r\\nLastWriteTime : 7/18/2026 6:21:02 AM\\r\\n\\r\\n\\r\\n\\r\\n\"\n}\n",
      "detection_results": [],
      "marker_results": [],
      "detection_fired": false,
      "marker_found": null,
      "detection_latency_seconds": null
    },
    {
      "start_time_utc": "2026-07-18T13:21:04.991112Z",
      "end_time_utc": "2026-07-18T13:21:07.244642Z",
      "exec_output": "{\n   \"exitcode\" : 0,\n   \"exited\" : 1,\n   \"out-data\" : \"\\r\\n\\r\\nFullName      : C:\\\\WINDOWS\\\\TEMP\\\\pt-2026-002-negative-echo.txt\\r\\nLength        : 18\\r\\nLastWriteTime : 7/18/2026 6:21:11 AM\\r\\n\\r\\n\\r\\n\\r\\n\"\n}\n",
      "detection_results": [],
      "marker_results": [],
      "detection_fired": false,
      "marker_found": null,
      "detection_latency_seconds": null
    },
    {
      "start_time_utc": "2026-07-18T13:21:13.703125Z",
      "end_time_utc": "2026-07-18T13:21:15.929158Z",
      "exec_output": "{\n   \"exitcode\" : 0,\n   \"exited\" : 1,\n   \"out-data\" : \"\\r\\n\\r\\nFullName      : C:\\\\WINDOWS\\\\TEMP\\\\pt-2026-002-negative-whoami.txt\\r\\nLength        : 9368\\r\\nLastWriteTime : 7/18/2026 6:21:19 AM\\r\\n\\r\\n\\r\\n\\r\\n\"\n}\n",
      "detection_results": [],
      "marker_results": [],
      "detection_fired": false,
      "marker_found": null,
      "detection_latency_seconds": null
    }
  ],
  "cleanup": {
    "start_time_utc": "2026-07-18T13:21:23.516301Z",
    "end_time_utc": "2026-07-18T13:21:25.734353Z",
    "exec_output": "{\n   \"exitcode\" : 0,\n   \"exited\" : 1,\n   \"out-data\" : \"cleanup complete\\r\\n\"\n}\n"
  }
}
