{
  "scenario_id": "PT-2026-003",
  "validation_run_id": "VAL-2026-003",
  "technique_id": "T1047",
  "original": {
    "start_time_utc": "2026-07-18T13:21:25.735295Z",
    "end_time_utc": "2026-07-18T13:21:32.983557Z",
    "exec_output": "{\n   \"exitcode\" : 0,\n   \"exited\" : 1,\n   \"out-data\" : \"\\r\\n\\r\\nFullName      : C:\\\\WINDOWS\\\\TEMP\\\\pt-2026-003-wmic-positive.txt\\r\\nLength        : 18\\r\\nLastWriteTime : 7/18/2026 6:21:34 AM\\r\\n\\r\\n\\r\\n\\r\\n\"\n}\n",
    "detection_results": [
      {
        "_time": "2026-07-18 13:21:33.000 UTC",
        "host": "VICTIM-MAYURI",
        "source": "WinEventLog:Microsoft-Windows-PowerShell/Operational",
        "sourcetype": "XmlWinEventLog:Microsoft-Windows-PowerShell/Operational",
        "_raw": "<Event xmlns='http://schemas.microsoft.com/win/2004/08/events/event'><System><Provider Name='Microsoft-Windows-PowerShell' Guid='{a0c1853b-5c40-4b15-8766-3cf1c58f985a}'/><EventID>4104</EventID><Version>1</Version><Level>5</Level><Task>2</Task><Opcode>15</Opcode><Keywords>0x0</Keywords><TimeCreated SystemTime='2026-07-18T13:21:33.8294019Z'/><EventRecordID>56502</EventRecordID><Correlation ActivityID='{395f3f0e-15fa-0000-5208-7c39fa15dd01}'/><Execution ProcessID='2676' ThreadID='6104'/><Channel>Microsoft-Windows-PowerShell/Operational</Channel><Computer>VICTIM-MAYURI.mayuri.lab</Computer><Security UserID='S-1-5-18'/></System><EventData><Data Name='MessageNumber'>1</Data><Data Name='MessageTotal'>1</Data><Data Name='ScriptBlockText'>$marker = Join-Path $env:TEMP \"pt-2026-003-wmic-positive.txt\"; if (Test-Path $marker) { Remove-Item $marker -Force }; $null = ([wmiclass]\"Win32_Process\").Create(\"cmd.exe /c echo PT-2026-003-WMIC&gt;%TEMP%\\pt-2026-003-wmic-positive.txt\"); Start-Sleep -Seconds 3; Get-Item $marker | Select-Object FullName,Length,LastWriteTime | Format-List</Data><Data Name='ScriptBlockId'>8cb4074d-a325-4066-9427-3279bfb4c2c3</Data><Data Name='Path'></Data></EventData></Event>"
      }
    ],
    "marker_results": [
      {
        "_time": "2026-07-18 13:21:37.000 UTC",
        "host": "VICTIM-MAYURI",
        "source": "WinEventLog:Microsoft-Windows-PowerShell/Operational",
        "sourcetype": "XmlWinEventLog:Microsoft-Windows-PowerShell/Operational",
        "_raw": "<Event xmlns='http://schemas.microsoft.com/win/2004/08/events/event'><System><Provider Name='Microsoft-Windows-PowerShell' Guid='{a0c1853b-5c40-4b15-8766-3cf1c58f985a}'/><EventID>4103</EventID><Version>1</Version><Level>4</Level><Task>106</Task><Opcode>20</Opcode><Keywords>0x0</Keywords><TimeCreated SystemTime='2026-07-18T13:21:37.0267837Z'/><EventRecordID>56507</EventRecordID><Correlation ActivityID='{395f3f0e-15fa-0000-5208-7c39fa15dd01}'/><Execution ProcessID='2676' ThreadID='6104'/><Channel>Microsoft-Windows-PowerShell/Operational</Channel><Computer>VICTIM-MAYURI.mayuri.lab</Computer><Security UserID='S-1-5-18'/></System><EventData><Data Name='ContextInfo'>        Severity = Informational\r\n        Host Name = ConsoleHost\r\n        Host Version = 5.1.26100.8875\r\n        Host ID = adb4bb11-2606-48ec-883d-b974f2fd45c4\r\n        Host Application = powershell.exe -NoProfile -ExecutionPolicy Bypass -Command $marker = Join-Path $env:TEMP \"pt-2026-003-wmic-positive.txt\"; if (Test-Path $marker) { Remove-Item $marker -Force }; $null = ([wmiclass]\"Win32_Process\").Create(\"cmd.exe /c echo PT-2026-003-WMIC&gt;%TEMP%\\pt-2026-003-wmic-positive.txt\"); Start-Sleep -Seconds 3; Get-Item $marker | Select-Object FullName,Length,LastWriteTime | Format-List\r\n        Engine Version = 5.1.26100.8875\r\n        Runspace ID = 154debe4-8f38-4d3e-a7de-e0291ed5a574\r\n        Pipeline ID = 1\r\n        Command Name = \r\n        Command Type = Script\r\n        Script Name = \r\n        Command Path = \r\n        Sequence Number = 46\r\n        User = MAYURI\\SYSTEM\r\n        Connected User = \r\n        Shell ID = Microsoft.PowerShell\r\n</Data><Data Name='UserData'></Data><Data Name='Payload'>CommandInvocation(Out-Default): \"Out-Default\"\r\nParameterBinding(Out-Default): name=\"InputObject\"; value=\"Microsoft.PowerShell.Commands.Internal.Format.FormatStartData\"\r\nParameterBinding(Out-Default): name=\"InputObject\"; value=\"Microsoft.PowerShell.Commands.Internal.Format.GroupStartData\"\r\nParameterBinding(Out-Default): name=\"InputObject\"; value=\"Microsoft.PowerShell.Commands.Internal.Format.FormatEntryData\"\r\nParameterBinding(Out-Default): name=\"InputObject\"; value=\"Microsoft.PowerShell.Commands.Internal.Format.GroupEndData\"\r\nParameterBinding(Out-Default): name=\"InputObject\"; value=\"Microsoft.PowerShell.Commands.Internal.Format.FormatEndData\"\r\n</Data></EventData></Event>"
      },
      {
        "_time": "2026-07-18 13:21:37.000 UTC",
        "host": "VICTIM-MAYURI",
        "source": "WinEventLog:Microsoft-Windows-PowerShell/Operational",
        "sourcetype": "XmlWinEventLog:Microsoft-Windows-PowerShell/Operational",
        "_raw": "<Event xmlns='http://schemas.microsoft.com/win/2004/08/events/event'><System><Provider Name='Microsoft-Windows-PowerShell' Guid='{a0c1853b-5c40-4b15-8766-3cf1c58f985a}'/><EventID>4103</EventID><Version>1</Version><Level>4</Level><Task>106</Task><Opcode>20</Opcode><Keywords>0x0</Keywords><TimeCreated SystemTime='2026-07-18T13:21:37.0264874Z'/><EventRecordID>56506</EventRecordID><Correlation ActivityID='{395f3f0e-15fa-0003-31dd-7e39fa15dd01}'/><Execution ProcessID='2676' ThreadID='6104'/><Channel>Microsoft-Windows-PowerShell/Operational</Channel><Computer>VICTIM-MAYURI.mayuri.lab</Computer><Security UserID='S-1-5-18'/></System><EventData><Data Name='ContextInfo'>        Severity = Informational\r\n        Host Name = ConsoleHost\r\n        Host Version = 5.1.26100.8875\r\n        Host ID = adb4bb11-2606-48ec-883d-b974f2fd45c4\r\n        Host Application = powershell.exe -NoProfile -ExecutionPolicy Bypass -Command $marker = Join-Path $env:TEMP \"pt-2026-003-wmic-positive.txt\"; if (Test-Path $marker) { Remove-Item $marker -Force }; $null = ([wmiclass]\"Win32_Process\").Create(\"cmd.exe /c echo PT-2026-003-WMIC&gt;%TEMP%\\pt-2026-003-wmic-positive.txt\"); Start-Sleep -Seconds 3; Get-Item $marker | Select-Object FullName,Length,LastWriteTime | Format-List\r\n        Engine Version = 5.1.26100.8875\r\n        Runspace ID = 154debe4-8f38-4d3e-a7de-e0291ed5a574\r\n        Pipeline ID = 1\r\n        Command Name = Get-Item\r\n        Command Type = Cmdlet\r\n        Script Name = \r\n        Command Path = \r\n        Sequence Number = 41\r\n        User = MAYURI\\SYSTEM\r\n        Connected User = \r\n        Shell ID = Microsoft.PowerShell\r\n</Data><Data Name='UserData'></Data><Data Name='Payload'>CommandInvocation(Get-Item): \"Get-Item\"\r\nParameterBinding(Get-Item): name=\"Path\"; value=\"C:\\WINDOWS\\TEMP\\pt-2026-003-wmic-positive.txt\"\r\nCommandInvocation(Select-Object): \"Select-Object\"\r\nParameterBinding(Select-Object): name=\"Property\"; value=\"FullName, Length, LastWriteTime\"\r\nCommandInvocation(Format-List): \"Format-List\"\r\nParameterBinding(Select-Object): name=\"InputObject\"; value=\"C:\\WINDOWS\\TEMP\\pt-2026-003-wmic-positive.txt\"\r\nParameterBinding(Format-List): name=\"InputObject\"; value=\"@{FullName=C:\\WINDOWS\\TEMP\\pt-2026-003-wmic-positive.txt; Length=18; LastWriteTime=7/18/2026 6:21:34 AM}\"\r\n</Data></EventData></Event>"
      },
      {
        "_time": "2026-07-18 13:21:37.000 UTC",
        "host": "VICTIM-MAYURI",
        "source": "WinEventLog:Microsoft-Windows-PowerShell/Operational",
        "sourcetype": "XmlWinEventLog:Microsoft-Windows-PowerShell/Operational",
        "_raw": "<Event xmlns='http://schemas.microsoft.com/win/2004/08/events/event'><System><Provider Name='Microsoft-Windows-PowerShell' Guid='{a0c1853b-5c40-4b15-8766-3cf1c58f985a}'/><EventID>4103</EventID><Version>1</Version><Level>4</Level><Task>106</Task><Opcode>20</Opcode><Keywords>0x0</Keywords><TimeCreated SystemTime='2026-07-18T13:21:37.0182114Z'/><EventRecordID>56505</EventRecordID><Correlation ActivityID='{395f3f0e-15fa-0003-f7dc-7e39fa15dd01}'/><Execution ProcessID='2676' ThreadID='6104'/><Channel>Microsoft-Windows-PowerShell/Operational</Channel><Computer>VICTIM-MAYURI.mayuri.lab</Computer><Security UserID='S-1-5-18'/></System><EventData><Data Name='ContextInfo'>        Severity = Informational\r\n        Host Name = ConsoleHost\r\n        Host Version = 5.1.26100.8875\r\n        Host ID = adb4bb11-2606-48ec-883d-b974f2fd45c4\r\n        Host Application = powershell.exe -NoProfile -ExecutionPolicy Bypass -Command $marker = Join-Path $env:TEMP \"pt-2026-003-wmic-positive.txt\"; if (Test-Path $marker) { Remove-Item $marker -Force }; $null = ([wmiclass]\"Win32_Process\").Create(\"cmd.exe /c echo PT-2026-003-WMIC&gt;%TEMP%\\pt-2026-003-wmic-positive.txt\"); Start-Sleep -Seconds 3; Get-Item $marker | Select-Object FullName,Length,LastWriteTime | Format-List\r\n        Engine Version = 5.1.26100.8875\r\n        Runspace ID = 154debe4-8f38-4d3e-a7de-e0291ed5a574\r\n        Pipeline ID = 1\r\n        Command Name = Start-Sleep\r\n        Command Type = Cmdlet\r\n        Script Name = \r\n        Command Path = \r\n        Sequence Number = 32\r\n        User = MAYURI\\SYSTEM\r\n        Connected User = \r\n        Shell ID = Microsoft.PowerShell\r\n</Data><Data Name='UserData'></Data><Data Name='Payload'>CommandInvocation(Start-Sleep): \"Start-Sleep\"\r\nParameterBinding(Start-Sleep): name=\"Seconds\"; value=\"3\"\r\n</Data></EventData></Event>"
      },
      {
        "_time": "2026-07-18 13:21:33.000 UTC",
        "host": "VICTIM-MAYURI",
        "source": "WinEventLog:Microsoft-Windows-PowerShell/Operational",
        "sourcetype": "XmlWinEventLog:Microsoft-Windows-PowerShell/Operational",
        "_raw": "<Event xmlns='http://schemas.microsoft.com/win/2004/08/events/event'><System><Provider Name='Microsoft-Windows-PowerShell' Guid='{a0c1853b-5c40-4b15-8766-3cf1c58f985a}'/><EventID>4103</EventID><Version>1</Version><Level>4</Level><Task>106</Task><Opcode>20</Opcode><Keywords>0x0</Keywords><TimeCreated SystemTime='2026-07-18T13:21:33.8730269Z'/><EventRecordID>56504</EventRecordID><Correlation ActivityID='{395f3f0e-15fa-0003-d7dc-7e39fa15dd01}'/><Execution ProcessID='2676' ThreadID='6104'/><Channel>Microsoft-Windows-PowerShell/Operational</Channel><Computer>VICTIM-MAYURI.mayuri.lab</Computer><Security UserID='S-1-5-18'/></System><EventData><Data Name='ContextInfo'>        Severity = Informational\r\n        Host Name = ConsoleHost\r\n        Host Version = 5.1.26100.8875\r\n        Host ID = adb4bb11-2606-48ec-883d-b974f2fd45c4\r\n        Host Application = powershell.exe -NoProfile -ExecutionPolicy Bypass -Command $marker = Join-Path $env:TEMP \"pt-2026-003-wmic-positive.txt\"; if (Test-Path $marker) { Remove-Item $marker -Force }; $null = ([wmiclass]\"Win32_Process\").Create(\"cmd.exe /c echo PT-2026-003-WMIC&gt;%TEMP%\\pt-2026-003-wmic-positive.txt\"); Start-Sleep -Seconds 3; Get-Item $marker | Select-Object FullName,Length,LastWriteTime | Format-List\r\n        Engine Version = 5.1.26100.8875\r\n        Runspace ID = 154debe4-8f38-4d3e-a7de-e0291ed5a574\r\n        Pipeline ID = 1\r\n        Command Name = Test-Path\r\n        Command Type = Cmdlet\r\n        Script Name = \r\n        Command Path = \r\n        Sequence Number = 26\r\n        User = MAYURI\\SYSTEM\r\n        Connected User = \r\n        Shell ID = Microsoft.PowerShell\r\n</Data><Data Name='UserData'></Data><Data Name='Payload'>CommandInvocation(Test-Path): \"Test-Path\"\r\nParameterBinding(Test-Path): name=\"Path\"; value=\"C:\\WINDOWS\\TEMP\\pt-2026-003-wmic-positive.txt\"\r\n</Data></EventData></Event>"
      },
      {
        "_time": "2026-07-18 13:21:33.000 UTC",
        "host": "VICTIM-MAYURI",
        "source": "WinEventLog:Microsoft-Windows-PowerShell/Operational",
        "sourcetype": "XmlWinEventLog:Microsoft-Windows-PowerShell/Operational",
        "_raw": "<Event xmlns='http://schemas.microsoft.com/win/2004/08/events/event'><System><Provider Name='Microsoft-Windows-PowerShell' Guid='{a0c1853b-5c40-4b15-8766-3cf1c58f985a}'/><EventID>4103</EventID><Version>1</Version><Level>4</Level><Task>106</Task><Opcode>20</Opcode><Keywords>0x0</Keywords><TimeCreated SystemTime='2026-07-18T13:21:33.8719510Z'/><EventRecordID>56503</EventRecordID><Correlation ActivityID='{395f3f0e-15fa-0003-d6dc-7e39fa15dd01}'/><Execution ProcessID='2676' ThreadID='6104'/><Channel>Microsoft-Windows-PowerShell/Operational</Channel><Computer>VICTIM-MAYURI.mayuri.lab</Computer><Security UserID='S-1-5-18'/></System><EventData><Data Name='ContextInfo'>        Severity = Informational\r\n        Host Name = ConsoleHost\r\n        Host Version = 5.1.26100.8875\r\n        Host ID = adb4bb11-2606-48ec-883d-b974f2fd45c4\r\n        Host Application = powershell.exe -NoProfile -ExecutionPolicy Bypass -Command $marker = Join-Path $env:TEMP \"pt-2026-003-wmic-positive.txt\"; if (Test-Path $marker) { Remove-Item $marker -Force }; $null = ([wmiclass]\"Win32_Process\").Create(\"cmd.exe /c echo PT-2026-003-WMIC&gt;%TEMP%\\pt-2026-003-wmic-positive.txt\"); Start-Sleep -Seconds 3; Get-Item $marker | Select-Object FullName,Length,LastWriteTime | Format-List\r\n        Engine Version = 5.1.26100.8875\r\n        Runspace ID = 154debe4-8f38-4d3e-a7de-e0291ed5a574\r\n        Pipeline ID = 1\r\n        Command Name = Join-Path\r\n        Command Type = Cmdlet\r\n        Script Name = \r\n        Command Path = \r\n        Sequence Number = 22\r\n        User = MAYURI\\SYSTEM\r\n        Connected User = \r\n        Shell ID = Microsoft.PowerShell\r\n</Data><Data Name='UserData'></Data><Data Name='Payload'>CommandInvocation(Join-Path): \"Join-Path\"\r\nParameterBinding(Join-Path): name=\"Path\"; value=\"C:\\WINDOWS\\TEMP\"\r\nParameterBinding(Join-Path): name=\"ChildPath\"; value=\"pt-2026-003-wmic-positive.txt\"\r\n</Data></EventData></Event>"
      },
      {
        "_time": "2026-07-18 13:21:33.000 UTC",
        "host": "VICTIM-MAYURI",
        "source": "WinEventLog:Microsoft-Windows-PowerShell/Operational",
        "sourcetype": "XmlWinEventLog:Microsoft-Windows-PowerShell/Operational",
        "_raw": "<Event xmlns='http://schemas.microsoft.com/win/2004/08/events/event'><System><Provider Name='Microsoft-Windows-PowerShell' Guid='{a0c1853b-5c40-4b15-8766-3cf1c58f985a}'/><EventID>4104</EventID><Version>1</Version><Level>5</Level><Task>2</Task><Opcode>15</Opcode><Keywords>0x0</Keywords><TimeCreated SystemTime='2026-07-18T13:21:33.8294019Z'/><EventRecordID>56502</EventRecordID><Correlation ActivityID='{395f3f0e-15fa-0000-5208-7c39fa15dd01}'/><Execution ProcessID='2676' ThreadID='6104'/><Channel>Microsoft-Windows-PowerShell/Operational</Channel><Computer>VICTIM-MAYURI.mayuri.lab</Computer><Security UserID='S-1-5-18'/></System><EventData><Data Name='MessageNumber'>1</Data><Data Name='MessageTotal'>1</Data><Data Name='ScriptBlockText'>$marker = Join-Path $env:TEMP \"pt-2026-003-wmic-positive.txt\"; if (Test-Path $marker) { Remove-Item $marker -Force }; $null = ([wmiclass]\"Win32_Process\").Create(\"cmd.exe /c echo PT-2026-003-WMIC&gt;%TEMP%\\pt-2026-003-wmic-positive.txt\"); Start-Sleep -Seconds 3; Get-Item $marker | Select-Object FullName,Length,LastWriteTime | Format-List</Data><Data Name='ScriptBlockId'>8cb4074d-a325-4066-9427-3279bfb4c2c3</Data><Data Name='Path'></Data></EventData></Event>"
      }
    ],
    "detection_fired": true,
    "marker_found": true,
    "detection_latency_seconds": "uncomputed-search-window"
  },
  "variant": {
    "start_time_utc": "2026-07-18T13:21:45.066925Z",
    "end_time_utc": "2026-07-18T13:21:50.288760Z",
    "exec_output": "{\n   \"exitcode\" : 0,\n   \"exited\" : 1,\n   \"out-data\" : \"\\r\\n\\r\\nFullName      : C:\\\\WINDOWS\\\\TEMP\\\\pt-2026-003-invoke-wmi-positive.txt\\r\\nLength        : 24\\r\\nLastWriteTime : 7/18/2026 6:21:51 AM\\r\\n\\r\\n\\r\\n\\r\\n\"\n}\n",
    "detection_results": [
      {
        "_time": "2026-07-18 13:21:51.000 UTC",
        "host": "VICTIM-MAYURI",
        "source": "WinEventLog:Microsoft-Windows-PowerShell/Operational",
        "sourcetype": "XmlWinEventLog:Microsoft-Windows-PowerShell/Operational",
        "_raw": "<Event xmlns='http://schemas.microsoft.com/win/2004/08/events/event'><System><Provider Name='Microsoft-Windows-PowerShell' Guid='{a0c1853b-5c40-4b15-8766-3cf1c58f985a}'/><EventID>4104</EventID><Version>1</Version><Level>5</Level><Task>2</Task><Opcode>15</Opcode><Keywords>0x0</Keywords><TimeCreated SystemTime='2026-07-18T13:21:51.1665877Z'/><EventRecordID>56512</EventRecordID><Correlation ActivityID='{395f3f0e-15fa-0003-d8de-7e39fa15dd01}'/><Execution ProcessID='3840' ThreadID='3516'/><Channel>Microsoft-Windows-PowerShell/Operational</Channel><Computer>VICTIM-MAYURI.mayuri.lab</Computer><Security UserID='S-1-5-18'/></System><EventData><Data Name='MessageNumber'>1</Data><Data Name='MessageTotal'>1</Data><Data Name='ScriptBlockText'>$marker = Join-Path $env:TEMP \"pt-2026-003-invoke-wmi-positive.txt\"; if (Test-Path $marker) { Remove-Item $marker -Force }; Invoke-WmiMethod -Path Win32_Process -Name Create -ArgumentList \"cmd.exe /c echo PT-2026-003-INVOKE-WMI&gt;%TEMP%\\pt-2026-003-invoke-wmi-positive.txt\" | Out-Null; Start-Sleep -Seconds 3; Get-Item $marker | Select-Object FullName,Length,LastWriteTime | Format-List</Data><Data Name='ScriptBlockId'>80f3744d-dc36-4e84-b299-db494855d6df</Data><Data Name='Path'></Data></EventData></Event>"
      }
    ],
    "marker_results": [
      {
        "_time": "2026-07-18 13:21:54.000 UTC",
        "host": "VICTIM-MAYURI",
        "source": "WinEventLog:Microsoft-Windows-PowerShell/Operational",
        "sourcetype": "XmlWinEventLog:Microsoft-Windows-PowerShell/Operational",
        "_raw": "<Event xmlns='http://schemas.microsoft.com/win/2004/08/events/event'><System><Provider Name='Microsoft-Windows-PowerShell' Guid='{a0c1853b-5c40-4b15-8766-3cf1c58f985a}'/><EventID>4103</EventID><Version>1</Version><Level>4</Level><Task>106</Task><Opcode>20</Opcode><Keywords>0x0</Keywords><TimeCreated SystemTime='2026-07-18T13:21:54.3437933Z'/><EventRecordID>56518</EventRecordID><Correlation ActivityID='{395f3f0e-15fa-0003-d8de-7e39fa15dd01}'/><Execution ProcessID='3840' ThreadID='3516'/><Channel>Microsoft-Windows-PowerShell/Operational</Channel><Computer>VICTIM-MAYURI.mayuri.lab</Computer><Security UserID='S-1-5-18'/></System><EventData><Data Name='ContextInfo'>        Severity = Informational\r\n        Host Name = ConsoleHost\r\n        Host Version = 5.1.26100.8875\r\n        Host ID = b5710ca5-24bb-4829-b586-ecb0644a3612\r\n        Host Application = powershell.exe -NoProfile -ExecutionPolicy Bypass -Command $marker = Join-Path $env:TEMP \"pt-2026-003-invoke-wmi-positive.txt\"; if (Test-Path $marker) { Remove-Item $marker -Force }; Invoke-WmiMethod -Path Win32_Process -Name Create -ArgumentList \"cmd.exe /c echo PT-2026-003-INVOKE-WMI&gt;%TEMP%\\pt-2026-003-invoke-wmi-positive.txt\" | Out-Null; Start-Sleep -Seconds 3; Get-Item $marker | Select-Object FullName,Length,LastWriteTime | Format-List\r\n        Engine Version = 5.1.26100.8875\r\n        Runspace ID = 2b8c104e-769f-4b77-8800-60e4af4b04ec\r\n        Pipeline ID = 1\r\n        Command Name = \r\n        Command Type = Script\r\n        Script Name = \r\n        Command Path = \r\n        Sequence Number = 52\r\n        User = MAYURI\\SYSTEM\r\n        Connected User = \r\n        Shell ID = Microsoft.PowerShell\r\n</Data><Data Name='UserData'></Data><Data Name='Payload'>CommandInvocation(Out-Default): \"Out-Default\"\r\nParameterBinding(Out-Default): name=\"InputObject\"; value=\"Microsoft.PowerShell.Commands.Internal.Format.FormatStartData\"\r\nParameterBinding(Out-Default): name=\"InputObject\"; value=\"Microsoft.PowerShell.Commands.Internal.Format.GroupStartData\"\r\nParameterBinding(Out-Default): name=\"InputObject\"; value=\"Microsoft.PowerShell.Commands.Internal.Format.FormatEntryData\"\r\nParameterBinding(Out-Default): name=\"InputObject\"; value=\"Microsoft.PowerShell.Commands.Internal.Format.GroupEndData\"\r\nParameterBinding(Out-Default): name=\"InputObject\"; value=\"Microsoft.PowerShell.Commands.Internal.Format.FormatEndData\"\r\n</Data></EventData></Event>"
      },
      {
        "_time": "2026-07-18 13:21:54.000 UTC",
        "host": "VICTIM-MAYURI",
        "source": "WinEventLog:Microsoft-Windows-PowerShell/Operational",
        "sourcetype": "XmlWinEventLog:Microsoft-Windows-PowerShell/Operational",
        "_raw": "<Event xmlns='http://schemas.microsoft.com/win/2004/08/events/event'><System><Provider Name='Microsoft-Windows-PowerShell' Guid='{a0c1853b-5c40-4b15-8766-3cf1c58f985a}'/><EventID>4103</EventID><Version>1</Version><Level>4</Level><Task>106</Task><Opcode>20</Opcode><Keywords>0x0</Keywords><TimeCreated SystemTime='2026-07-18T13:21:54.3435149Z'/><EventRecordID>56517</EventRecordID><Correlation ActivityID='{395f3f0e-15fa-0000-300a-7c39fa15dd01}'/><Execution ProcessID='3840' ThreadID='3516'/><Channel>Microsoft-Windows-PowerShell/Operational</Channel><Computer>VICTIM-MAYURI.mayuri.lab</Computer><Security UserID='S-1-5-18'/></System><EventData><Data Name='ContextInfo'>        Severity = Informational\r\n        Host Name = ConsoleHost\r\n        Host Version = 5.1.26100.8875\r\n        Host ID = b5710ca5-24bb-4829-b586-ecb0644a3612\r\n        Host Application = powershell.exe -NoProfile -ExecutionPolicy Bypass -Command $marker = Join-Path $env:TEMP \"pt-2026-003-invoke-wmi-positive.txt\"; if (Test-Path $marker) { Remove-Item $marker -Force }; Invoke-WmiMethod -Path Win32_Process -Name Create -ArgumentList \"cmd.exe /c echo PT-2026-003-INVOKE-WMI&gt;%TEMP%\\pt-2026-003-invoke-wmi-positive.txt\" | Out-Null; Start-Sleep -Seconds 3; Get-Item $marker | Select-Object FullName,Length,LastWriteTime | Format-List\r\n        Engine Version = 5.1.26100.8875\r\n        Runspace ID = 2b8c104e-769f-4b77-8800-60e4af4b04ec\r\n        Pipeline ID = 1\r\n        Command Name = Get-Item\r\n        Command Type = Cmdlet\r\n        Script Name = \r\n        Command Path = \r\n        Sequence Number = 47\r\n        User = MAYURI\\SYSTEM\r\n        Connected User = \r\n        Shell ID = Microsoft.PowerShell\r\n</Data><Data Name='UserData'></Data><Data Name='Payload'>CommandInvocation(Get-Item): \"Get-Item\"\r\nParameterBinding(Get-Item): name=\"Path\"; value=\"C:\\WINDOWS\\TEMP\\pt-2026-003-invoke-wmi-positive.txt\"\r\nCommandInvocation(Select-Object): \"Select-Object\"\r\nParameterBinding(Select-Object): name=\"Property\"; value=\"FullName, Length, LastWriteTime\"\r\nCommandInvocation(Format-List): \"Format-List\"\r\nParameterBinding(Select-Object): name=\"InputObject\"; value=\"C:\\WINDOWS\\TEMP\\pt-2026-003-invoke-wmi-positive.txt\"\r\nParameterBinding(Format-List): name=\"InputObject\"; value=\"@{FullName=C:\\WINDOWS\\TEMP\\pt-2026-003-invoke-wmi-positive.txt; Length=24; LastWriteTime=7/18/2026 6:21:51 AM}\"\r\n</Data></EventData></Event>"
      },
      {
        "_time": "2026-07-18 13:21:54.000 UTC",
        "host": "VICTIM-MAYURI",
        "source": "WinEventLog:Microsoft-Windows-PowerShell/Operational",
        "sourcetype": "XmlWinEventLog:Microsoft-Windows-PowerShell/Operational",
        "_raw": "<Event xmlns='http://schemas.microsoft.com/win/2004/08/events/event'><System><Provider Name='Microsoft-Windows-PowerShell' Guid='{a0c1853b-5c40-4b15-8766-3cf1c58f985a}'/><EventID>4103</EventID><Version>1</Version><Level>4</Level><Task>106</Task><Opcode>20</Opcode><Keywords>0x0</Keywords><TimeCreated SystemTime='2026-07-18T13:21:54.3354523Z'/><EventRecordID>56516</EventRecordID><Correlation ActivityID='{395f3f0e-15fa-0001-848f-6839fa15dd01}'/><Execution ProcessID='3840' ThreadID='3516'/><Channel>Microsoft-Windows-PowerShell/Operational</Channel><Computer>VICTIM-MAYURI.mayuri.lab</Computer><Security UserID='S-1-5-18'/></System><EventData><Data Name='ContextInfo'>        Severity = Informational\r\n        Host Name = ConsoleHost\r\n        Host Version = 5.1.26100.8875\r\n        Host ID = b5710ca5-24bb-4829-b586-ecb0644a3612\r\n        Host Application = powershell.exe -NoProfile -ExecutionPolicy Bypass -Command $marker = Join-Path $env:TEMP \"pt-2026-003-invoke-wmi-positive.txt\"; if (Test-Path $marker) { Remove-Item $marker -Force }; Invoke-WmiMethod -Path Win32_Process -Name Create -ArgumentList \"cmd.exe /c echo PT-2026-003-INVOKE-WMI&gt;%TEMP%\\pt-2026-003-invoke-wmi-positive.txt\" | Out-Null; Start-Sleep -Seconds 3; Get-Item $marker | Select-Object FullName,Length,LastWriteTime | Format-List\r\n        Engine Version = 5.1.26100.8875\r\n        Runspace ID = 2b8c104e-769f-4b77-8800-60e4af4b04ec\r\n        Pipeline ID = 1\r\n        Command Name = Start-Sleep\r\n        Command Type = Cmdlet\r\n        Script Name = \r\n        Command Path = \r\n        Sequence Number = 38\r\n        User = MAYURI\\SYSTEM\r\n        Connected User = \r\n        Shell ID = Microsoft.PowerShell\r\n</Data><Data Name='UserData'></Data><Data Name='Payload'>CommandInvocation(Start-Sleep): \"Start-Sleep\"\r\nParameterBinding(Start-Sleep): name=\"Seconds\"; value=\"3\"\r\n</Data></EventData></Event>"
      },
      {
        "_time": "2026-07-18 13:21:51.000 UTC",
        "host": "VICTIM-MAYURI",
        "source": "WinEventLog:Microsoft-Windows-PowerShell/Operational",
        "sourcetype": "XmlWinEventLog:Microsoft-Windows-PowerShell/Operational",
        "_raw": "<Event xmlns='http://schemas.microsoft.com/win/2004/08/events/event'><System><Provider Name='Microsoft-Windows-PowerShell' Guid='{a0c1853b-5c40-4b15-8766-3cf1c58f985a}'/><EventID>4103</EventID><Version>1</Version><Level>4</Level><Task>106</Task><Opcode>20</Opcode><Keywords>0x0</Keywords><TimeCreated SystemTime='2026-07-18T13:21:51.2816386Z'/><EventRecordID>56515</EventRecordID><Correlation ActivityID='{395f3f0e-15fa-0000-c909-7c39fa15dd01}'/><Execution ProcessID='3840' ThreadID='3516'/><Channel>Microsoft-Windows-PowerShell/Operational</Channel><Computer>VICTIM-MAYURI.mayuri.lab</Computer><Security UserID='S-1-5-18'/></System><EventData><Data Name='ContextInfo'>        Severity = Informational\r\n        Host Name = ConsoleHost\r\n        Host Version = 5.1.26100.8875\r\n        Host ID = b5710ca5-24bb-4829-b586-ecb0644a3612\r\n        Host Application = powershell.exe -NoProfile -ExecutionPolicy Bypass -Command $marker = Join-Path $env:TEMP \"pt-2026-003-invoke-wmi-positive.txt\"; if (Test-Path $marker) { Remove-Item $marker -Force }; Invoke-WmiMethod -Path Win32_Process -Name Create -ArgumentList \"cmd.exe /c echo PT-2026-003-INVOKE-WMI&gt;%TEMP%\\pt-2026-003-invoke-wmi-positive.txt\" | Out-Null; Start-Sleep -Seconds 3; Get-Item $marker | Select-Object FullName,Length,LastWriteTime | Format-List\r\n        Engine Version = 5.1.26100.8875\r\n        Runspace ID = 2b8c104e-769f-4b77-8800-60e4af4b04ec\r\n        Pipeline ID = 1\r\n        Command Name = Invoke-WmiMethod\r\n        Command Type = Cmdlet\r\n        Script Name = \r\n        Command Path = \r\n        Sequence Number = 32\r\n        User = MAYURI\\SYSTEM\r\n        Connected User = \r\n        Shell ID = Microsoft.PowerShell\r\n</Data><Data Name='UserData'></Data><Data Name='Payload'>CommandInvocation(Invoke-WmiMethod): \"Invoke-WmiMethod\"\r\nParameterBinding(Invoke-WmiMethod): name=\"Path\"; value=\"Win32_Process\"\r\nParameterBinding(Invoke-WmiMethod): name=\"Name\"; value=\"Create\"\r\nParameterBinding(Invoke-WmiMethod): name=\"ArgumentList\"; value=\"cmd.exe /c echo PT-2026-003-INVOKE-WMI&gt;%TEMP%\\pt-2026-003-invoke-wmi-positive.txt\"\r\nCommandInvocation(Out-Null): \"Out-Null\"\r\nParameterBinding(Out-Null): name=\"InputObject\"; value=\"System.Management.ManagementBaseObject\"\r\n</Data></EventData></Event>"
      },
      {
        "_time": "2026-07-18 13:21:51.000 UTC",
        "host": "VICTIM-MAYURI",
        "source": "WinEventLog:Microsoft-Windows-PowerShell/Operational",
        "sourcetype": "XmlWinEventLog:Microsoft-Windows-PowerShell/Operational",
        "_raw": "<Event xmlns='http://schemas.microsoft.com/win/2004/08/events/event'><System><Provider Name='Microsoft-Windows-PowerShell' Guid='{a0c1853b-5c40-4b15-8766-3cf1c58f985a}'/><EventID>4103</EventID><Version>1</Version><Level>4</Level><Task>106</Task><Opcode>20</Opcode><Keywords>0x0</Keywords><TimeCreated SystemTime='2026-07-18T13:21:51.2238752Z'/><EventRecordID>56514</EventRecordID><Correlation ActivityID='{395f3f0e-15fa-0000-c709-7c39fa15dd01}'/><Execution ProcessID='3840' ThreadID='3516'/><Channel>Microsoft-Windows-PowerShell/Operational</Channel><Computer>VICTIM-MAYURI.mayuri.lab</Computer><Security UserID='S-1-5-18'/></System><EventData><Data Name='ContextInfo'>        Severity = Informational\r\n        Host Name = ConsoleHost\r\n        Host Version = 5.1.26100.8875\r\n        Host ID = b5710ca5-24bb-4829-b586-ecb0644a3612\r\n        Host Application = powershell.exe -NoProfile -ExecutionPolicy Bypass -Command $marker = Join-Path $env:TEMP \"pt-2026-003-invoke-wmi-positive.txt\"; if (Test-Path $marker) { Remove-Item $marker -Force }; Invoke-WmiMethod -Path Win32_Process -Name Create -ArgumentList \"cmd.exe /c echo PT-2026-003-INVOKE-WMI&gt;%TEMP%\\pt-2026-003-invoke-wmi-positive.txt\" | Out-Null; Start-Sleep -Seconds 3; Get-Item $marker | Select-Object FullName,Length,LastWriteTime | Format-List\r\n        Engine Version = 5.1.26100.8875\r\n        Runspace ID = 2b8c104e-769f-4b77-8800-60e4af4b04ec\r\n        Pipeline ID = 1\r\n        Command Name = Test-Path\r\n        Command Type = Cmdlet\r\n        Script Name = \r\n        Command Path = \r\n        Sequence Number = 26\r\n        User = MAYURI\\SYSTEM\r\n        Connected User = \r\n        Shell ID = Microsoft.PowerShell\r\n</Data><Data Name='UserData'></Data><Data Name='Payload'>CommandInvocation(Test-Path): \"Test-Path\"\r\nParameterBinding(Test-Path): name=\"Path\"; value=\"C:\\WINDOWS\\TEMP\\pt-2026-003-invoke-wmi-positive.txt\"\r\n</Data></EventData></Event>"
      },
      {
        "_time": "2026-07-18 13:21:51.000 UTC",
        "host": "VICTIM-MAYURI",
        "source": "WinEventLog:Microsoft-Windows-PowerShell/Operational",
        "sourcetype": "XmlWinEventLog:Microsoft-Windows-PowerShell/Operational",
        "_raw": "<Event xmlns='http://schemas.microsoft.com/win/2004/08/events/event'><System><Provider Name='Microsoft-Windows-PowerShell' Guid='{a0c1853b-5c40-4b15-8766-3cf1c58f985a}'/><EventID>4103</EventID><Version>1</Version><Level>4</Level><Task>106</Task><Opcode>20</Opcode><Keywords>0x0</Keywords><TimeCreated SystemTime='2026-07-18T13:21:51.2223492Z'/><EventRecordID>56513</EventRecordID><Correlation ActivityID='{395f3f0e-15fa-0000-c609-7c39fa15dd01}'/><Execution ProcessID='3840' ThreadID='3516'/><Channel>Microsoft-Windows-PowerShell/Operational</Channel><Computer>VICTIM-MAYURI.mayuri.lab</Computer><Security UserID='S-1-5-18'/></System><EventData><Data Name='ContextInfo'>        Severity = Informational\r\n        Host Name = ConsoleHost\r\n        Host Version = 5.1.26100.8875\r\n        Host ID = b5710ca5-24bb-4829-b586-ecb0644a3612\r\n        Host Application = powershell.exe -NoProfile -ExecutionPolicy Bypass -Command $marker = Join-Path $env:TEMP \"pt-2026-003-invoke-wmi-positive.txt\"; if (Test-Path $marker) { Remove-Item $marker -Force }; Invoke-WmiMethod -Path Win32_Process -Name Create -ArgumentList \"cmd.exe /c echo PT-2026-003-INVOKE-WMI&gt;%TEMP%\\pt-2026-003-invoke-wmi-positive.txt\" | Out-Null; Start-Sleep -Seconds 3; Get-Item $marker | Select-Object FullName,Length,LastWriteTime | Format-List\r\n        Engine Version = 5.1.26100.8875\r\n        Runspace ID = 2b8c104e-769f-4b77-8800-60e4af4b04ec\r\n        Pipeline ID = 1\r\n        Command Name = Join-Path\r\n        Command Type = Cmdlet\r\n        Script Name = \r\n        Command Path = \r\n        Sequence Number = 22\r\n        User = MAYURI\\SYSTEM\r\n        Connected User = \r\n        Shell ID = Microsoft.PowerShell\r\n</Data><Data Name='UserData'></Data><Data Name='Payload'>CommandInvocation(Join-Path): \"Join-Path\"\r\nParameterBinding(Join-Path): name=\"Path\"; value=\"C:\\WINDOWS\\TEMP\"\r\nParameterBinding(Join-Path): name=\"ChildPath\"; value=\"pt-2026-003-invoke-wmi-positive.txt\"\r\n</Data></EventData></Event>"
      },
      {
        "_time": "2026-07-18 13:21:51.000 UTC",
        "host": "VICTIM-MAYURI",
        "source": "WinEventLog:Microsoft-Windows-PowerShell/Operational",
        "sourcetype": "XmlWinEventLog:Microsoft-Windows-PowerShell/Operational",
        "_raw": "<Event xmlns='http://schemas.microsoft.com/win/2004/08/events/event'><System><Provider Name='Microsoft-Windows-PowerShell' Guid='{a0c1853b-5c40-4b15-8766-3cf1c58f985a}'/><EventID>4104</EventID><Version>1</Version><Level>5</Level><Task>2</Task><Opcode>15</Opcode><Keywords>0x0</Keywords><TimeCreated SystemTime='2026-07-18T13:21:51.1665877Z'/><EventRecordID>56512</EventRecordID><Correlation ActivityID='{395f3f0e-15fa-0003-d8de-7e39fa15dd01}'/><Execution ProcessID='3840' ThreadID='3516'/><Channel>Microsoft-Windows-PowerShell/Operational</Channel><Computer>VICTIM-MAYURI.mayuri.lab</Computer><Security UserID='S-1-5-18'/></System><EventData><Data Name='MessageNumber'>1</Data><Data Name='MessageTotal'>1</Data><Data Name='ScriptBlockText'>$marker = Join-Path $env:TEMP \"pt-2026-003-invoke-wmi-positive.txt\"; if (Test-Path $marker) { Remove-Item $marker -Force }; Invoke-WmiMethod -Path Win32_Process -Name Create -ArgumentList \"cmd.exe /c echo PT-2026-003-INVOKE-WMI&gt;%TEMP%\\pt-2026-003-invoke-wmi-positive.txt\" | Out-Null; Start-Sleep -Seconds 3; Get-Item $marker | Select-Object FullName,Length,LastWriteTime | Format-List</Data><Data Name='ScriptBlockId'>80f3744d-dc36-4e84-b299-db494855d6df</Data><Data Name='Path'></Data></EventData></Event>"
      }
    ],
    "detection_fired": true,
    "marker_found": true,
    "detection_latency_seconds": "uncomputed-search-window"
  },
  "negatives": [
    {
      "start_time_utc": "2026-07-18T13:22:03.491383Z",
      "end_time_utc": "2026-07-18T13:22:05.759802Z",
      "exec_output": "{\n   \"exitcode\" : 0,\n   \"exited\" : 1,\n   \"out-data\" : \"\\r\\n\\r\\nCaption : Microsoft Windows 11 Pro\\r\\nVersion : 10.0.26200\\r\\n\\r\\n\\r\\n\\r\\n\"\n}\n",
      "detection_results": [],
      "marker_results": [],
      "detection_fired": false,
      "marker_found": null,
      "detection_latency_seconds": null
    },
    {
      "start_time_utc": "2026-07-18T13:22:13.277535Z",
      "end_time_utc": "2026-07-18T13:22:15.458198Z",
      "exec_output": "{\n   \"exitcode\" : 0,\n   \"exited\" : 1,\n   \"out-data\" : \"\\r\\n\\r\\nName      : Spooler\\r\\nState     : Running\\r\\nStartMode : Auto\\r\\n\\r\\n\\r\\n\\r\\n\"\n}\n",
      "detection_results": [],
      "marker_results": [],
      "detection_fired": false,
      "marker_found": null,
      "detection_latency_seconds": null
    },
    {
      "start_time_utc": "2026-07-18T13:22:22.891240Z",
      "end_time_utc": "2026-07-18T13:22:25.092787Z",
      "exec_output": "{\n   \"exitcode\" : 0,\n   \"exited\" : 1,\n   \"out-data\" : \"\\r\\n\\r\\nCSName  : VICTIM-MAYURI\\r\\nCaption : Microsoft Windows 11 Pro\\r\\nVersion : 10.0.26200\\r\\n\\r\\n\\r\\n\\r\\n\"\n}\n",
      "detection_results": [],
      "marker_results": [],
      "detection_fired": false,
      "marker_found": null,
      "detection_latency_seconds": null
    }
  ],
  "cleanup": {
    "start_time_utc": "2026-07-18T13:22:31.596523Z",
    "end_time_utc": "2026-07-18T13:22:33.795147Z",
    "exec_output": "{\n   \"exitcode\" : 0,\n   \"exited\" : 1,\n   \"out-data\" : \"cleanup complete\\r\\n\"\n}\n"
  }
}
